2023-07-13 09:29:18.264 [main] INFO  jp.co.iris.global.CPApplication - Starting CPApplication on D5564 with PID 17032 (\\SVRV14\ShareData\zhang\CP\target\classes started by c03822 in \\SVRV14\ShareData\zhang\CP)
2023-07-13 09:29:18.268 [main] INFO  jp.co.iris.global.CPApplication - No active profile set, falling back to default profiles: default
2023-07-13 09:29:18.392 [main] INFO  o.s.b.w.s.c.AnnotationConfigServletWebServerApplicationContext - Refreshing org.springframework.boot.web.servlet.context.AnnotationConfigServletWebServerApplicationContext@7997b197: startup date [Thu Jul 13 09:29:18 JST 2023]; root of context hierarchy
2023-07-13 09:29:21.692 [main] INFO  o.s.b.f.a.AutowiredAnnotationBeanPostProcessor - JSR-330 'javax.inject.Inject' annotation found and supported for autowiring
2023-07-13 09:29:24.361 [main] INFO  o.s.boot.web.embedded.tomcat.TomcatWebServer - Tomcat initialized with port(s): 8080 (http)
2023-07-13 09:29:24.425 [main] INFO  org.apache.coyote.http11.Http11NioProtocol - Initializing ProtocolHandler ["http-nio-8080"]
2023-07-13 09:29:24.470 [main] INFO  org.apache.catalina.core.StandardService - Starting service [Tomcat]
2023-07-13 09:29:24.471 [main] INFO  org.apache.catalina.core.StandardEngine - Starting Servlet Engine: Apache Tomcat/8.5.34
2023-07-13 09:29:24.512 [localhost-startStop-1] INFO  org.apache.catalina.core.AprLifecycleListener - The APR based Apache Tomcat Native library which allows optimal performance in production environments was not found on the java.library.path: [C:\Java\jdk-11.0.6\bin;C:\Windows\Sun\Java\bin;C:\Windows\system32;C:\Windows;D:/sts-4.18.1.RELEASE//plugins/org.eclipse.justj.openjdk.hotspot.jre.full.win32.x86_64_17.0.7.v20230425-1502/jre/bin/server;D:/sts-4.18.1.RELEASE//plugins/org.eclipse.justj.openjdk.hotspot.jre.full.win32.x86_64_17.0.7.v20230425-1502/jre/bin;C:\Windows\system32;C:\Windows;C:\Windows\System32\Wbem;C:\Windows\System32\WindowsPowerShell\v1.0\;C:\Windows\System32\OpenSSH\;C:\Program Files (x86)\NVIDIA Corporation\PhysX\Common;C:\Program Files\NVIDIA Corporation\NVIDIA NvDLISR;C:\Program Files (x86)\Microsoft SQL Server\150\DTS\Binn\;C:\Java\jdk-11.0.6\bin;C:\Java\jdk-11.0.6\jre\bin;D:\zhang\apache-maven-3.5.3\bin;C:\Users\C03822\AppData\Local\Microsoft\WindowsApps;;D:\sts-4.18.1.RELEASE;;.]
2023-07-13 09:29:25.148 [localhost-startStop-1] INFO  org.apache.jasper.servlet.TldScanner - At least one JAR was scanned for TLDs yet contained no TLDs. Enable debug logging for this logger for a complete list of JARs that were scanned but no TLDs were found in them. Skipping unneeded JARs during scanning can improve startup time and JSP compilation time.
2023-07-13 09:29:25.169 [localhost-startStop-1] INFO  o.a.c.c.ContainerBase.[Tomcat].[localhost].[/CP] - Initializing Spring embedded WebApplicationContext
2023-07-13 09:29:25.174 [localhost-startStop-1] INFO  org.springframework.web.context.ContextLoader - Root WebApplicationContext: initialization completed in 6782 ms
2023-07-13 09:29:25.502 [localhost-startStop-1] INFO  o.s.boot.web.servlet.ServletRegistrationBean - Servlet dispatcherServlet mapped to [/]
2023-07-13 09:29:25.520 [localhost-startStop-1] INFO  o.s.boot.web.servlet.FilterRegistrationBean - Mapping filter: 'characterEncodingFilter' to: [/*]
2023-07-13 09:29:25.521 [localhost-startStop-1] INFO  o.s.boot.web.servlet.FilterRegistrationBean - Mapping filter: 'hiddenHttpMethodFilter' to: [/*]
2023-07-13 09:29:25.522 [localhost-startStop-1] INFO  o.s.boot.web.servlet.FilterRegistrationBean - Mapping filter: 'httpPutFormContentFilter' to: [/*]
2023-07-13 09:29:25.527 [localhost-startStop-1] INFO  o.s.boot.web.servlet.FilterRegistrationBean - Mapping filter: 'requestContextFilter' to: [/*]
2023-07-13 09:29:25.527 [localhost-startStop-1] INFO  o.s.boot.web.servlet.FilterRegistrationBean - Mapping filter: 'resourceUrlEncodingFilter' to: [/*]
2023-07-13 09:29:26.101 [main] INFO  com.zaxxer.hikari.HikariDataSource - HikariPool-1 - Starting...
2023-07-13 09:29:27.612 [main] INFO  com.zaxxer.hikari.HikariDataSource - HikariPool-1 - Start completed.
2023-07-13 09:29:29.347 [main] INFO  o.s.web.servlet.handler.SimpleUrlHandlerMapping - Mapped URL path [/**/favicon.ico] onto handler of type [class org.springframework.web.servlet.resource.ResourceHttpRequestHandler]
2023-07-13 09:29:29.977 [main] INFO  o.s.w.s.m.m.a.RequestMappingHandlerAdapter - Looking for @ControllerAdvice: org.springframework.boot.web.servlet.context.AnnotationConfigServletWebServerApplicationContext@7997b197: startup date [Thu Jul 13 09:29:18 JST 2023]; root of context hierarchy
2023-07-13 09:29:30.292 [main] INFO  o.s.w.s.m.m.a.RequestMappingHandlerMapping - Mapped "{[/CP100],methods=[GET]}" onto public org.springframework.web.servlet.ModelAndView jp.co.iris.global.controller.CP100Controller.getViewsInfo(org.springframework.web.servlet.ModelAndView)
2023-07-13 09:29:30.296 [main] INFO  o.s.w.s.m.m.a.RequestMappingHandlerMapping - Mapped "{[/CP100/authentication],methods=[GET]}" onto public org.springframework.web.servlet.ModelAndView jp.co.iris.global.controller.CP100Controller.authentication(java.lang.String,org.springframework.web.servlet.ModelAndView)
2023-07-13 09:29:30.298 [main] INFO  o.s.w.s.m.m.a.RequestMappingHandlerMapping - Mapped "{[/CP100/azPlazaSearch],methods=[GET]}" onto public java.util.Map<java.lang.String, java.util.List<jp.co.iris.global.bean.CP10007Bean>> jp.co.iris.global.controller.CP100Controller.azSearch(java.lang.String,java.lang.String)
2023-07-13 09:29:30.299 [main] INFO  o.s.w.s.m.m.a.RequestMappingHandlerMapping - Mapped "{[/CP100/csSearch],methods=[GET]}" onto public java.util.List<jp.co.iris.global.bean.CP100CsBindBean> jp.co.iris.global.controller.CP100Controller.csSearch(java.lang.String,java.lang.String)
2023-07-13 09:29:30.302 [main] INFO  o.s.w.s.m.m.a.RequestMappingHandlerMapping - Mapped "{[/CP100/cpSearch],methods=[GET]}" onto public java.util.List<jp.co.iris.global.bean.CP10001Bean> jp.co.iris.global.controller.CP100Controller.cpSearch(java.lang.String)
2023-07-13 09:29:30.302 [main] INFO  o.s.w.s.m.m.a.RequestMappingHandlerMapping - Mapped "{[/CP100/asSearch],methods=[GET]}" onto public java.util.List<jp.co.iris.global.bean.CP100AsBindBean> jp.co.iris.global.controller.CP100Controller.asSearch(java.lang.String,java.lang.String)
2023-07-13 09:29:30.319 [main] INFO  o.s.w.s.m.m.a.RequestMappingHandlerMapping - Mapped "{[/error]}" onto public org.springframework.http.ResponseEntity<java.util.Map<java.lang.String, java.lang.Object>> org.springframework.boot.autoconfigure.web.servlet.error.BasicErrorController.error(javax.servlet.http.HttpServletRequest)
2023-07-13 09:29:30.320 [main] INFO  o.s.w.s.m.m.a.RequestMappingHandlerMapping - Mapped "{[/error],produces=[text/html]}" onto public org.springframework.web.servlet.ModelAndView org.springframework.boot.autoconfigure.web.servlet.error.BasicErrorController.errorHtml(javax.servlet.http.HttpServletRequest,javax.servlet.http.HttpServletResponse)
2023-07-13 09:29:30.540 [main] INFO  o.s.web.servlet.handler.SimpleUrlHandlerMapping - Mapped URL path [/webjars/**] onto handler of type [class org.springframework.web.servlet.resource.ResourceHttpRequestHandler]
2023-07-13 09:29:30.541 [main] INFO  o.s.web.servlet.handler.SimpleUrlHandlerMapping - Mapped URL path [/**] onto handler of type [class org.springframework.web.servlet.resource.ResourceHttpRequestHandler]
2023-07-13 09:29:30.599 [main] INFO  o.s.w.s.m.m.a.ExceptionHandlerExceptionResolver - Detected @ExceptionHandler methods in globalExceptionHandler
2023-07-13 09:29:31.658 [main] INFO  o.s.jmx.export.annotation.AnnotationMBeanExporter - Registering beans for JMX exposure on startup
2023-07-13 09:29:31.662 [main] INFO  o.s.jmx.export.annotation.AnnotationMBeanExporter - Bean with name 'svr015' has been autodetected for JMX exposure
2023-07-13 09:29:31.664 [main] INFO  o.s.jmx.export.annotation.AnnotationMBeanExporter - Bean with name 'svr820' has been autodetected for JMX exposure
2023-07-13 09:29:31.674 [main] INFO  o.s.jmx.export.annotation.AnnotationMBeanExporter - Located MBean 'svr015': registering with JMX server as MBean [com.zaxxer.hikari:name=svr015,type=HikariDataSource]
2023-07-13 09:29:31.677 [main] INFO  o.s.jmx.export.annotation.AnnotationMBeanExporter - Located MBean 'svr820': registering with JMX server as MBean [com.zaxxer.hikari:name=svr820,type=HikariDataSource]
2023-07-13 09:29:31.707 [main] INFO  org.apache.coyote.http11.Http11NioProtocol - Starting ProtocolHandler ["http-nio-8080"]
2023-07-13 09:29:31.758 [main] INFO  org.apache.tomcat.util.net.NioSelectorPool - Using a shared selector for servlet write/read
2023-07-13 09:29:31.846 [main] INFO  o.s.boot.web.embedded.tomcat.TomcatWebServer - Tomcat started on port(s): 8080 (http) with context path '/CP'
2023-07-13 09:29:31.859 [main] INFO  jp.co.iris.global.CPApplication - Started CPApplication in 14.743 seconds (JVM running for 16.128)
2023-07-13 09:29:35.429 [http-nio-8080-exec-1] INFO  o.a.c.c.ContainerBase.[Tomcat].[localhost].[/CP] - Initializing Spring FrameworkServlet 'dispatcherServlet'
2023-07-13 09:29:35.431 [http-nio-8080-exec-1] INFO  org.springframework.web.servlet.DispatcherServlet - FrameworkServlet 'dispatcherServlet': initialization started
2023-07-13 09:29:35.538 [http-nio-8080-exec-1] INFO  org.springframework.web.servlet.DispatcherServlet - FrameworkServlet 'dispatcherServlet': initialization completed in 104 ms
2023-07-13 09:29:41.378 [http-nio-8080-exec-2] INFO  jp.co.iris.global.utils.LogUtils - IP Address 0:0:0:0:0:0:0:1 : jp.co.iris.global.utils.HttpUtils : post : 39 : HttpUtils post url: http://svr601/authentication.php
2023-07-13 09:29:54.664 [http-nio-8080-exec-7] INFO  com.zaxxer.hikari.HikariDataSource - HikariPool-2 - Starting...
2023-07-13 09:29:55.699 [http-nio-8080-exec-7] INFO  com.zaxxer.hikari.HikariDataSource - HikariPool-2 - Start completed.
2023-07-13 09:29:56.724 [http-nio-8080-exec-7] INFO  com.zaxxer.hikari.HikariDataSource - HikariPool-3 - Starting...
2023-07-13 09:29:58.232 [http-nio-8080-exec-7] INFO  com.zaxxer.hikari.HikariDataSource - HikariPool-3 - Start completed.
2023-07-13 12:11:10.606 [RMI TCP Connection(181)-127.0.0.1] INFO  o.s.b.a.SpringApplicationAdminMXBeanRegistrar$SpringApplicationAdmin - Application shutdown requested.
2023-07-13 12:11:10.611 [RMI TCP Connection(181)-127.0.0.1] INFO  o.s.b.w.s.c.AnnotationConfigServletWebServerApplicationContext - Closing org.springframework.boot.web.servlet.context.AnnotationConfigServletWebServerApplicationContext@7997b197: startup date [Thu Jul 13 09:29:18 JST 2023]; root of context hierarchy
2023-07-13 12:11:10.623 [RMI TCP Connection(181)-127.0.0.1] INFO  o.s.jmx.export.annotation.AnnotationMBeanExporter - Unregistering JMX-exposed beans on shutdown
2023-07-13 12:11:10.624 [RMI TCP Connection(181)-127.0.0.1] INFO  o.s.jmx.export.annotation.AnnotationMBeanExporter - Unregistering JMX-exposed beans
2023-07-13 12:11:10.629 [RMI TCP Connection(181)-127.0.0.1] INFO  com.zaxxer.hikari.HikariDataSource - HikariPool-1 - Shutdown initiated...
2023-07-13 12:11:10.644 [RMI TCP Connection(181)-127.0.0.1] INFO  com.zaxxer.hikari.HikariDataSource - HikariPool-1 - Shutdown completed.
2023-07-13 12:29:17.163 [main] INFO  jp.co.iris.global.CPApplication - Starting CPApplication on D5564 with PID 1324 (\\SVRV14\ShareData\zhang\CP\target\classes started by c03822 in \\SVRV14\ShareData\zhang\CP)
2023-07-13 12:29:17.166 [main] INFO  jp.co.iris.global.CPApplication - No active profile set, falling back to default profiles: default
2023-07-13 12:29:17.276 [main] INFO  o.s.b.w.s.c.AnnotationConfigServletWebServerApplicationContext - Refreshing org.springframework.boot.web.servlet.context.AnnotationConfigServletWebServerApplicationContext@11acdc30: startup date [Thu Jul 13 12:29:17 JST 2023]; root of context hierarchy
2023-07-13 12:29:19.770 [main] INFO  o.s.b.f.a.AutowiredAnnotationBeanPostProcessor - JSR-330 'javax.inject.Inject' annotation found and supported for autowiring
2023-07-13 12:29:21.524 [main] INFO  o.s.boot.web.embedded.tomcat.TomcatWebServer - Tomcat initialized with port(s): 8080 (http)
2023-07-13 12:29:21.565 [main] INFO  org.apache.coyote.http11.Http11NioProtocol - Initializing ProtocolHandler ["http-nio-8080"]
2023-07-13 12:29:21.601 [main] INFO  org.apache.catalina.core.StandardService - Starting service [Tomcat]
2023-07-13 12:29:21.602 [main] INFO  org.apache.catalina.core.StandardEngine - Starting Servlet Engine: Apache Tomcat/8.5.34
2023-07-13 12:29:21.631 [localhost-startStop-1] INFO  org.apache.catalina.core.AprLifecycleListener - The APR based Apache Tomcat Native library which allows optimal performance in production environments was not found on the java.library.path: [C:\Java\jdk-11.0.6\bin;C:\Windows\Sun\Java\bin;C:\Windows\system32;C:\Windows;D:/sts-4.18.1.RELEASE//plugins/org.eclipse.justj.openjdk.hotspot.jre.full.win32.x86_64_17.0.7.v20230425-1502/jre/bin/server;D:/sts-4.18.1.RELEASE//plugins/org.eclipse.justj.openjdk.hotspot.jre.full.win32.x86_64_17.0.7.v20230425-1502/jre/bin;C:\Windows\system32;C:\Windows;C:\Windows\System32\Wbem;C:\Windows\System32\WindowsPowerShell\v1.0\;C:\Windows\System32\OpenSSH\;C:\Program Files (x86)\NVIDIA Corporation\PhysX\Common;C:\Program Files\NVIDIA Corporation\NVIDIA NvDLISR;C:\Program Files (x86)\Microsoft SQL Server\150\DTS\Binn\;C:\Java\jdk-11.0.6\bin;C:\Java\jdk-11.0.6\jre\bin;D:\zhang\apache-maven-3.5.3\bin;C:\Users\C03822\AppData\Local\Microsoft\WindowsApps;;D:\sts-4.18.1.RELEASE;;.]
2023-07-13 12:29:22.250 [localhost-startStop-1] INFO  org.apache.jasper.servlet.TldScanner - At least one JAR was scanned for TLDs yet contained no TLDs. Enable debug logging for this logger for a complete list of JARs that were scanned but no TLDs were found in them. Skipping unneeded JARs during scanning can improve startup time and JSP compilation time.
2023-07-13 12:29:22.263 [localhost-startStop-1] INFO  o.a.c.c.ContainerBase.[Tomcat].[localhost].[/CP] - Initializing Spring embedded WebApplicationContext
2023-07-13 12:29:22.264 [localhost-startStop-1] INFO  org.springframework.web.context.ContextLoader - Root WebApplicationContext: initialization completed in 4988 ms
2023-07-13 12:29:22.501 [localhost-startStop-1] INFO  o.s.boot.web.servlet.ServletRegistrationBean - Servlet dispatcherServlet mapped to [/]
2023-07-13 12:29:22.515 [localhost-startStop-1] INFO  o.s.boot.web.servlet.FilterRegistrationBean - Mapping filter: 'characterEncodingFilter' to: [/*]
2023-07-13 12:29:22.516 [localhost-startStop-1] INFO  o.s.boot.web.servlet.FilterRegistrationBean - Mapping filter: 'hiddenHttpMethodFilter' to: [/*]
2023-07-13 12:29:22.517 [localhost-startStop-1] INFO  o.s.boot.web.servlet.FilterRegistrationBean - Mapping filter: 'httpPutFormContentFilter' to: [/*]
2023-07-13 12:29:22.519 [localhost-startStop-1] INFO  o.s.boot.web.servlet.FilterRegistrationBean - Mapping filter: 'requestContextFilter' to: [/*]
2023-07-13 12:29:22.520 [localhost-startStop-1] INFO  o.s.boot.web.servlet.FilterRegistrationBean - Mapping filter: 'resourceUrlEncodingFilter' to: [/*]
2023-07-13 12:29:22.939 [main] INFO  com.zaxxer.hikari.HikariDataSource - HikariPool-1 - Starting...
2023-07-13 12:29:24.353 [main] INFO  com.zaxxer.hikari.HikariDataSource - HikariPool-1 - Start completed.
2023-07-13 12:29:25.295 [main] INFO  o.s.web.servlet.handler.SimpleUrlHandlerMapping - Mapped URL path [/**/favicon.ico] onto handler of type [class org.springframework.web.servlet.resource.ResourceHttpRequestHandler]
2023-07-13 12:29:25.733 [main] INFO  o.s.w.s.m.m.a.RequestMappingHandlerAdapter - Looking for @ControllerAdvice: org.springframework.boot.web.servlet.context.AnnotationConfigServletWebServerApplicationContext@11acdc30: startup date [Thu Jul 13 12:29:17 JST 2023]; root of context hierarchy
2023-07-13 12:29:25.936 [main] INFO  o.s.w.s.m.m.a.RequestMappingHandlerMapping - Mapped "{[/CP100/azPlazaSearch],methods=[GET]}" onto public java.util.Map<java.lang.String, java.util.List<jp.co.iris.global.bean.CP10007Bean>> jp.co.iris.global.controller.CP100Controller.azSearch(java.lang.String,java.lang.String)
2023-07-13 12:29:25.939 [main] INFO  o.s.w.s.m.m.a.RequestMappingHandlerMapping - Mapped "{[/CP100],methods=[GET]}" onto public org.springframework.web.servlet.ModelAndView jp.co.iris.global.controller.CP100Controller.getViewsInfo(org.springframework.web.servlet.ModelAndView)
2023-07-13 12:29:25.942 [main] INFO  o.s.w.s.m.m.a.RequestMappingHandlerMapping - Mapped "{[/CP100/authentication],methods=[GET]}" onto public org.springframework.web.servlet.ModelAndView jp.co.iris.global.controller.CP100Controller.authentication(java.lang.String,org.springframework.web.servlet.ModelAndView)
2023-07-13 12:29:25.942 [main] INFO  o.s.w.s.m.m.a.RequestMappingHandlerMapping - Mapped "{[/CP100/asSearch],methods=[GET]}" onto public java.util.List<jp.co.iris.global.bean.CP100AsBindBean> jp.co.iris.global.controller.CP100Controller.asSearch(java.lang.String,java.lang.String)
2023-07-13 12:29:25.945 [main] INFO  o.s.w.s.m.m.a.RequestMappingHandlerMapping - Mapped "{[/CP100/cpSearch],methods=[GET]}" onto public java.util.List<jp.co.iris.global.bean.CP10001Bean> jp.co.iris.global.controller.CP100Controller.cpSearch(java.lang.String)
2023-07-13 12:29:25.946 [main] INFO  o.s.w.s.m.m.a.RequestMappingHandlerMapping - Mapped "{[/CP100/csSearch],methods=[GET]}" onto public java.util.List<jp.co.iris.global.bean.CP100CsBindBean> jp.co.iris.global.controller.CP100Controller.csSearch(java.lang.String,java.lang.String)
2023-07-13 12:29:25.952 [main] INFO  o.s.w.s.m.m.a.RequestMappingHandlerMapping - Mapped "{[/error]}" onto public org.springframework.http.ResponseEntity<java.util.Map<java.lang.String, java.lang.Object>> org.springframework.boot.autoconfigure.web.servlet.error.BasicErrorController.error(javax.servlet.http.HttpServletRequest)
2023-07-13 12:29:25.953 [main] INFO  o.s.w.s.m.m.a.RequestMappingHandlerMapping - Mapped "{[/error],produces=[text/html]}" onto public org.springframework.web.servlet.ModelAndView org.springframework.boot.autoconfigure.web.servlet.error.BasicErrorController.errorHtml(javax.servlet.http.HttpServletRequest,javax.servlet.http.HttpServletResponse)
2023-07-13 12:29:26.037 [main] INFO  o.s.web.servlet.handler.SimpleUrlHandlerMapping - Mapped URL path [/webjars/**] onto handler of type [class org.springframework.web.servlet.resource.ResourceHttpRequestHandler]
2023-07-13 12:29:26.037 [main] INFO  o.s.web.servlet.handler.SimpleUrlHandlerMapping - Mapped URL path [/**] onto handler of type [class org.springframework.web.servlet.resource.ResourceHttpRequestHandler]
2023-07-13 12:29:26.064 [main] INFO  o.s.w.s.m.m.a.ExceptionHandlerExceptionResolver - Detected @ExceptionHandler methods in globalExceptionHandler
2023-07-13 12:29:26.713 [main] INFO  o.s.jmx.export.annotation.AnnotationMBeanExporter - Registering beans for JMX exposure on startup
2023-07-13 12:29:26.714 [main] INFO  o.s.jmx.export.annotation.AnnotationMBeanExporter - Bean with name 'svr015' has been autodetected for JMX exposure
2023-07-13 12:29:26.721 [main] INFO  o.s.jmx.export.annotation.AnnotationMBeanExporter - Located MBean 'svr015': registering with JMX server as MBean [com.zaxxer.hikari:name=svr015,type=HikariDataSource]
2023-07-13 12:29:26.735 [main] INFO  org.apache.coyote.http11.Http11NioProtocol - Starting ProtocolHandler ["http-nio-8080"]
2023-07-13 12:29:26.744 [main] INFO  org.apache.tomcat.util.net.NioSelectorPool - Using a shared selector for servlet write/read
2023-07-13 12:29:26.824 [main] INFO  o.s.boot.web.embedded.tomcat.TomcatWebServer - Tomcat started on port(s): 8080 (http) with context path '/CP'
2023-07-13 12:29:26.835 [main] INFO  jp.co.iris.global.CPApplication - Started CPApplication in 10.736 seconds (JVM running for 11.982)
2023-07-13 12:29:34.291 [http-nio-8080-exec-1] INFO  o.a.c.c.ContainerBase.[Tomcat].[localhost].[/CP] - Initializing Spring FrameworkServlet 'dispatcherServlet'
2023-07-13 12:29:34.294 [http-nio-8080-exec-1] INFO  org.springframework.web.servlet.DispatcherServlet - FrameworkServlet 'dispatcherServlet': initialization started
2023-07-13 12:29:34.349 [http-nio-8080-exec-1] INFO  org.springframework.web.servlet.DispatcherServlet - FrameworkServlet 'dispatcherServlet': initialization completed in 55 ms
2023-07-13 12:29:34.522 [http-nio-8080-exec-1] INFO  jp.co.iris.global.utils.LogUtils - IP Address 0:0:0:0:0:0:0:1 : jp.co.iris.global.utils.HttpUtils : post : 39 : HttpUtils post url: http://svr601/authentication.php
2023-07-13 12:29:50.335 [http-nio-8080-exec-8] INFO  com.zaxxer.hikari.HikariDataSource - HikariPool-2 - Starting...
2023-07-13 12:29:51.375 [http-nio-8080-exec-8] INFO  com.zaxxer.hikari.HikariDataSource - HikariPool-2 - Start completed.
2023-07-13 12:29:51.758 [http-nio-8080-exec-8] INFO  com.zaxxer.hikari.HikariDataSource - HikariPool-3 - Starting...
2023-07-13 12:29:52.819 [http-nio-8080-exec-8] INFO  com.zaxxer.hikari.HikariDataSource - HikariPool-3 - Start completed.
2023-07-13 12:31:01.356 [RMI TCP Connection(12)-127.0.0.1] INFO  o.s.b.a.SpringApplicationAdminMXBeanRegistrar$SpringApplicationAdmin - Application shutdown requested.
2023-07-13 12:31:01.358 [RMI TCP Connection(12)-127.0.0.1] INFO  o.s.b.w.s.c.AnnotationConfigServletWebServerApplicationContext - Closing org.springframework.boot.web.servlet.context.AnnotationConfigServletWebServerApplicationContext@11acdc30: startup date [Thu Jul 13 12:29:17 JST 2023]; root of context hierarchy
2023-07-13 12:31:01.363 [RMI TCP Connection(12)-127.0.0.1] INFO  o.s.jmx.export.annotation.AnnotationMBeanExporter - Unregistering JMX-exposed beans on shutdown
2023-07-13 12:31:01.364 [RMI TCP Connection(12)-127.0.0.1] INFO  o.s.jmx.export.annotation.AnnotationMBeanExporter - Unregistering JMX-exposed beans
2023-07-13 12:31:01.368 [RMI TCP Connection(12)-127.0.0.1] INFO  com.zaxxer.hikari.HikariDataSource - HikariPool-1 - Shutdown initiated...
2023-07-13 12:31:01.374 [RMI TCP Connection(12)-127.0.0.1] INFO  com.zaxxer.hikari.HikariDataSource - HikariPool-1 - Shutdown completed.
2023-07-13 12:39:49.113 [main] INFO  jp.co.iris.global.CPApplication - Starting CPApplication on D5564 with PID 12752 (\\SVRV14\ShareData\zhang\CP\target\classes started by c03822 in \\SVRV14\ShareData\zhang\CP)
2023-07-13 12:39:49.115 [main] INFO  jp.co.iris.global.CPApplication - No active profile set, falling back to default profiles: default
2023-07-13 12:39:49.221 [main] INFO  o.s.b.w.s.c.AnnotationConfigServletWebServerApplicationContext - Refreshing org.springframework.boot.web.servlet.context.AnnotationConfigServletWebServerApplicationContext@549621f3: startup date [Thu Jul 13 12:39:49 JST 2023]; root of context hierarchy
2023-07-13 12:39:51.700 [main] INFO  o.s.b.f.a.AutowiredAnnotationBeanPostProcessor - JSR-330 'javax.inject.Inject' annotation found and supported for autowiring
2023-07-13 12:39:54.126 [main] INFO  o.s.boot.web.embedded.tomcat.TomcatWebServer - Tomcat initialized with port(s): 8080 (http)
2023-07-13 12:39:54.192 [main] INFO  org.apache.coyote.http11.Http11NioProtocol - Initializing ProtocolHandler ["http-nio-8080"]
2023-07-13 12:39:54.239 [main] INFO  org.apache.catalina.core.StandardService - Starting service [Tomcat]
2023-07-13 12:39:54.239 [main] INFO  org.apache.catalina.core.StandardEngine - Starting Servlet Engine: Apache Tomcat/8.5.34
2023-07-13 12:39:54.281 [localhost-startStop-1] INFO  org.apache.catalina.core.AprLifecycleListener - The APR based Apache Tomcat Native library which allows optimal performance in production environments was not found on the java.library.path: [C:\Java\jdk-11.0.6\bin;C:\Windows\Sun\Java\bin;C:\Windows\system32;C:\Windows;D:/sts-4.18.1.RELEASE//plugins/org.eclipse.justj.openjdk.hotspot.jre.full.win32.x86_64_17.0.7.v20230425-1502/jre/bin/server;D:/sts-4.18.1.RELEASE//plugins/org.eclipse.justj.openjdk.hotspot.jre.full.win32.x86_64_17.0.7.v20230425-1502/jre/bin;C:\Windows\system32;C:\Windows;C:\Windows\System32\Wbem;C:\Windows\System32\WindowsPowerShell\v1.0\;C:\Windows\System32\OpenSSH\;C:\Program Files (x86)\NVIDIA Corporation\PhysX\Common;C:\Program Files\NVIDIA Corporation\NVIDIA NvDLISR;C:\Program Files (x86)\Microsoft SQL Server\150\DTS\Binn\;C:\Java\jdk-11.0.6\bin;C:\Java\jdk-11.0.6\jre\bin;D:\zhang\apache-maven-3.5.3\bin;C:\Users\C03822\AppData\Local\Microsoft\WindowsApps;;D:\sts-4.18.1.RELEASE;;.]
2023-07-13 12:39:54.982 [localhost-startStop-1] INFO  org.apache.jasper.servlet.TldScanner - At least one JAR was scanned for TLDs yet contained no TLDs. Enable debug logging for this logger for a complete list of JARs that were scanned but no TLDs were found in them. Skipping unneeded JARs during scanning can improve startup time and JSP compilation time.
2023-07-13 12:39:54.998 [localhost-startStop-1] INFO  o.a.c.c.ContainerBase.[Tomcat].[localhost].[/CP] - Initializing Spring embedded WebApplicationContext
2023-07-13 12:39:55.000 [localhost-startStop-1] INFO  org.springframework.web.context.ContextLoader - Root WebApplicationContext: initialization completed in 5779 ms
2023-07-13 12:39:55.261 [localhost-startStop-1] INFO  o.s.boot.web.servlet.ServletRegistrationBean - Servlet dispatcherServlet mapped to [/]
2023-07-13 12:39:55.283 [localhost-startStop-1] INFO  o.s.boot.web.servlet.FilterRegistrationBean - Mapping filter: 'characterEncodingFilter' to: [/*]
2023-07-13 12:39:55.284 [localhost-startStop-1] INFO  o.s.boot.web.servlet.FilterRegistrationBean - Mapping filter: 'hiddenHttpMethodFilter' to: [/*]
2023-07-13 12:39:55.285 [localhost-startStop-1] INFO  o.s.boot.web.servlet.FilterRegistrationBean - Mapping filter: 'httpPutFormContentFilter' to: [/*]
2023-07-13 12:39:55.288 [localhost-startStop-1] INFO  o.s.boot.web.servlet.FilterRegistrationBean - Mapping filter: 'requestContextFilter' to: [/*]
2023-07-13 12:39:55.289 [localhost-startStop-1] INFO  o.s.boot.web.servlet.FilterRegistrationBean - Mapping filter: 'resourceUrlEncodingFilter' to: [/*]
2023-07-13 12:39:55.731 [main] INFO  com.zaxxer.hikari.HikariDataSource - HikariPool-1 - Starting...
2023-07-13 12:39:57.226 [main] INFO  com.zaxxer.hikari.HikariDataSource - HikariPool-1 - Start completed.
2023-07-13 12:39:58.417 [main] INFO  o.s.web.servlet.handler.SimpleUrlHandlerMapping - Mapped URL path [/**/favicon.ico] onto handler of type [class org.springframework.web.servlet.resource.ResourceHttpRequestHandler]
2023-07-13 12:39:58.861 [main] INFO  o.s.w.s.m.m.a.RequestMappingHandlerAdapter - Looking for @ControllerAdvice: org.springframework.boot.web.servlet.context.AnnotationConfigServletWebServerApplicationContext@549621f3: startup date [Thu Jul 13 12:39:49 JST 2023]; root of context hierarchy
2023-07-13 12:39:59.082 [main] INFO  o.s.w.s.m.m.a.RequestMappingHandlerMapping - Mapped "{[/CP100/csSearch],methods=[GET]}" onto public java.util.List<jp.co.iris.global.bean.CP100CsBindBean> jp.co.iris.global.controller.CP100Controller.csSearch(java.lang.String,java.lang.String)
2023-07-13 12:39:59.088 [main] INFO  o.s.w.s.m.m.a.RequestMappingHandlerMapping - Mapped "{[/CP100/authentication],methods=[GET]}" onto public org.springframework.web.servlet.ModelAndView jp.co.iris.global.controller.CP100Controller.authentication(java.lang.String,org.springframework.web.servlet.ModelAndView)
2023-07-13 12:39:59.090 [main] INFO  o.s.w.s.m.m.a.RequestMappingHandlerMapping - Mapped "{[/CP100/asSearch],methods=[GET]}" onto public java.util.List<jp.co.iris.global.bean.CP100AsBindBean> jp.co.iris.global.controller.CP100Controller.asSearch(java.lang.String,java.lang.String)
2023-07-13 12:39:59.091 [main] INFO  o.s.w.s.m.m.a.RequestMappingHandlerMapping - Mapped "{[/CP100/azPlazaSearch],methods=[GET]}" onto public java.util.Map<java.lang.String, java.util.List<jp.co.iris.global.bean.CP10008Bean>> jp.co.iris.global.controller.CP100Controller.azSearch(java.lang.String,java.lang.String)
2023-07-13 12:39:59.095 [main] INFO  o.s.w.s.m.m.a.RequestMappingHandlerMapping - Mapped "{[/CP100],methods=[GET]}" onto public org.springframework.web.servlet.ModelAndView jp.co.iris.global.controller.CP100Controller.getViewsInfo(org.springframework.web.servlet.ModelAndView)
2023-07-13 12:39:59.095 [main] INFO  o.s.w.s.m.m.a.RequestMappingHandlerMapping - Mapped "{[/CP100/cpSearch],methods=[GET]}" onto public java.util.List<jp.co.iris.global.bean.CP10001Bean> jp.co.iris.global.controller.CP100Controller.cpSearch(java.lang.String)
2023-07-13 12:39:59.101 [main] INFO  o.s.w.s.m.m.a.RequestMappingHandlerMapping - Mapped "{[/error]}" onto public org.springframework.http.ResponseEntity<java.util.Map<java.lang.String, java.lang.Object>> org.springframework.boot.autoconfigure.web.servlet.error.BasicErrorController.error(javax.servlet.http.HttpServletRequest)
2023-07-13 12:39:59.102 [main] INFO  o.s.w.s.m.m.a.RequestMappingHandlerMapping - Mapped "{[/error],produces=[text/html]}" onto public org.springframework.web.servlet.ModelAndView org.springframework.boot.autoconfigure.web.servlet.error.BasicErrorController.errorHtml(javax.servlet.http.HttpServletRequest,javax.servlet.http.HttpServletResponse)
2023-07-13 12:39:59.206 [main] INFO  o.s.web.servlet.handler.SimpleUrlHandlerMapping - Mapped URL path [/webjars/**] onto handler of type [class org.springframework.web.servlet.resource.ResourceHttpRequestHandler]
2023-07-13 12:39:59.207 [main] INFO  o.s.web.servlet.handler.SimpleUrlHandlerMapping - Mapped URL path [/**] onto handler of type [class org.springframework.web.servlet.resource.ResourceHttpRequestHandler]
2023-07-13 12:39:59.234 [main] INFO  o.s.w.s.m.m.a.ExceptionHandlerExceptionResolver - Detected @ExceptionHandler methods in globalExceptionHandler
2023-07-13 12:39:59.995 [main] INFO  o.s.jmx.export.annotation.AnnotationMBeanExporter - Registering beans for JMX exposure on startup
2023-07-13 12:39:59.997 [main] INFO  o.s.jmx.export.annotation.AnnotationMBeanExporter - Bean with name 'svr015' has been autodetected for JMX exposure
2023-07-13 12:40:00.005 [main] INFO  o.s.jmx.export.annotation.AnnotationMBeanExporter - Located MBean 'svr015': registering with JMX server as MBean [com.zaxxer.hikari:name=svr015,type=HikariDataSource]
2023-07-13 12:40:00.022 [main] INFO  org.apache.coyote.http11.Http11NioProtocol - Starting ProtocolHandler ["http-nio-8080"]
2023-07-13 12:40:00.032 [main] INFO  org.apache.tomcat.util.net.NioSelectorPool - Using a shared selector for servlet write/read
2023-07-13 12:40:00.088 [main] INFO  o.s.boot.web.embedded.tomcat.TomcatWebServer - Tomcat started on port(s): 8080 (http) with context path '/CP'
2023-07-13 12:40:00.094 [main] INFO  jp.co.iris.global.CPApplication - Started CPApplication in 12.096 seconds (JVM running for 13.449)
2023-07-13 12:40:06.229 [http-nio-8080-exec-1] INFO  o.a.c.c.ContainerBase.[Tomcat].[localhost].[/CP] - Initializing Spring FrameworkServlet 'dispatcherServlet'
2023-07-13 12:40:06.232 [http-nio-8080-exec-1] INFO  org.springframework.web.servlet.DispatcherServlet - FrameworkServlet 'dispatcherServlet': initialization started
2023-07-13 12:40:06.294 [http-nio-8080-exec-1] INFO  org.springframework.web.servlet.DispatcherServlet - FrameworkServlet 'dispatcherServlet': initialization completed in 58 ms
2023-07-13 12:40:06.484 [http-nio-8080-exec-1] INFO  jp.co.iris.global.utils.LogUtils - IP Address 0:0:0:0:0:0:0:1 : jp.co.iris.global.utils.HttpUtils : post : 39 : HttpUtils post url: http://svr601/authentication.php
2023-07-13 12:40:20.671 [http-nio-8080-exec-2] INFO  com.zaxxer.hikari.HikariDataSource - HikariPool-2 - Starting...
2023-07-13 12:40:21.707 [http-nio-8080-exec-2] INFO  com.zaxxer.hikari.HikariDataSource - HikariPool-2 - Start completed.
2023-07-13 12:40:22.107 [http-nio-8080-exec-2] INFO  com.zaxxer.hikari.HikariDataSource - HikariPool-3 - Starting...
2023-07-13 12:40:23.154 [http-nio-8080-exec-2] INFO  com.zaxxer.hikari.HikariDataSource - HikariPool-3 - Start completed.
2023-07-13 12:49:01.014 [RMI TCP Connection(18)-127.0.0.1] INFO  o.s.b.a.SpringApplicationAdminMXBeanRegistrar$SpringApplicationAdmin - Application shutdown requested.
2023-07-13 12:49:01.019 [RMI TCP Connection(18)-127.0.0.1] INFO  o.s.b.w.s.c.AnnotationConfigServletWebServerApplicationContext - Closing org.springframework.boot.web.servlet.context.AnnotationConfigServletWebServerApplicationContext@549621f3: startup date [Thu Jul 13 12:39:49 JST 2023]; root of context hierarchy
2023-07-13 12:49:01.025 [RMI TCP Connection(18)-127.0.0.1] INFO  o.s.jmx.export.annotation.AnnotationMBeanExporter - Unregistering JMX-exposed beans on shutdown
2023-07-13 12:49:01.026 [RMI TCP Connection(18)-127.0.0.1] INFO  o.s.jmx.export.annotation.AnnotationMBeanExporter - Unregistering JMX-exposed beans
2023-07-13 12:49:01.030 [RMI TCP Connection(18)-127.0.0.1] INFO  com.zaxxer.hikari.HikariDataSource - HikariPool-1 - Shutdown initiated...
2023-07-13 12:49:01.037 [RMI TCP Connection(18)-127.0.0.1] INFO  com.zaxxer.hikari.HikariDataSource - HikariPool-1 - Shutdown completed.
2023-07-13 12:49:21.845 [main] INFO  jp.co.iris.global.CPApplication - Starting CPApplication on D5564 with PID 6584 (\\SVRV14\ShareData\zhang\CP\target\classes started by c03822 in \\SVRV14\ShareData\zhang\CP)
2023-07-13 12:49:21.847 [main] INFO  jp.co.iris.global.CPApplication - No active profile set, falling back to default profiles: default
2023-07-13 12:49:21.973 [main] INFO  o.s.b.w.s.c.AnnotationConfigServletWebServerApplicationContext - Refreshing org.springframework.boot.web.servlet.context.AnnotationConfigServletWebServerApplicationContext@4fcee388: startup date [Thu Jul 13 12:49:21 JST 2023]; root of context hierarchy
2023-07-13 12:49:24.207 [main] INFO  o.s.b.f.a.AutowiredAnnotationBeanPostProcessor - JSR-330 'javax.inject.Inject' annotation found and supported for autowiring
2023-07-13 12:49:26.125 [main] INFO  o.s.boot.web.embedded.tomcat.TomcatWebServer - Tomcat initialized with port(s): 8080 (http)
2023-07-13 12:49:26.191 [main] INFO  org.apache.coyote.http11.Http11NioProtocol - Initializing ProtocolHandler ["http-nio-8080"]
2023-07-13 12:49:26.236 [main] INFO  org.apache.catalina.core.StandardService - Starting service [Tomcat]
2023-07-13 12:49:26.236 [main] INFO  org.apache.catalina.core.StandardEngine - Starting Servlet Engine: Apache Tomcat/8.5.34
2023-07-13 12:49:26.275 [localhost-startStop-1] INFO  org.apache.catalina.core.AprLifecycleListener - The APR based Apache Tomcat Native library which allows optimal performance in production environments was not found on the java.library.path: [C:\Java\jdk-11.0.6\bin;C:\Windows\Sun\Java\bin;C:\Windows\system32;C:\Windows;D:/sts-4.18.1.RELEASE//plugins/org.eclipse.justj.openjdk.hotspot.jre.full.win32.x86_64_17.0.7.v20230425-1502/jre/bin/server;D:/sts-4.18.1.RELEASE//plugins/org.eclipse.justj.openjdk.hotspot.jre.full.win32.x86_64_17.0.7.v20230425-1502/jre/bin;C:\Windows\system32;C:\Windows;C:\Windows\System32\Wbem;C:\Windows\System32\WindowsPowerShell\v1.0\;C:\Windows\System32\OpenSSH\;C:\Program Files (x86)\NVIDIA Corporation\PhysX\Common;C:\Program Files\NVIDIA Corporation\NVIDIA NvDLISR;C:\Program Files (x86)\Microsoft SQL Server\150\DTS\Binn\;C:\Java\jdk-11.0.6\bin;C:\Java\jdk-11.0.6\jre\bin;D:\zhang\apache-maven-3.5.3\bin;C:\Users\C03822\AppData\Local\Microsoft\WindowsApps;;D:\sts-4.18.1.RELEASE;;.]
2023-07-13 12:49:26.849 [localhost-startStop-1] INFO  org.apache.jasper.servlet.TldScanner - At least one JAR was scanned for TLDs yet contained no TLDs. Enable debug logging for this logger for a complete list of JARs that were scanned but no TLDs were found in them. Skipping unneeded JARs during scanning can improve startup time and JSP compilation time.
2023-07-13 12:49:26.858 [localhost-startStop-1] INFO  o.a.c.c.ContainerBase.[Tomcat].[localhost].[/CP] - Initializing Spring embedded WebApplicationContext
2023-07-13 12:49:26.860 [localhost-startStop-1] INFO  org.springframework.web.context.ContextLoader - Root WebApplicationContext: initialization completed in 4887 ms
2023-07-13 12:49:27.032 [localhost-startStop-1] INFO  o.s.boot.web.servlet.ServletRegistrationBean - Servlet dispatcherServlet mapped to [/]
2023-07-13 12:49:27.043 [localhost-startStop-1] INFO  o.s.boot.web.servlet.FilterRegistrationBean - Mapping filter: 'characterEncodingFilter' to: [/*]
2023-07-13 12:49:27.044 [localhost-startStop-1] INFO  o.s.boot.web.servlet.FilterRegistrationBean - Mapping filter: 'hiddenHttpMethodFilter' to: [/*]
2023-07-13 12:49:27.045 [localhost-startStop-1] INFO  o.s.boot.web.servlet.FilterRegistrationBean - Mapping filter: 'httpPutFormContentFilter' to: [/*]
2023-07-13 12:49:27.046 [localhost-startStop-1] INFO  o.s.boot.web.servlet.FilterRegistrationBean - Mapping filter: 'requestContextFilter' to: [/*]
2023-07-13 12:49:27.046 [localhost-startStop-1] INFO  o.s.boot.web.servlet.FilterRegistrationBean - Mapping filter: 'resourceUrlEncodingFilter' to: [/*]
2023-07-13 12:49:27.395 [main] INFO  com.zaxxer.hikari.HikariDataSource - HikariPool-1 - Starting...
2023-07-13 12:49:28.908 [main] INFO  com.zaxxer.hikari.HikariDataSource - HikariPool-1 - Start completed.
2023-07-13 12:49:30.156 [main] INFO  o.s.web.servlet.handler.SimpleUrlHandlerMapping - Mapped URL path [/**/favicon.ico] onto handler of type [class org.springframework.web.servlet.resource.ResourceHttpRequestHandler]
2023-07-13 12:49:30.666 [main] INFO  o.s.w.s.m.m.a.RequestMappingHandlerAdapter - Looking for @ControllerAdvice: org.springframework.boot.web.servlet.context.AnnotationConfigServletWebServerApplicationContext@4fcee388: startup date [Thu Jul 13 12:49:21 JST 2023]; root of context hierarchy
2023-07-13 12:49:30.989 [main] INFO  o.s.w.s.m.m.a.RequestMappingHandlerMapping - Mapped "{[/CP100/cpSearch],methods=[GET]}" onto public java.util.List<jp.co.iris.global.bean.CP10001Bean> jp.co.iris.global.controller.CP100Controller.cpSearch(java.lang.String)
2023-07-13 12:49:30.993 [main] INFO  o.s.w.s.m.m.a.RequestMappingHandlerMapping - Mapped "{[/CP100/azPlazaSearch],methods=[GET]}" onto public java.util.Map<java.lang.String, java.util.List<jp.co.iris.global.bean.CP10008Bean>> jp.co.iris.global.controller.CP100Controller.azSearch(java.lang.String,java.lang.String)
2023-07-13 12:49:30.997 [main] INFO  o.s.w.s.m.m.a.RequestMappingHandlerMapping - Mapped "{[/CP100/asSearch],methods=[GET]}" onto public java.util.List<jp.co.iris.global.bean.CP100AsBindBean> jp.co.iris.global.controller.CP100Controller.asSearch(java.lang.String,java.lang.String)
2023-07-13 12:49:30.998 [main] INFO  o.s.w.s.m.m.a.RequestMappingHandlerMapping - Mapped "{[/CP100/csSearch],methods=[GET]}" onto public java.util.List<jp.co.iris.global.bean.CP100CsBindBean> jp.co.iris.global.controller.CP100Controller.csSearch(java.lang.String,java.lang.String)
2023-07-13 12:49:31.003 [main] INFO  o.s.w.s.m.m.a.RequestMappingHandlerMapping - Mapped "{[/CP100/authentication],methods=[GET]}" onto public org.springframework.web.servlet.ModelAndView jp.co.iris.global.controller.CP100Controller.authentication(java.lang.String,org.springframework.web.servlet.ModelAndView)
2023-07-13 12:49:31.004 [main] INFO  o.s.w.s.m.m.a.RequestMappingHandlerMapping - Mapped "{[/CP100],methods=[GET]}" onto public org.springframework.web.servlet.ModelAndView jp.co.iris.global.controller.CP100Controller.getViewsInfo(org.springframework.web.servlet.ModelAndView)
2023-07-13 12:49:31.013 [main] INFO  o.s.w.s.m.m.a.RequestMappingHandlerMapping - Mapped "{[/error]}" onto public org.springframework.http.ResponseEntity<java.util.Map<java.lang.String, java.lang.Object>> org.springframework.boot.autoconfigure.web.servlet.error.BasicErrorController.error(javax.servlet.http.HttpServletRequest)
2023-07-13 12:49:31.014 [main] INFO  o.s.w.s.m.m.a.RequestMappingHandlerMapping - Mapped "{[/error],produces=[text/html]}" onto public org.springframework.web.servlet.ModelAndView org.springframework.boot.autoconfigure.web.servlet.error.BasicErrorController.errorHtml(javax.servlet.http.HttpServletRequest,javax.servlet.http.HttpServletResponse)
2023-07-13 12:49:31.120 [main] INFO  o.s.web.servlet.handler.SimpleUrlHandlerMapping - Mapped URL path [/webjars/**] onto handler of type [class org.springframework.web.servlet.resource.ResourceHttpRequestHandler]
2023-07-13 12:49:31.121 [main] INFO  o.s.web.servlet.handler.SimpleUrlHandlerMapping - Mapped URL path [/**] onto handler of type [class org.springframework.web.servlet.resource.ResourceHttpRequestHandler]
2023-07-13 12:49:31.150 [main] INFO  o.s.w.s.m.m.a.ExceptionHandlerExceptionResolver - Detected @ExceptionHandler methods in globalExceptionHandler
2023-07-13 12:49:31.818 [main] INFO  o.s.jmx.export.annotation.AnnotationMBeanExporter - Registering beans for JMX exposure on startup
2023-07-13 12:49:31.820 [main] INFO  o.s.jmx.export.annotation.AnnotationMBeanExporter - Bean with name 'svr015' has been autodetected for JMX exposure
2023-07-13 12:49:31.827 [main] INFO  o.s.jmx.export.annotation.AnnotationMBeanExporter - Located MBean 'svr015': registering with JMX server as MBean [com.zaxxer.hikari:name=svr015,type=HikariDataSource]
2023-07-13 12:49:31.841 [main] INFO  org.apache.coyote.http11.Http11NioProtocol - Starting ProtocolHandler ["http-nio-8080"]
2023-07-13 12:49:31.850 [main] INFO  org.apache.tomcat.util.net.NioSelectorPool - Using a shared selector for servlet write/read
2023-07-13 12:49:31.904 [main] INFO  o.s.boot.web.embedded.tomcat.TomcatWebServer - Tomcat started on port(s): 8080 (http) with context path '/CP'
2023-07-13 12:49:31.910 [main] INFO  jp.co.iris.global.CPApplication - Started CPApplication in 11.05 seconds (JVM running for 12.15)
2023-07-13 12:49:49.251 [http-nio-8080-exec-1] INFO  o.a.c.c.ContainerBase.[Tomcat].[localhost].[/CP] - Initializing Spring FrameworkServlet 'dispatcherServlet'
2023-07-13 12:49:49.255 [http-nio-8080-exec-1] INFO  org.springframework.web.servlet.DispatcherServlet - FrameworkServlet 'dispatcherServlet': initialization started
2023-07-13 12:49:49.337 [http-nio-8080-exec-1] INFO  org.springframework.web.servlet.DispatcherServlet - FrameworkServlet 'dispatcherServlet': initialization completed in 76 ms
2023-07-13 14:05:07.769 [RMI TCP Connection(86)-127.0.0.1] INFO  o.s.b.a.SpringApplicationAdminMXBeanRegistrar$SpringApplicationAdmin - Application shutdown requested.
2023-07-13 14:05:07.773 [RMI TCP Connection(86)-127.0.0.1] INFO  o.s.b.w.s.c.AnnotationConfigServletWebServerApplicationContext - Closing org.springframework.boot.web.servlet.context.AnnotationConfigServletWebServerApplicationContext@4fcee388: startup date [Thu Jul 13 12:49:21 JST 2023]; root of context hierarchy
2023-07-13 14:05:07.777 [RMI TCP Connection(86)-127.0.0.1] INFO  o.s.jmx.export.annotation.AnnotationMBeanExporter - Unregistering JMX-exposed beans on shutdown
2023-07-13 14:05:07.778 [RMI TCP Connection(86)-127.0.0.1] INFO  o.s.jmx.export.annotation.AnnotationMBeanExporter - Unregistering JMX-exposed beans
2023-07-13 14:05:07.782 [RMI TCP Connection(86)-127.0.0.1] INFO  com.zaxxer.hikari.HikariDataSource - HikariPool-1 - Shutdown initiated...
2023-07-13 14:05:07.789 [RMI TCP Connection(86)-127.0.0.1] INFO  com.zaxxer.hikari.HikariDataSource - HikariPool-1 - Shutdown completed.
2023-07-13 14:06:20.261 [main] INFO  jp.co.iris.global.CPApplication - Starting CPApplication on D5564 with PID 10976 (\\SVRV14\ShareData\zhang\CP\target\classes started by c03822 in \\SVRV14\ShareData\zhang\CP)
2023-07-13 14:06:20.264 [main] INFO  jp.co.iris.global.CPApplication - No active profile set, falling back to default profiles: default
2023-07-13 14:06:20.362 [main] INFO  o.s.b.w.s.c.AnnotationConfigServletWebServerApplicationContext - Refreshing org.springframework.boot.web.servlet.context.AnnotationConfigServletWebServerApplicationContext@460f76a6: startup date [Thu Jul 13 14:06:20 JST 2023]; root of context hierarchy
2023-07-13 14:06:22.739 [main] INFO  o.s.b.f.a.AutowiredAnnotationBeanPostProcessor - JSR-330 'javax.inject.Inject' annotation found and supported for autowiring
2023-07-13 14:06:25.199 [main] INFO  o.s.boot.web.embedded.tomcat.TomcatWebServer - Tomcat initialized with port(s): 8080 (http)
2023-07-13 14:06:25.261 [main] INFO  org.apache.coyote.http11.Http11NioProtocol - Initializing ProtocolHandler ["http-nio-8080"]
2023-07-13 14:06:25.308 [main] INFO  org.apache.catalina.core.StandardService - Starting service [Tomcat]
2023-07-13 14:06:25.308 [main] INFO  org.apache.catalina.core.StandardEngine - Starting Servlet Engine: Apache Tomcat/8.5.34
2023-07-13 14:06:25.348 [localhost-startStop-1] INFO  org.apache.catalina.core.AprLifecycleListener - The APR based Apache Tomcat Native library which allows optimal performance in production environments was not found on the java.library.path: [C:\Java\jdk-11.0.6\bin;C:\Windows\Sun\Java\bin;C:\Windows\system32;C:\Windows;D:/sts-4.18.1.RELEASE//plugins/org.eclipse.justj.openjdk.hotspot.jre.full.win32.x86_64_17.0.7.v20230425-1502/jre/bin/server;D:/sts-4.18.1.RELEASE//plugins/org.eclipse.justj.openjdk.hotspot.jre.full.win32.x86_64_17.0.7.v20230425-1502/jre/bin;C:\Windows\system32;C:\Windows;C:\Windows\System32\Wbem;C:\Windows\System32\WindowsPowerShell\v1.0\;C:\Windows\System32\OpenSSH\;C:\Program Files (x86)\NVIDIA Corporation\PhysX\Common;C:\Program Files\NVIDIA Corporation\NVIDIA NvDLISR;C:\Program Files (x86)\Microsoft SQL Server\150\DTS\Binn\;C:\Java\jdk-11.0.6\bin;C:\Java\jdk-11.0.6\jre\bin;D:\zhang\apache-maven-3.5.3\bin;C:\Users\C03822\AppData\Local\Microsoft\WindowsApps;;D:\sts-4.18.1.RELEASE;;.]
2023-07-13 14:06:25.957 [localhost-startStop-1] INFO  org.apache.jasper.servlet.TldScanner - At least one JAR was scanned for TLDs yet contained no TLDs. Enable debug logging for this logger for a complete list of JARs that were scanned but no TLDs were found in them. Skipping unneeded JARs during scanning can improve startup time and JSP compilation time.
2023-07-13 14:06:25.973 [localhost-startStop-1] INFO  o.a.c.c.ContainerBase.[Tomcat].[localhost].[/CP] - Initializing Spring embedded WebApplicationContext
2023-07-13 14:06:25.974 [localhost-startStop-1] INFO  org.springframework.web.context.ContextLoader - Root WebApplicationContext: initialization completed in 5612 ms
2023-07-13 14:06:26.212 [localhost-startStop-1] INFO  o.s.boot.web.servlet.ServletRegistrationBean - Servlet dispatcherServlet mapped to [/]
2023-07-13 14:06:26.226 [localhost-startStop-1] INFO  o.s.boot.web.servlet.FilterRegistrationBean - Mapping filter: 'characterEncodingFilter' to: [/*]
2023-07-13 14:06:26.227 [localhost-startStop-1] INFO  o.s.boot.web.servlet.FilterRegistrationBean - Mapping filter: 'hiddenHttpMethodFilter' to: [/*]
2023-07-13 14:06:26.228 [localhost-startStop-1] INFO  o.s.boot.web.servlet.FilterRegistrationBean - Mapping filter: 'httpPutFormContentFilter' to: [/*]
2023-07-13 14:06:26.231 [localhost-startStop-1] INFO  o.s.boot.web.servlet.FilterRegistrationBean - Mapping filter: 'requestContextFilter' to: [/*]
2023-07-13 14:06:26.231 [localhost-startStop-1] INFO  o.s.boot.web.servlet.FilterRegistrationBean - Mapping filter: 'resourceUrlEncodingFilter' to: [/*]
2023-07-13 14:06:26.581 [main] INFO  com.zaxxer.hikari.HikariDataSource - HikariPool-1 - Starting...
2023-07-13 14:06:28.052 [main] INFO  com.zaxxer.hikari.HikariDataSource - HikariPool-1 - Start completed.
2023-07-13 14:06:29.023 [main] INFO  o.s.web.servlet.handler.SimpleUrlHandlerMapping - Mapped URL path [/**/favicon.ico] onto handler of type [class org.springframework.web.servlet.resource.ResourceHttpRequestHandler]
2023-07-13 14:06:29.401 [main] INFO  o.s.w.s.m.m.a.RequestMappingHandlerAdapter - Looking for @ControllerAdvice: org.springframework.boot.web.servlet.context.AnnotationConfigServletWebServerApplicationContext@460f76a6: startup date [Thu Jul 13 14:06:20 JST 2023]; root of context hierarchy
2023-07-13 14:06:29.628 [main] INFO  o.s.w.s.m.m.a.RequestMappingHandlerMapping - Mapped "{[/CP100/azPlazaSearch],methods=[GET]}" onto public java.util.Map<java.lang.String, java.util.List<jp.co.iris.global.bean.CP10008Bean>> jp.co.iris.global.controller.CP100Controller.azSearch(java.lang.String,java.lang.String)
2023-07-13 14:06:29.632 [main] INFO  o.s.w.s.m.m.a.RequestMappingHandlerMapping - Mapped "{[/CP100/asSearch],methods=[GET]}" onto public java.util.List<jp.co.iris.global.bean.CP100AsBindBean> jp.co.iris.global.controller.CP100Controller.asSearch(java.lang.String,java.lang.String)
2023-07-13 14:06:29.635 [main] INFO  o.s.w.s.m.m.a.RequestMappingHandlerMapping - Mapped "{[/CP100/csSearch],methods=[GET]}" onto public java.util.List<jp.co.iris.global.bean.CP100CsBindBean> jp.co.iris.global.controller.CP100Controller.csSearch(java.lang.String,java.lang.String)
2023-07-13 14:06:29.636 [main] INFO  o.s.w.s.m.m.a.RequestMappingHandlerMapping - Mapped "{[/CP100],methods=[GET]}" onto public org.springframework.web.servlet.ModelAndView jp.co.iris.global.controller.CP100Controller.getViewsInfo(org.springframework.web.servlet.ModelAndView)
2023-07-13 14:06:29.638 [main] INFO  o.s.w.s.m.m.a.RequestMappingHandlerMapping - Mapped "{[/CP100/cpSearch],methods=[GET]}" onto public java.util.List<jp.co.iris.global.bean.CP10001Bean> jp.co.iris.global.controller.CP100Controller.cpSearch(java.lang.String)
2023-07-13 14:06:29.639 [main] INFO  o.s.w.s.m.m.a.RequestMappingHandlerMapping - Mapped "{[/CP100/authentication],methods=[GET]}" onto public org.springframework.web.servlet.ModelAndView jp.co.iris.global.controller.CP100Controller.authentication(java.lang.String,org.springframework.web.servlet.ModelAndView)
2023-07-13 14:06:29.645 [main] INFO  o.s.w.s.m.m.a.RequestMappingHandlerMapping - Mapped "{[/error],produces=[text/html]}" onto public org.springframework.web.servlet.ModelAndView org.springframework.boot.autoconfigure.web.servlet.error.BasicErrorController.errorHtml(javax.servlet.http.HttpServletRequest,javax.servlet.http.HttpServletResponse)
2023-07-13 14:06:29.646 [main] INFO  o.s.w.s.m.m.a.RequestMappingHandlerMapping - Mapped "{[/error]}" onto public org.springframework.http.ResponseEntity<java.util.Map<java.lang.String, java.lang.Object>> org.springframework.boot.autoconfigure.web.servlet.error.BasicErrorController.error(javax.servlet.http.HttpServletRequest)
2023-07-13 14:06:29.738 [main] INFO  o.s.web.servlet.handler.SimpleUrlHandlerMapping - Mapped URL path [/webjars/**] onto handler of type [class org.springframework.web.servlet.resource.ResourceHttpRequestHandler]
2023-07-13 14:06:29.739 [main] INFO  o.s.web.servlet.handler.SimpleUrlHandlerMapping - Mapped URL path [/**] onto handler of type [class org.springframework.web.servlet.resource.ResourceHttpRequestHandler]
2023-07-13 14:06:29.764 [main] INFO  o.s.w.s.m.m.a.ExceptionHandlerExceptionResolver - Detected @ExceptionHandler methods in globalExceptionHandler
2023-07-13 14:06:30.414 [main] INFO  o.s.jmx.export.annotation.AnnotationMBeanExporter - Registering beans for JMX exposure on startup
2023-07-13 14:06:30.415 [main] INFO  o.s.jmx.export.annotation.AnnotationMBeanExporter - Bean with name 'svr015' has been autodetected for JMX exposure
2023-07-13 14:06:30.428 [main] INFO  o.s.jmx.export.annotation.AnnotationMBeanExporter - Located MBean 'svr015': registering with JMX server as MBean [com.zaxxer.hikari:name=svr015,type=HikariDataSource]
2023-07-13 14:06:30.449 [main] INFO  org.apache.coyote.http11.Http11NioProtocol - Starting ProtocolHandler ["http-nio-8080"]
2023-07-13 14:06:30.458 [main] INFO  org.apache.tomcat.util.net.NioSelectorPool - Using a shared selector for servlet write/read
2023-07-13 14:06:30.527 [main] INFO  o.s.boot.web.embedded.tomcat.TomcatWebServer - Tomcat started on port(s): 8080 (http) with context path '/CP'
2023-07-13 14:06:30.533 [main] INFO  jp.co.iris.global.CPApplication - Started CPApplication in 11.348 seconds (JVM running for 12.692)
2023-07-13 14:06:30.720 [http-nio-8080-exec-1] INFO  o.a.c.c.ContainerBase.[Tomcat].[localhost].[/CP] - Initializing Spring FrameworkServlet 'dispatcherServlet'
2023-07-13 14:06:30.721 [http-nio-8080-exec-1] INFO  org.springframework.web.servlet.DispatcherServlet - FrameworkServlet 'dispatcherServlet': initialization started
2023-07-13 14:06:30.803 [http-nio-8080-exec-1] INFO  org.springframework.web.servlet.DispatcherServlet - FrameworkServlet 'dispatcherServlet': initialization completed in 81 ms
2023-07-13 14:07:02.828 [http-nio-8080-exec-3] INFO  jp.co.iris.global.utils.LogUtils - IP Address 0:0:0:0:0:0:0:1 : jp.co.iris.global.utils.HttpUtils : post : 39 : HttpUtils post url: http://svr601/authentication.php
2023-07-13 14:07:15.828 [http-nio-8080-exec-1] INFO  com.zaxxer.hikari.HikariDataSource - HikariPool-2 - Starting...
2023-07-13 14:07:16.860 [http-nio-8080-exec-1] INFO  com.zaxxer.hikari.HikariDataSource - HikariPool-2 - Start completed.
2023-07-13 14:07:17.261 [http-nio-8080-exec-1] INFO  com.zaxxer.hikari.HikariDataSource - HikariPool-3 - Starting...
2023-07-13 14:07:18.313 [http-nio-8080-exec-1] INFO  com.zaxxer.hikari.HikariDataSource - HikariPool-3 - Start completed.
2023-07-13 14:08:35.073 [http-nio-8080-exec-6] INFO  jp.co.iris.global.utils.LogUtils - IP Address 0:0:0:0:0:0:0:1 : jp.co.iris.global.utils.HttpUtils : post : 39 : HttpUtils post url: http://svr601/authentication.php
2023-07-13 16:31:24.751 [http-nio-8080-exec-7] INFO  jp.co.iris.global.utils.LogUtils - IP Address 0:0:0:0:0:0:0:1 : jp.co.iris.global.utils.HttpUtils : post : 39 : HttpUtils post url: http://svr601/authentication.php
2023-07-13 16:31:38.517 [http-nio-8080-exec-2] INFO  com.zaxxer.hikari.HikariDataSource - HikariPool-4 - Starting...
2023-07-13 16:32:18.746 [http-nio-8080-exec-5] INFO  com.zaxxer.hikari.HikariDataSource - HikariPool-4 - Starting...
2023-07-13 16:35:53.208 [http-nio-8080-exec-1] INFO  com.zaxxer.hikari.HikariDataSource - HikariPool-4 - Starting...
2023-07-13 16:36:13.159 [http-nio-8080-exec-3] INFO  jp.co.iris.global.utils.LogUtils - IP Address 0:0:0:0:0:0:0:1 : jp.co.iris.global.utils.HttpUtils : post : 39 : HttpUtils post url: http://svr601/authentication.php
2023-07-13 16:37:43.730 [http-nio-8080-exec-2] INFO  com.zaxxer.hikari.HikariDataSource - HikariPool-5 - Starting...
2023-07-13 16:53:24.532 [http-nio-8080-exec-6] INFO  com.zaxxer.hikari.HikariDataSource - HikariPool-5 - Starting...
2023-07-13 16:53:41.865 [http-nio-8080-exec-7] INFO  jp.co.iris.global.utils.LogUtils - IP Address 0:0:0:0:0:0:0:1 : jp.co.iris.global.utils.HttpUtils : post : 39 : HttpUtils post url: http://svr601/authentication.php
2023-07-13 17:14:16.181 [http-nio-8080-exec-8] INFO  jp.co.iris.global.utils.LogUtils - IP Address 0:0:0:0:0:0:0:1 : jp.co.iris.global.utils.HttpUtils : post : 39 : HttpUtils post url: http://svr601/authentication.php
