2023-07-11 14:07:15.319 [main] INFO  jp.co.iris.global.CPApplication - Starting CPApplication on D5564 with PID 9344 (\\SVRV14\ShareData\zhang\CP\target\classes started by c03822 in \\SVRV14\ShareData\zhang\CP)
2023-07-11 14:07:15.324 [main] INFO  jp.co.iris.global.CPApplication - No active profile set, falling back to default profiles: default
2023-07-11 14:07:15.413 [main] INFO  o.s.b.w.s.c.AnnotationConfigServletWebServerApplicationContext - Refreshing org.springframework.boot.web.servlet.context.AnnotationConfigServletWebServerApplicationContext@47289387: startup date [Tue Jul 11 14:07:15 JST 2023]; root of context hierarchy
2023-07-11 14:07:18.472 [main] INFO  o.s.b.f.a.AutowiredAnnotationBeanPostProcessor - JSR-330 'javax.inject.Inject' annotation found and supported for autowiring
2023-07-11 14:07:21.183 [main] INFO  o.s.boot.web.embedded.tomcat.TomcatWebServer - Tomcat initialized with port(s): 8080 (http)
2023-07-11 14:07:21.243 [main] INFO  org.apache.coyote.http11.Http11NioProtocol - Initializing ProtocolHandler ["http-nio-8080"]
2023-07-11 14:07:21.292 [main] INFO  org.apache.catalina.core.StandardService - Starting service [Tomcat]
2023-07-11 14:07:21.292 [main] INFO  org.apache.catalina.core.StandardEngine - Starting Servlet Engine: Apache Tomcat/8.5.34
2023-07-11 14:07:21.338 [localhost-startStop-1] INFO  org.apache.catalina.core.AprLifecycleListener - The APR based Apache Tomcat Native library which allows optimal performance in production environments was not found on the java.library.path: [C:\Java\jdk-11.0.6\bin;C:\Windows\Sun\Java\bin;C:\Windows\system32;C:\Windows;D:/sts-4.18.1.RELEASE//plugins/org.eclipse.justj.openjdk.hotspot.jre.full.win32.x86_64_17.0.7.v20230425-1502/jre/bin/server;D:/sts-4.18.1.RELEASE//plugins/org.eclipse.justj.openjdk.hotspot.jre.full.win32.x86_64_17.0.7.v20230425-1502/jre/bin;C:\Windows\system32;C:\Windows;C:\Windows\System32\Wbem;C:\Windows\System32\WindowsPowerShell\v1.0\;C:\Windows\System32\OpenSSH\;C:\Program Files (x86)\NVIDIA Corporation\PhysX\Common;C:\Program Files\NVIDIA Corporation\NVIDIA NvDLISR;C:\Program Files (x86)\Microsoft SQL Server\150\DTS\Binn\;C:\Java\jdk-11.0.6\bin;C:\Java\jdk-11.0.6\jre\bin;D:\zhang\apache-maven-3.5.3\bin;C:\Users\C03822\AppData\Local\Microsoft\WindowsApps;;D:\sts-4.18.1.RELEASE;;.]
2023-07-11 14:07:21.848 [localhost-startStop-1] INFO  org.apache.jasper.servlet.TldScanner - At least one JAR was scanned for TLDs yet contained no TLDs. Enable debug logging for this logger for a complete list of JARs that were scanned but no TLDs were found in them. Skipping unneeded JARs during scanning can improve startup time and JSP compilation time.
2023-07-11 14:07:21.863 [localhost-startStop-1] INFO  o.a.c.c.ContainerBase.[Tomcat].[localhost].[/CP] - Initializing Spring embedded WebApplicationContext
2023-07-11 14:07:21.869 [localhost-startStop-1] INFO  org.springframework.web.context.ContextLoader - Root WebApplicationContext: initialization completed in 6457 ms
2023-07-11 14:07:22.176 [localhost-startStop-1] INFO  o.s.boot.web.servlet.ServletRegistrationBean - Servlet dispatcherServlet mapped to [/]
2023-07-11 14:07:22.197 [localhost-startStop-1] INFO  o.s.boot.web.servlet.FilterRegistrationBean - Mapping filter: 'characterEncodingFilter' to: [/*]
2023-07-11 14:07:22.198 [localhost-startStop-1] INFO  o.s.boot.web.servlet.FilterRegistrationBean - Mapping filter: 'hiddenHttpMethodFilter' to: [/*]
2023-07-11 14:07:22.199 [localhost-startStop-1] INFO  o.s.boot.web.servlet.FilterRegistrationBean - Mapping filter: 'httpPutFormContentFilter' to: [/*]
2023-07-11 14:07:22.204 [localhost-startStop-1] INFO  o.s.boot.web.servlet.FilterRegistrationBean - Mapping filter: 'requestContextFilter' to: [/*]
2023-07-11 14:07:22.204 [localhost-startStop-1] INFO  o.s.boot.web.servlet.FilterRegistrationBean - Mapping filter: 'resourceUrlEncodingFilter' to: [/*]
2023-07-11 14:07:22.714 [main] INFO  com.zaxxer.hikari.HikariDataSource - HikariPool-1 - Starting...
2023-07-11 14:07:24.121 [main] INFO  com.zaxxer.hikari.HikariDataSource - HikariPool-1 - Start completed.
2023-07-11 14:07:24.246 [main] INFO  o.s.beans.factory.xml.XmlBeanDefinitionReader - Loading XML bean definitions from class path resource [org/springframework/jdbc/support/sql-error-codes.xml]
2023-07-11 14:07:24.396 [main] INFO  com.zaxxer.hikari.HikariDataSource - HikariPool-1 - Shutdown initiated...
2023-07-11 14:07:24.407 [main] INFO  com.zaxxer.hikari.HikariDataSource - HikariPool-1 - Shutdown completed.
2023-07-11 14:07:24.415 [main] INFO  org.apache.catalina.core.StandardService - Stopping service [Tomcat]
2023-07-11 14:10:05.856 [main] INFO  jp.co.iris.global.CPApplication - Starting CPApplication on D5564 with PID 7272 (\\SVRV14\ShareData\zhang\CP\target\classes started by c03822 in \\SVRV14\ShareData\zhang\CP)
2023-07-11 14:10:05.862 [main] INFO  jp.co.iris.global.CPApplication - No active profile set, falling back to default profiles: default
2023-07-11 14:10:05.966 [main] INFO  o.s.b.w.s.c.AnnotationConfigServletWebServerApplicationContext - Refreshing org.springframework.boot.web.servlet.context.AnnotationConfigServletWebServerApplicationContext@1a2e2935: startup date [Tue Jul 11 14:10:05 JST 2023]; root of context hierarchy
2023-07-11 14:10:08.894 [main] INFO  o.s.b.f.a.AutowiredAnnotationBeanPostProcessor - JSR-330 'javax.inject.Inject' annotation found and supported for autowiring
2023-07-11 14:10:11.321 [main] INFO  o.s.boot.web.embedded.tomcat.TomcatWebServer - Tomcat initialized with port(s): 8080 (http)
2023-07-11 14:10:11.361 [main] INFO  org.apache.coyote.http11.Http11NioProtocol - Initializing ProtocolHandler ["http-nio-8080"]
2023-07-11 14:10:11.396 [main] INFO  org.apache.catalina.core.StandardService - Starting service [Tomcat]
2023-07-11 14:10:11.397 [main] INFO  org.apache.catalina.core.StandardEngine - Starting Servlet Engine: Apache Tomcat/8.5.34
2023-07-11 14:10:11.427 [localhost-startStop-1] INFO  org.apache.catalina.core.AprLifecycleListener - The APR based Apache Tomcat Native library which allows optimal performance in production environments was not found on the java.library.path: [C:\Java\jdk-11.0.6\bin;C:\Windows\Sun\Java\bin;C:\Windows\system32;C:\Windows;D:/sts-4.18.1.RELEASE//plugins/org.eclipse.justj.openjdk.hotspot.jre.full.win32.x86_64_17.0.7.v20230425-1502/jre/bin/server;D:/sts-4.18.1.RELEASE//plugins/org.eclipse.justj.openjdk.hotspot.jre.full.win32.x86_64_17.0.7.v20230425-1502/jre/bin;C:\Windows\system32;C:\Windows;C:\Windows\System32\Wbem;C:\Windows\System32\WindowsPowerShell\v1.0\;C:\Windows\System32\OpenSSH\;C:\Program Files (x86)\NVIDIA Corporation\PhysX\Common;C:\Program Files\NVIDIA Corporation\NVIDIA NvDLISR;C:\Program Files (x86)\Microsoft SQL Server\150\DTS\Binn\;C:\Java\jdk-11.0.6\bin;C:\Java\jdk-11.0.6\jre\bin;D:\zhang\apache-maven-3.5.3\bin;C:\Users\C03822\AppData\Local\Microsoft\WindowsApps;;D:\sts-4.18.1.RELEASE;;.]
2023-07-11 14:10:12.069 [localhost-startStop-1] INFO  org.apache.jasper.servlet.TldScanner - At least one JAR was scanned for TLDs yet contained no TLDs. Enable debug logging for this logger for a complete list of JARs that were scanned but no TLDs were found in them. Skipping unneeded JARs during scanning can improve startup time and JSP compilation time.
2023-07-11 14:10:12.086 [localhost-startStop-1] INFO  o.a.c.c.ContainerBase.[Tomcat].[localhost].[/CP] - Initializing Spring embedded WebApplicationContext
2023-07-11 14:10:12.093 [localhost-startStop-1] INFO  org.springframework.web.context.ContextLoader - Root WebApplicationContext: initialization completed in 6127 ms
2023-07-11 14:10:12.483 [localhost-startStop-1] INFO  o.s.boot.web.servlet.ServletRegistrationBean - Servlet dispatcherServlet mapped to [/]
2023-07-11 14:10:12.505 [localhost-startStop-1] INFO  o.s.boot.web.servlet.FilterRegistrationBean - Mapping filter: 'characterEncodingFilter' to: [/*]
2023-07-11 14:10:12.506 [localhost-startStop-1] INFO  o.s.boot.web.servlet.FilterRegistrationBean - Mapping filter: 'hiddenHttpMethodFilter' to: [/*]
2023-07-11 14:10:12.507 [localhost-startStop-1] INFO  o.s.boot.web.servlet.FilterRegistrationBean - Mapping filter: 'httpPutFormContentFilter' to: [/*]
2023-07-11 14:10:12.508 [localhost-startStop-1] INFO  o.s.boot.web.servlet.FilterRegistrationBean - Mapping filter: 'requestContextFilter' to: [/*]
2023-07-11 14:10:12.509 [localhost-startStop-1] INFO  o.s.boot.web.servlet.FilterRegistrationBean - Mapping filter: 'resourceUrlEncodingFilter' to: [/*]
2023-07-11 14:10:13.071 [main] INFO  com.zaxxer.hikari.HikariDataSource - HikariPool-1 - Starting...
2023-07-11 14:10:14.554 [main] INFO  com.zaxxer.hikari.HikariDataSource - HikariPool-1 - Start completed.
2023-07-11 14:10:16.079 [main] INFO  o.s.web.servlet.handler.SimpleUrlHandlerMapping - Mapped URL path [/**/favicon.ico] onto handler of type [class org.springframework.web.servlet.resource.ResourceHttpRequestHandler]
2023-07-11 14:10:16.751 [main] INFO  o.s.w.s.m.m.a.RequestMappingHandlerAdapter - Looking for @ControllerAdvice: org.springframework.boot.web.servlet.context.AnnotationConfigServletWebServerApplicationContext@1a2e2935: startup date [Tue Jul 11 14:10:05 JST 2023]; root of context hierarchy
2023-07-11 14:10:17.034 [main] INFO  o.s.w.s.m.m.a.RequestMappingHandlerMapping - Mapped "{[/CP100],methods=[GET]}" onto public org.springframework.web.servlet.ModelAndView jp.co.iris.global.controller.CP100Controller.getViewsInfo(org.springframework.web.servlet.ModelAndView)
2023-07-11 14:10:17.038 [main] INFO  o.s.w.s.m.m.a.RequestMappingHandlerMapping - Mapped "{[/CP100/azPlazaSearch],methods=[GET]}" onto public java.util.Map<java.lang.String, java.util.List<jp.co.iris.global.bean.CP10007Bean>> jp.co.iris.global.controller.CP100Controller.azSearch(java.lang.String,java.lang.String)
2023-07-11 14:10:17.040 [main] INFO  o.s.w.s.m.m.a.RequestMappingHandlerMapping - Mapped "{[/CP100/csSearch],methods=[GET]}" onto public java.util.List<jp.co.iris.global.bean.CP100CsBindBean> jp.co.iris.global.controller.CP100Controller.csSearch(java.lang.String,java.lang.String)
2023-07-11 14:10:17.041 [main] INFO  o.s.w.s.m.m.a.RequestMappingHandlerMapping - Mapped "{[/CP100/authentication],methods=[GET]}" onto public org.springframework.web.servlet.ModelAndView jp.co.iris.global.controller.CP100Controller.authentication(java.lang.String,org.springframework.web.servlet.ModelAndView)
2023-07-11 14:10:17.043 [main] INFO  o.s.w.s.m.m.a.RequestMappingHandlerMapping - Mapped "{[/CP100/cpSearch],methods=[GET]}" onto public java.util.List<jp.co.iris.global.bean.CP10001Bean> jp.co.iris.global.controller.CP100Controller.cpSearch(java.lang.String)
2023-07-11 14:10:17.044 [main] INFO  o.s.w.s.m.m.a.RequestMappingHandlerMapping - Mapped "{[/CP100/asSearch],methods=[GET]}" onto public java.util.List<jp.co.iris.global.bean.CP100AsBindBean> jp.co.iris.global.controller.CP100Controller.asSearch(java.lang.String,java.lang.String)
2023-07-11 14:10:17.060 [main] INFO  o.s.w.s.m.m.a.RequestMappingHandlerMapping - Mapped "{[/error]}" onto public org.springframework.http.ResponseEntity<java.util.Map<java.lang.String, java.lang.Object>> org.springframework.boot.autoconfigure.web.servlet.error.BasicErrorController.error(javax.servlet.http.HttpServletRequest)
2023-07-11 14:10:17.061 [main] INFO  o.s.w.s.m.m.a.RequestMappingHandlerMapping - Mapped "{[/error],produces=[text/html]}" onto public org.springframework.web.servlet.ModelAndView org.springframework.boot.autoconfigure.web.servlet.error.BasicErrorController.errorHtml(javax.servlet.http.HttpServletRequest,javax.servlet.http.HttpServletResponse)
2023-07-11 14:10:17.298 [main] INFO  o.s.web.servlet.handler.SimpleUrlHandlerMapping - Mapped URL path [/webjars/**] onto handler of type [class org.springframework.web.servlet.resource.ResourceHttpRequestHandler]
2023-07-11 14:10:17.299 [main] INFO  o.s.web.servlet.handler.SimpleUrlHandlerMapping - Mapped URL path [/**] onto handler of type [class org.springframework.web.servlet.resource.ResourceHttpRequestHandler]
2023-07-11 14:10:17.361 [main] INFO  o.s.w.s.m.m.a.ExceptionHandlerExceptionResolver - Detected @ExceptionHandler methods in globalExceptionHandler
2023-07-11 14:10:18.496 [main] INFO  o.s.jmx.export.annotation.AnnotationMBeanExporter - Registering beans for JMX exposure on startup
2023-07-11 14:10:18.503 [main] INFO  o.s.jmx.export.annotation.AnnotationMBeanExporter - Bean with name 'svr015' has been autodetected for JMX exposure
2023-07-11 14:10:18.505 [main] INFO  o.s.jmx.export.annotation.AnnotationMBeanExporter - Bean with name 'svr820' has been autodetected for JMX exposure
2023-07-11 14:10:18.519 [main] INFO  o.s.jmx.export.annotation.AnnotationMBeanExporter - Located MBean 'svr015': registering with JMX server as MBean [com.zaxxer.hikari:name=svr015,type=HikariDataSource]
2023-07-11 14:10:18.522 [main] INFO  o.s.jmx.export.annotation.AnnotationMBeanExporter - Located MBean 'svr820': registering with JMX server as MBean [com.zaxxer.hikari:name=svr820,type=HikariDataSource]
2023-07-11 14:10:18.555 [main] INFO  org.apache.coyote.http11.Http11NioProtocol - Starting ProtocolHandler ["http-nio-8080"]
2023-07-11 14:10:18.564 [main] INFO  org.apache.tomcat.util.net.NioSelectorPool - Using a shared selector for servlet write/read
2023-07-11 14:10:18.628 [main] INFO  o.s.boot.web.embedded.tomcat.TomcatWebServer - Tomcat started on port(s): 8080 (http) with context path '/CP'
2023-07-11 14:10:18.636 [main] INFO  jp.co.iris.global.CPApplication - Started CPApplication in 13.867 seconds (JVM running for 15.208)
2023-07-11 14:10:24.855 [http-nio-8080-exec-1] INFO  o.a.c.c.ContainerBase.[Tomcat].[localhost].[/CP] - Initializing Spring FrameworkServlet 'dispatcherServlet'
2023-07-11 14:10:24.857 [http-nio-8080-exec-1] INFO  org.springframework.web.servlet.DispatcherServlet - FrameworkServlet 'dispatcherServlet': initialization started
2023-07-11 14:10:24.941 [http-nio-8080-exec-1] INFO  org.springframework.web.servlet.DispatcherServlet - FrameworkServlet 'dispatcherServlet': initialization completed in 83 ms
2023-07-11 14:10:25.079 [http-nio-8080-exec-1] INFO  jp.co.iris.global.utils.LogUtils - IP Address 0:0:0:0:0:0:0:1 : jp.co.iris.global.utils.HttpUtils : post : 39 : HttpUtils post url: http://svr601/authentication.php
2023-07-11 14:10:40.010 [http-nio-8080-exec-9] INFO  com.zaxxer.hikari.HikariDataSource - HikariPool-2 - Starting...
2023-07-11 14:10:41.069 [http-nio-8080-exec-9] INFO  com.zaxxer.hikari.HikariDataSource - HikariPool-2 - Start completed.
2023-07-11 14:10:42.149 [http-nio-8080-exec-9] INFO  com.zaxxer.hikari.HikariDataSource - HikariPool-3 - Starting...
2023-07-11 14:10:43.198 [http-nio-8080-exec-9] INFO  com.zaxxer.hikari.HikariDataSource - HikariPool-3 - Start completed.
2023-07-11 14:10:43.464 [http-nio-8080-exec-7] INFO  com.zaxxer.hikari.HikariDataSource - HikariPool-4 - Starting...
2023-07-11 14:10:43.506 [http-nio-8080-exec-7] INFO  com.zaxxer.hikari.HikariDataSource - HikariPool-4 - Start completed.
2023-07-11 14:10:43.548 [http-nio-8080-exec-7] INFO  o.s.beans.factory.xml.XmlBeanDefinitionReader - Loading XML bean definitions from class path resource [org/springframework/jdbc/support/sql-error-codes.xml]
2023-07-11 14:11:42.229 [RMI TCP Connection(11)-127.0.0.1] INFO  o.s.b.a.SpringApplicationAdminMXBeanRegistrar$SpringApplicationAdmin - Application shutdown requested.
2023-07-11 14:11:42.232 [RMI TCP Connection(11)-127.0.0.1] INFO  o.s.b.w.s.c.AnnotationConfigServletWebServerApplicationContext - Closing org.springframework.boot.web.servlet.context.AnnotationConfigServletWebServerApplicationContext@1a2e2935: startup date [Tue Jul 11 14:10:05 JST 2023]; root of context hierarchy
2023-07-11 14:11:42.247 [RMI TCP Connection(11)-127.0.0.1] INFO  o.s.jmx.export.annotation.AnnotationMBeanExporter - Unregistering JMX-exposed beans on shutdown
2023-07-11 14:11:42.250 [RMI TCP Connection(11)-127.0.0.1] INFO  o.s.jmx.export.annotation.AnnotationMBeanExporter - Unregistering JMX-exposed beans
2023-07-11 14:11:42.264 [RMI TCP Connection(11)-127.0.0.1] INFO  com.zaxxer.hikari.HikariDataSource - HikariPool-4 - Shutdown initiated...
2023-07-11 14:11:42.277 [RMI TCP Connection(11)-127.0.0.1] INFO  com.zaxxer.hikari.HikariDataSource - HikariPool-4 - Shutdown completed.
2023-07-11 14:11:42.279 [RMI TCP Connection(11)-127.0.0.1] INFO  com.zaxxer.hikari.HikariDataSource - HikariPool-1 - Shutdown initiated...
2023-07-11 14:11:42.291 [RMI TCP Connection(11)-127.0.0.1] INFO  com.zaxxer.hikari.HikariDataSource - HikariPool-1 - Shutdown completed.
2023-07-11 14:11:57.431 [main] INFO  jp.co.iris.global.CPApplication - Starting CPApplication on D5564 with PID 5548 (\\SVRV14\ShareData\zhang\CP\target\classes started by c03822 in \\SVRV14\ShareData\zhang\CP)
2023-07-11 14:11:57.436 [main] INFO  jp.co.iris.global.CPApplication - No active profile set, falling back to default profiles: default
2023-07-11 14:11:57.539 [main] INFO  o.s.b.w.s.c.AnnotationConfigServletWebServerApplicationContext - Refreshing org.springframework.boot.web.servlet.context.AnnotationConfigServletWebServerApplicationContext@6e521c1e: startup date [Tue Jul 11 14:11:57 JST 2023]; root of context hierarchy
2023-07-11 14:12:00.311 [main] INFO  o.s.b.f.a.AutowiredAnnotationBeanPostProcessor - JSR-330 'javax.inject.Inject' annotation found and supported for autowiring
2023-07-11 14:12:02.948 [main] INFO  o.s.boot.web.embedded.tomcat.TomcatWebServer - Tomcat initialized with port(s): 8080 (http)
2023-07-11 14:12:03.013 [main] INFO  org.apache.coyote.http11.Http11NioProtocol - Initializing ProtocolHandler ["http-nio-8080"]
2023-07-11 14:12:03.060 [main] INFO  org.apache.catalina.core.StandardService - Starting service [Tomcat]
2023-07-11 14:12:03.060 [main] INFO  org.apache.catalina.core.StandardEngine - Starting Servlet Engine: Apache Tomcat/8.5.34
2023-07-11 14:12:03.102 [localhost-startStop-1] INFO  org.apache.catalina.core.AprLifecycleListener - The APR based Apache Tomcat Native library which allows optimal performance in production environments was not found on the java.library.path: [C:\Java\jdk-11.0.6\bin;C:\Windows\Sun\Java\bin;C:\Windows\system32;C:\Windows;D:/sts-4.18.1.RELEASE//plugins/org.eclipse.justj.openjdk.hotspot.jre.full.win32.x86_64_17.0.7.v20230425-1502/jre/bin/server;D:/sts-4.18.1.RELEASE//plugins/org.eclipse.justj.openjdk.hotspot.jre.full.win32.x86_64_17.0.7.v20230425-1502/jre/bin;C:\Windows\system32;C:\Windows;C:\Windows\System32\Wbem;C:\Windows\System32\WindowsPowerShell\v1.0\;C:\Windows\System32\OpenSSH\;C:\Program Files (x86)\NVIDIA Corporation\PhysX\Common;C:\Program Files\NVIDIA Corporation\NVIDIA NvDLISR;C:\Program Files (x86)\Microsoft SQL Server\150\DTS\Binn\;C:\Java\jdk-11.0.6\bin;C:\Java\jdk-11.0.6\jre\bin;D:\zhang\apache-maven-3.5.3\bin;C:\Users\C03822\AppData\Local\Microsoft\WindowsApps;;D:\sts-4.18.1.RELEASE;;.]
2023-07-11 14:12:03.726 [localhost-startStop-1] INFO  org.apache.jasper.servlet.TldScanner - At least one JAR was scanned for TLDs yet contained no TLDs. Enable debug logging for this logger for a complete list of JARs that were scanned but no TLDs were found in them. Skipping unneeded JARs during scanning can improve startup time and JSP compilation time.
2023-07-11 14:12:03.738 [localhost-startStop-1] INFO  o.a.c.c.ContainerBase.[Tomcat].[localhost].[/CP] - Initializing Spring embedded WebApplicationContext
2023-07-11 14:12:03.742 [localhost-startStop-1] INFO  org.springframework.web.context.ContextLoader - Root WebApplicationContext: initialization completed in 6203 ms
2023-07-11 14:12:04.045 [localhost-startStop-1] INFO  o.s.boot.web.servlet.ServletRegistrationBean - Servlet dispatcherServlet mapped to [/]
2023-07-11 14:12:04.072 [localhost-startStop-1] INFO  o.s.boot.web.servlet.FilterRegistrationBean - Mapping filter: 'characterEncodingFilter' to: [/*]
2023-07-11 14:12:04.073 [localhost-startStop-1] INFO  o.s.boot.web.servlet.FilterRegistrationBean - Mapping filter: 'hiddenHttpMethodFilter' to: [/*]
2023-07-11 14:12:04.074 [localhost-startStop-1] INFO  o.s.boot.web.servlet.FilterRegistrationBean - Mapping filter: 'httpPutFormContentFilter' to: [/*]
2023-07-11 14:12:04.075 [localhost-startStop-1] INFO  o.s.boot.web.servlet.FilterRegistrationBean - Mapping filter: 'requestContextFilter' to: [/*]
2023-07-11 14:12:04.075 [localhost-startStop-1] INFO  o.s.boot.web.servlet.FilterRegistrationBean - Mapping filter: 'resourceUrlEncodingFilter' to: [/*]
2023-07-11 14:12:04.622 [main] INFO  com.zaxxer.hikari.HikariDataSource - HikariPool-1 - Starting...
2023-07-11 14:12:06.051 [main] INFO  com.zaxxer.hikari.HikariDataSource - HikariPool-1 - Start completed.
2023-07-11 14:12:07.448 [main] INFO  o.s.web.servlet.handler.SimpleUrlHandlerMapping - Mapped URL path [/**/favicon.ico] onto handler of type [class org.springframework.web.servlet.resource.ResourceHttpRequestHandler]
2023-07-11 14:12:08.113 [main] INFO  o.s.w.s.m.m.a.RequestMappingHandlerAdapter - Looking for @ControllerAdvice: org.springframework.boot.web.servlet.context.AnnotationConfigServletWebServerApplicationContext@6e521c1e: startup date [Tue Jul 11 14:11:57 JST 2023]; root of context hierarchy
2023-07-11 14:12:08.435 [main] INFO  o.s.w.s.m.m.a.RequestMappingHandlerMapping - Mapped "{[/CP100/asSearch],methods=[GET]}" onto public java.util.List<jp.co.iris.global.bean.CP100AsBindBean> jp.co.iris.global.controller.CP100Controller.asSearch(java.lang.String,java.lang.String)
2023-07-11 14:12:08.440 [main] INFO  o.s.w.s.m.m.a.RequestMappingHandlerMapping - Mapped "{[/CP100/azPlazaSearch],methods=[GET]}" onto public java.util.Map<java.lang.String, java.util.List<jp.co.iris.global.bean.CP10007Bean>> jp.co.iris.global.controller.CP100Controller.azSearch(java.lang.String,java.lang.String)
2023-07-11 14:12:08.444 [main] INFO  o.s.w.s.m.m.a.RequestMappingHandlerMapping - Mapped "{[/CP100/authentication],methods=[GET]}" onto public org.springframework.web.servlet.ModelAndView jp.co.iris.global.controller.CP100Controller.authentication(java.lang.String,org.springframework.web.servlet.ModelAndView)
2023-07-11 14:12:08.444 [main] INFO  o.s.w.s.m.m.a.RequestMappingHandlerMapping - Mapped "{[/CP100/cpSearch],methods=[GET]}" onto public java.util.List<jp.co.iris.global.bean.CP10001Bean> jp.co.iris.global.controller.CP100Controller.cpSearch(java.lang.String)
2023-07-11 14:12:08.449 [main] INFO  o.s.w.s.m.m.a.RequestMappingHandlerMapping - Mapped "{[/CP100/csSearch],methods=[GET]}" onto public java.util.List<jp.co.iris.global.bean.CP100CsBindBean> jp.co.iris.global.controller.CP100Controller.csSearch(java.lang.String,java.lang.String)
2023-07-11 14:12:08.450 [main] INFO  o.s.w.s.m.m.a.RequestMappingHandlerMapping - Mapped "{[/CP100],methods=[GET]}" onto public org.springframework.web.servlet.ModelAndView jp.co.iris.global.controller.CP100Controller.getViewsInfo(org.springframework.web.servlet.ModelAndView)
2023-07-11 14:12:08.467 [main] INFO  o.s.w.s.m.m.a.RequestMappingHandlerMapping - Mapped "{[/error]}" onto public org.springframework.http.ResponseEntity<java.util.Map<java.lang.String, java.lang.Object>> org.springframework.boot.autoconfigure.web.servlet.error.BasicErrorController.error(javax.servlet.http.HttpServletRequest)
2023-07-11 14:12:08.468 [main] INFO  o.s.w.s.m.m.a.RequestMappingHandlerMapping - Mapped "{[/error],produces=[text/html]}" onto public org.springframework.web.servlet.ModelAndView org.springframework.boot.autoconfigure.web.servlet.error.BasicErrorController.errorHtml(javax.servlet.http.HttpServletRequest,javax.servlet.http.HttpServletResponse)
2023-07-11 14:12:08.684 [main] INFO  o.s.web.servlet.handler.SimpleUrlHandlerMapping - Mapped URL path [/webjars/**] onto handler of type [class org.springframework.web.servlet.resource.ResourceHttpRequestHandler]
2023-07-11 14:12:08.685 [main] INFO  o.s.web.servlet.handler.SimpleUrlHandlerMapping - Mapped URL path [/**] onto handler of type [class org.springframework.web.servlet.resource.ResourceHttpRequestHandler]
2023-07-11 14:12:08.739 [main] INFO  o.s.w.s.m.m.a.ExceptionHandlerExceptionResolver - Detected @ExceptionHandler methods in globalExceptionHandler
2023-07-11 14:12:09.857 [main] INFO  o.s.jmx.export.annotation.AnnotationMBeanExporter - Registering beans for JMX exposure on startup
2023-07-11 14:12:09.861 [main] INFO  o.s.jmx.export.annotation.AnnotationMBeanExporter - Bean with name 'svr015' has been autodetected for JMX exposure
2023-07-11 14:12:09.863 [main] INFO  o.s.jmx.export.annotation.AnnotationMBeanExporter - Bean with name 'svr820' has been autodetected for JMX exposure
2023-07-11 14:12:09.874 [main] INFO  o.s.jmx.export.annotation.AnnotationMBeanExporter - Located MBean 'svr015': registering with JMX server as MBean [com.zaxxer.hikari:name=svr015,type=HikariDataSource]
2023-07-11 14:12:09.876 [main] INFO  o.s.jmx.export.annotation.AnnotationMBeanExporter - Located MBean 'svr820': registering with JMX server as MBean [com.zaxxer.hikari:name=svr820,type=HikariDataSource]
2023-07-11 14:12:09.907 [main] INFO  org.apache.coyote.http11.Http11NioProtocol - Starting ProtocolHandler ["http-nio-8080"]
2023-07-11 14:12:09.917 [main] INFO  org.apache.tomcat.util.net.NioSelectorPool - Using a shared selector for servlet write/read
2023-07-11 14:12:09.999 [main] INFO  o.s.boot.web.embedded.tomcat.TomcatWebServer - Tomcat started on port(s): 8080 (http) with context path '/CP'
2023-07-11 14:12:10.011 [main] INFO  jp.co.iris.global.CPApplication - Started CPApplication in 13.603 seconds (JVM running for 14.696)
2023-07-11 14:12:15.973 [http-nio-8080-exec-1] INFO  o.a.c.c.ContainerBase.[Tomcat].[localhost].[/CP] - Initializing Spring FrameworkServlet 'dispatcherServlet'
2023-07-11 14:12:15.977 [http-nio-8080-exec-1] INFO  org.springframework.web.servlet.DispatcherServlet - FrameworkServlet 'dispatcherServlet': initialization started
2023-07-11 14:12:16.083 [http-nio-8080-exec-1] INFO  org.springframework.web.servlet.DispatcherServlet - FrameworkServlet 'dispatcherServlet': initialization completed in 101 ms
2023-07-11 14:12:16.272 [http-nio-8080-exec-1] INFO  jp.co.iris.global.utils.LogUtils - IP Address 0:0:0:0:0:0:0:1 : jp.co.iris.global.utils.HttpUtils : post : 39 : HttpUtils post url: http://svr601/authentication.php
2023-07-11 14:12:28.222 [http-nio-8080-exec-2] INFO  com.zaxxer.hikari.HikariDataSource - HikariPool-2 - Starting...
2023-07-11 14:12:29.262 [http-nio-8080-exec-2] INFO  com.zaxxer.hikari.HikariDataSource - HikariPool-2 - Start completed.
2023-07-11 14:12:29.693 [http-nio-8080-exec-2] INFO  com.zaxxer.hikari.HikariDataSource - HikariPool-3 - Starting...
2023-07-11 14:12:30.815 [http-nio-8080-exec-2] INFO  com.zaxxer.hikari.HikariDataSource - HikariPool-3 - Start completed.
2023-07-11 14:12:31.010 [http-nio-8080-exec-5] INFO  com.zaxxer.hikari.HikariDataSource - HikariPool-4 - Starting...
2023-07-11 14:12:31.037 [http-nio-8080-exec-5] INFO  com.zaxxer.hikari.HikariDataSource - HikariPool-4 - Start completed.
2023-07-11 14:12:31.076 [http-nio-8080-exec-5] INFO  o.s.beans.factory.xml.XmlBeanDefinitionReader - Loading XML bean definitions from class path resource [org/springframework/jdbc/support/sql-error-codes.xml]
2023-07-11 14:13:54.742 [RMI TCP Connection(11)-127.0.0.1] INFO  o.s.b.a.SpringApplicationAdminMXBeanRegistrar$SpringApplicationAdmin - Application shutdown requested.
2023-07-11 14:13:54.744 [RMI TCP Connection(11)-127.0.0.1] INFO  o.s.b.w.s.c.AnnotationConfigServletWebServerApplicationContext - Closing org.springframework.boot.web.servlet.context.AnnotationConfigServletWebServerApplicationContext@6e521c1e: startup date [Tue Jul 11 14:11:57 JST 2023]; root of context hierarchy
2023-07-11 14:13:54.758 [RMI TCP Connection(11)-127.0.0.1] INFO  o.s.jmx.export.annotation.AnnotationMBeanExporter - Unregistering JMX-exposed beans on shutdown
2023-07-11 14:13:54.762 [RMI TCP Connection(11)-127.0.0.1] INFO  o.s.jmx.export.annotation.AnnotationMBeanExporter - Unregistering JMX-exposed beans
2023-07-11 14:13:54.778 [RMI TCP Connection(11)-127.0.0.1] INFO  com.zaxxer.hikari.HikariDataSource - HikariPool-4 - Shutdown initiated...
2023-07-11 14:13:54.795 [RMI TCP Connection(11)-127.0.0.1] INFO  com.zaxxer.hikari.HikariDataSource - HikariPool-4 - Shutdown completed.
2023-07-11 14:13:54.796 [RMI TCP Connection(11)-127.0.0.1] INFO  com.zaxxer.hikari.HikariDataSource - HikariPool-1 - Shutdown initiated...
2023-07-11 14:13:54.808 [RMI TCP Connection(11)-127.0.0.1] INFO  com.zaxxer.hikari.HikariDataSource - HikariPool-1 - Shutdown completed.
2023-07-11 14:14:18.326 [main] INFO  jp.co.iris.global.CPApplication - Starting CPApplication on D5564 with PID 10948 (\\SVRV14\ShareData\zhang\CP\target\classes started by c03822 in \\SVRV14\ShareData\zhang\CP)
2023-07-11 14:14:18.330 [main] INFO  jp.co.iris.global.CPApplication - No active profile set, falling back to default profiles: default
2023-07-11 14:14:18.436 [main] INFO  o.s.b.w.s.c.AnnotationConfigServletWebServerApplicationContext - Refreshing org.springframework.boot.web.servlet.context.AnnotationConfigServletWebServerApplicationContext@770d4269: startup date [Tue Jul 11 14:14:18 JST 2023]; root of context hierarchy
2023-07-11 14:14:21.002 [main] INFO  o.s.b.f.a.AutowiredAnnotationBeanPostProcessor - JSR-330 'javax.inject.Inject' annotation found and supported for autowiring
2023-07-11 14:14:23.020 [main] INFO  o.s.boot.web.embedded.tomcat.TomcatWebServer - Tomcat initialized with port(s): 8080 (http)
2023-07-11 14:14:23.064 [main] INFO  org.apache.coyote.http11.Http11NioProtocol - Initializing ProtocolHandler ["http-nio-8080"]
2023-07-11 14:14:23.101 [main] INFO  org.apache.catalina.core.StandardService - Starting service [Tomcat]
2023-07-11 14:14:23.101 [main] INFO  org.apache.catalina.core.StandardEngine - Starting Servlet Engine: Apache Tomcat/8.5.34
2023-07-11 14:14:23.143 [localhost-startStop-1] INFO  org.apache.catalina.core.AprLifecycleListener - The APR based Apache Tomcat Native library which allows optimal performance in production environments was not found on the java.library.path: [C:\Java\jdk-11.0.6\bin;C:\Windows\Sun\Java\bin;C:\Windows\system32;C:\Windows;D:/sts-4.18.1.RELEASE//plugins/org.eclipse.justj.openjdk.hotspot.jre.full.win32.x86_64_17.0.7.v20230425-1502/jre/bin/server;D:/sts-4.18.1.RELEASE//plugins/org.eclipse.justj.openjdk.hotspot.jre.full.win32.x86_64_17.0.7.v20230425-1502/jre/bin;C:\Windows\system32;C:\Windows;C:\Windows\System32\Wbem;C:\Windows\System32\WindowsPowerShell\v1.0\;C:\Windows\System32\OpenSSH\;C:\Program Files (x86)\NVIDIA Corporation\PhysX\Common;C:\Program Files\NVIDIA Corporation\NVIDIA NvDLISR;C:\Program Files (x86)\Microsoft SQL Server\150\DTS\Binn\;C:\Java\jdk-11.0.6\bin;C:\Java\jdk-11.0.6\jre\bin;D:\zhang\apache-maven-3.5.3\bin;C:\Users\C03822\AppData\Local\Microsoft\WindowsApps;;D:\sts-4.18.1.RELEASE;;.]
2023-07-11 14:14:23.729 [localhost-startStop-1] INFO  org.apache.jasper.servlet.TldScanner - At least one JAR was scanned for TLDs yet contained no TLDs. Enable debug logging for this logger for a complete list of JARs that were scanned but no TLDs were found in them. Skipping unneeded JARs during scanning can improve startup time and JSP compilation time.
2023-07-11 14:14:23.746 [localhost-startStop-1] INFO  o.a.c.c.ContainerBase.[Tomcat].[localhost].[/CP] - Initializing Spring embedded WebApplicationContext
2023-07-11 14:14:23.752 [localhost-startStop-1] INFO  org.springframework.web.context.ContextLoader - Root WebApplicationContext: initialization completed in 5316 ms
2023-07-11 14:14:24.080 [localhost-startStop-1] INFO  o.s.boot.web.servlet.ServletRegistrationBean - Servlet dispatcherServlet mapped to [/]
2023-07-11 14:14:24.102 [localhost-startStop-1] INFO  o.s.boot.web.servlet.FilterRegistrationBean - Mapping filter: 'characterEncodingFilter' to: [/*]
2023-07-11 14:14:24.103 [localhost-startStop-1] INFO  o.s.boot.web.servlet.FilterRegistrationBean - Mapping filter: 'hiddenHttpMethodFilter' to: [/*]
2023-07-11 14:14:24.104 [localhost-startStop-1] INFO  o.s.boot.web.servlet.FilterRegistrationBean - Mapping filter: 'httpPutFormContentFilter' to: [/*]
2023-07-11 14:14:24.106 [localhost-startStop-1] INFO  o.s.boot.web.servlet.FilterRegistrationBean - Mapping filter: 'requestContextFilter' to: [/*]
2023-07-11 14:14:24.107 [localhost-startStop-1] INFO  o.s.boot.web.servlet.FilterRegistrationBean - Mapping filter: 'resourceUrlEncodingFilter' to: [/*]
2023-07-11 14:14:24.672 [main] INFO  com.zaxxer.hikari.HikariDataSource - HikariPool-1 - Starting...
2023-07-11 14:14:26.131 [main] INFO  com.zaxxer.hikari.HikariDataSource - HikariPool-1 - Start completed.
2023-07-11 14:14:27.501 [main] INFO  o.s.web.servlet.handler.SimpleUrlHandlerMapping - Mapped URL path [/**/favicon.ico] onto handler of type [class org.springframework.web.servlet.resource.ResourceHttpRequestHandler]
2023-07-11 14:14:28.083 [main] INFO  o.s.w.s.m.m.a.RequestMappingHandlerAdapter - Looking for @ControllerAdvice: org.springframework.boot.web.servlet.context.AnnotationConfigServletWebServerApplicationContext@770d4269: startup date [Tue Jul 11 14:14:18 JST 2023]; root of context hierarchy
2023-07-11 14:14:28.388 [main] INFO  o.s.w.s.m.m.a.RequestMappingHandlerMapping - Mapped "{[/CP100/csSearch],methods=[GET]}" onto public java.util.List<jp.co.iris.global.bean.CP100CsBindBean> jp.co.iris.global.controller.CP100Controller.csSearch(java.lang.String,java.lang.String)
2023-07-11 14:14:28.392 [main] INFO  o.s.w.s.m.m.a.RequestMappingHandlerMapping - Mapped "{[/CP100],methods=[GET]}" onto public org.springframework.web.servlet.ModelAndView jp.co.iris.global.controller.CP100Controller.getViewsInfo(org.springframework.web.servlet.ModelAndView)
2023-07-11 14:14:28.395 [main] INFO  o.s.w.s.m.m.a.RequestMappingHandlerMapping - Mapped "{[/CP100/cpSearch],methods=[GET]}" onto public java.util.List<jp.co.iris.global.bean.CP10001Bean> jp.co.iris.global.controller.CP100Controller.cpSearch(java.lang.String)
2023-07-11 14:14:28.395 [main] INFO  o.s.w.s.m.m.a.RequestMappingHandlerMapping - Mapped "{[/CP100/azPlazaSearch],methods=[GET]}" onto public java.util.Map<java.lang.String, java.util.List<jp.co.iris.global.bean.CP10007Bean>> jp.co.iris.global.controller.CP100Controller.azSearch(java.lang.String,java.lang.String)
2023-07-11 14:14:28.398 [main] INFO  o.s.w.s.m.m.a.RequestMappingHandlerMapping - Mapped "{[/CP100/authentication],methods=[GET]}" onto public org.springframework.web.servlet.ModelAndView jp.co.iris.global.controller.CP100Controller.authentication(java.lang.String,org.springframework.web.servlet.ModelAndView)
2023-07-11 14:14:28.398 [main] INFO  o.s.w.s.m.m.a.RequestMappingHandlerMapping - Mapped "{[/CP100/asSearch],methods=[GET]}" onto public java.util.List<jp.co.iris.global.bean.CP100AsBindBean> jp.co.iris.global.controller.CP100Controller.asSearch(java.lang.String,java.lang.String)
2023-07-11 14:14:28.414 [main] INFO  o.s.w.s.m.m.a.RequestMappingHandlerMapping - Mapped "{[/error]}" onto public org.springframework.http.ResponseEntity<java.util.Map<java.lang.String, java.lang.Object>> org.springframework.boot.autoconfigure.web.servlet.error.BasicErrorController.error(javax.servlet.http.HttpServletRequest)
2023-07-11 14:14:28.415 [main] INFO  o.s.w.s.m.m.a.RequestMappingHandlerMapping - Mapped "{[/error],produces=[text/html]}" onto public org.springframework.web.servlet.ModelAndView org.springframework.boot.autoconfigure.web.servlet.error.BasicErrorController.errorHtml(javax.servlet.http.HttpServletRequest,javax.servlet.http.HttpServletResponse)
2023-07-11 14:14:28.652 [main] INFO  o.s.web.servlet.handler.SimpleUrlHandlerMapping - Mapped URL path [/webjars/**] onto handler of type [class org.springframework.web.servlet.resource.ResourceHttpRequestHandler]
2023-07-11 14:14:28.653 [main] INFO  o.s.web.servlet.handler.SimpleUrlHandlerMapping - Mapped URL path [/**] onto handler of type [class org.springframework.web.servlet.resource.ResourceHttpRequestHandler]
2023-07-11 14:14:28.711 [main] INFO  o.s.w.s.m.m.a.ExceptionHandlerExceptionResolver - Detected @ExceptionHandler methods in globalExceptionHandler
2023-07-11 14:14:29.762 [main] INFO  o.s.jmx.export.annotation.AnnotationMBeanExporter - Registering beans for JMX exposure on startup
2023-07-11 14:14:29.769 [main] INFO  o.s.jmx.export.annotation.AnnotationMBeanExporter - Bean with name 'svr015' has been autodetected for JMX exposure
2023-07-11 14:14:29.771 [main] INFO  o.s.jmx.export.annotation.AnnotationMBeanExporter - Bean with name 'svr820' has been autodetected for JMX exposure
2023-07-11 14:14:29.782 [main] INFO  o.s.jmx.export.annotation.AnnotationMBeanExporter - Located MBean 'svr015': registering with JMX server as MBean [com.zaxxer.hikari:name=svr015,type=HikariDataSource]
2023-07-11 14:14:29.785 [main] INFO  o.s.jmx.export.annotation.AnnotationMBeanExporter - Located MBean 'svr820': registering with JMX server as MBean [com.zaxxer.hikari:name=svr820,type=HikariDataSource]
2023-07-11 14:14:29.814 [main] INFO  org.apache.coyote.http11.Http11NioProtocol - Starting ProtocolHandler ["http-nio-8080"]
2023-07-11 14:14:29.824 [main] INFO  org.apache.tomcat.util.net.NioSelectorPool - Using a shared selector for servlet write/read
2023-07-11 14:14:29.896 [main] INFO  o.s.boot.web.embedded.tomcat.TomcatWebServer - Tomcat started on port(s): 8080 (http) with context path '/CP'
2023-07-11 14:14:29.907 [main] INFO  jp.co.iris.global.CPApplication - Started CPApplication in 12.637 seconds (JVM running for 13.963)
2023-07-11 14:14:34.149 [http-nio-8080-exec-1] INFO  o.a.c.c.ContainerBase.[Tomcat].[localhost].[/CP] - Initializing Spring FrameworkServlet 'dispatcherServlet'
2023-07-11 14:14:34.151 [http-nio-8080-exec-1] INFO  org.springframework.web.servlet.DispatcherServlet - FrameworkServlet 'dispatcherServlet': initialization started
2023-07-11 14:14:34.239 [http-nio-8080-exec-1] INFO  org.springframework.web.servlet.DispatcherServlet - FrameworkServlet 'dispatcherServlet': initialization completed in 86 ms
2023-07-11 14:14:34.432 [http-nio-8080-exec-1] INFO  jp.co.iris.global.utils.LogUtils - IP Address 0:0:0:0:0:0:0:1 : jp.co.iris.global.utils.HttpUtils : post : 39 : HttpUtils post url: http://svr601/authentication.php
2023-07-11 14:14:47.960 [http-nio-8080-exec-2] INFO  com.zaxxer.hikari.HikariDataSource - HikariPool-2 - Starting...
2023-07-11 14:14:49.008 [http-nio-8080-exec-2] INFO  com.zaxxer.hikari.HikariDataSource - HikariPool-2 - Start completed.
2023-07-11 14:14:49.459 [http-nio-8080-exec-2] INFO  com.zaxxer.hikari.HikariDataSource - HikariPool-3 - Starting...
2023-07-11 14:14:50.512 [http-nio-8080-exec-2] INFO  com.zaxxer.hikari.HikariDataSource - HikariPool-3 - Start completed.
2023-07-11 14:14:50.686 [http-nio-8080-exec-5] INFO  com.zaxxer.hikari.HikariDataSource - HikariPool-4 - Starting...
2023-07-11 14:14:50.727 [http-nio-8080-exec-5] INFO  com.zaxxer.hikari.HikariDataSource - HikariPool-4 - Start completed.
2023-07-11 14:23:52.511 [RMI TCP Connection(20)-127.0.0.1] INFO  o.s.b.a.SpringApplicationAdminMXBeanRegistrar$SpringApplicationAdmin - Application shutdown requested.
2023-07-11 14:23:52.514 [RMI TCP Connection(20)-127.0.0.1] INFO  o.s.b.w.s.c.AnnotationConfigServletWebServerApplicationContext - Closing org.springframework.boot.web.servlet.context.AnnotationConfigServletWebServerApplicationContext@770d4269: startup date [Tue Jul 11 14:14:18 JST 2023]; root of context hierarchy
2023-07-11 14:23:52.527 [RMI TCP Connection(20)-127.0.0.1] INFO  o.s.jmx.export.annotation.AnnotationMBeanExporter - Unregistering JMX-exposed beans on shutdown
2023-07-11 14:23:52.528 [RMI TCP Connection(20)-127.0.0.1] INFO  o.s.jmx.export.annotation.AnnotationMBeanExporter - Unregistering JMX-exposed beans
2023-07-11 14:23:52.542 [RMI TCP Connection(20)-127.0.0.1] INFO  com.zaxxer.hikari.HikariDataSource - HikariPool-4 - Shutdown initiated...
2023-07-11 14:23:52.557 [RMI TCP Connection(20)-127.0.0.1] INFO  com.zaxxer.hikari.HikariDataSource - HikariPool-4 - Shutdown completed.
2023-07-11 14:23:52.557 [RMI TCP Connection(20)-127.0.0.1] INFO  com.zaxxer.hikari.HikariDataSource - HikariPool-1 - Shutdown initiated...
2023-07-11 14:23:52.569 [RMI TCP Connection(20)-127.0.0.1] INFO  com.zaxxer.hikari.HikariDataSource - HikariPool-1 - Shutdown completed.
2023-07-11 14:24:39.472 [main] INFO  jp.co.iris.global.CPApplication - Starting CPApplication on D5564 with PID 15656 (\\SVRV14\ShareData\zhang\CP\target\classes started by c03822 in \\SVRV14\ShareData\zhang\CP)
2023-07-11 14:24:39.477 [main] INFO  jp.co.iris.global.CPApplication - No active profile set, falling back to default profiles: default
2023-07-11 14:24:39.584 [main] INFO  o.s.b.w.s.c.AnnotationConfigServletWebServerApplicationContext - Refreshing org.springframework.boot.web.servlet.context.AnnotationConfigServletWebServerApplicationContext@5dbe30be: startup date [Tue Jul 11 14:24:39 JST 2023]; root of context hierarchy
2023-07-11 14:24:42.331 [main] INFO  o.s.b.f.a.AutowiredAnnotationBeanPostProcessor - JSR-330 'javax.inject.Inject' annotation found and supported for autowiring
2023-07-11 14:24:44.720 [main] INFO  o.s.boot.web.embedded.tomcat.TomcatWebServer - Tomcat initialized with port(s): 8080 (http)
2023-07-11 14:24:44.765 [main] INFO  org.apache.coyote.http11.Http11NioProtocol - Initializing ProtocolHandler ["http-nio-8080"]
2023-07-11 14:24:44.802 [main] INFO  org.apache.catalina.core.StandardService - Starting service [Tomcat]
2023-07-11 14:24:44.803 [main] INFO  org.apache.catalina.core.StandardEngine - Starting Servlet Engine: Apache Tomcat/8.5.34
2023-07-11 14:24:44.829 [localhost-startStop-1] INFO  org.apache.catalina.core.AprLifecycleListener - The APR based Apache Tomcat Native library which allows optimal performance in production environments was not found on the java.library.path: [C:\Java\jdk-11.0.6\bin;C:\Windows\Sun\Java\bin;C:\Windows\system32;C:\Windows;D:/sts-4.18.1.RELEASE//plugins/org.eclipse.justj.openjdk.hotspot.jre.full.win32.x86_64_17.0.7.v20230425-1502/jre/bin/server;D:/sts-4.18.1.RELEASE//plugins/org.eclipse.justj.openjdk.hotspot.jre.full.win32.x86_64_17.0.7.v20230425-1502/jre/bin;C:\Windows\system32;C:\Windows;C:\Windows\System32\Wbem;C:\Windows\System32\WindowsPowerShell\v1.0\;C:\Windows\System32\OpenSSH\;C:\Program Files (x86)\NVIDIA Corporation\PhysX\Common;C:\Program Files\NVIDIA Corporation\NVIDIA NvDLISR;C:\Program Files (x86)\Microsoft SQL Server\150\DTS\Binn\;C:\Java\jdk-11.0.6\bin;C:\Java\jdk-11.0.6\jre\bin;D:\zhang\apache-maven-3.5.3\bin;C:\Users\C03822\AppData\Local\Microsoft\WindowsApps;;D:\sts-4.18.1.RELEASE;;.]
2023-07-11 14:24:45.333 [localhost-startStop-1] INFO  org.apache.jasper.servlet.TldScanner - At least one JAR was scanned for TLDs yet contained no TLDs. Enable debug logging for this logger for a complete list of JARs that were scanned but no TLDs were found in them. Skipping unneeded JARs during scanning can improve startup time and JSP compilation time.
2023-07-11 14:24:45.345 [localhost-startStop-1] INFO  o.a.c.c.ContainerBase.[Tomcat].[localhost].[/CP] - Initializing Spring embedded WebApplicationContext
2023-07-11 14:24:45.349 [localhost-startStop-1] INFO  org.springframework.web.context.ContextLoader - Root WebApplicationContext: initialization completed in 5765 ms
2023-07-11 14:24:45.584 [localhost-startStop-1] INFO  o.s.boot.web.servlet.ServletRegistrationBean - Servlet dispatcherServlet mapped to [/]
2023-07-11 14:24:45.601 [localhost-startStop-1] INFO  o.s.boot.web.servlet.FilterRegistrationBean - Mapping filter: 'characterEncodingFilter' to: [/*]
2023-07-11 14:24:45.602 [localhost-startStop-1] INFO  o.s.boot.web.servlet.FilterRegistrationBean - Mapping filter: 'hiddenHttpMethodFilter' to: [/*]
2023-07-11 14:24:45.603 [localhost-startStop-1] INFO  o.s.boot.web.servlet.FilterRegistrationBean - Mapping filter: 'httpPutFormContentFilter' to: [/*]
2023-07-11 14:24:45.606 [localhost-startStop-1] INFO  o.s.boot.web.servlet.FilterRegistrationBean - Mapping filter: 'requestContextFilter' to: [/*]
2023-07-11 14:24:45.606 [localhost-startStop-1] INFO  o.s.boot.web.servlet.FilterRegistrationBean - Mapping filter: 'resourceUrlEncodingFilter' to: [/*]
2023-07-11 14:24:46.080 [main] INFO  com.zaxxer.hikari.HikariDataSource - HikariPool-1 - Starting...
2023-07-11 14:24:47.523 [main] INFO  com.zaxxer.hikari.HikariDataSource - HikariPool-1 - Start completed.
2023-07-11 14:24:48.678 [main] INFO  o.s.web.servlet.handler.SimpleUrlHandlerMapping - Mapped URL path [/**/favicon.ico] onto handler of type [class org.springframework.web.servlet.resource.ResourceHttpRequestHandler]
2023-07-11 14:24:49.276 [main] INFO  o.s.w.s.m.m.a.RequestMappingHandlerAdapter - Looking for @ControllerAdvice: org.springframework.boot.web.servlet.context.AnnotationConfigServletWebServerApplicationContext@5dbe30be: startup date [Tue Jul 11 14:24:39 JST 2023]; root of context hierarchy
2023-07-11 14:24:49.556 [main] INFO  o.s.w.s.m.m.a.RequestMappingHandlerMapping - Mapped "{[/CP100],methods=[GET]}" onto public org.springframework.web.servlet.ModelAndView jp.co.iris.global.controller.CP100Controller.getViewsInfo(org.springframework.web.servlet.ModelAndView)
2023-07-11 14:24:49.562 [main] INFO  o.s.w.s.m.m.a.RequestMappingHandlerMapping - Mapped "{[/CP100/cpSearch],methods=[GET]}" onto public java.util.List<jp.co.iris.global.bean.CP10001Bean> jp.co.iris.global.controller.CP100Controller.cpSearch(java.lang.String)
2023-07-11 14:24:49.567 [main] INFO  o.s.w.s.m.m.a.RequestMappingHandlerMapping - Mapped "{[/CP100/asSearch],methods=[GET]}" onto public java.util.List<jp.co.iris.global.bean.CP100AsBindBean> jp.co.iris.global.controller.CP100Controller.asSearch(java.lang.String,java.lang.String)
2023-07-11 14:24:49.567 [main] INFO  o.s.w.s.m.m.a.RequestMappingHandlerMapping - Mapped "{[/CP100/azPlazaSearch],methods=[GET]}" onto public java.util.Map<java.lang.String, java.util.List<jp.co.iris.global.bean.CP10007Bean>> jp.co.iris.global.controller.CP100Controller.azSearch(java.lang.String,java.lang.String)
2023-07-11 14:24:49.572 [main] INFO  o.s.w.s.m.m.a.RequestMappingHandlerMapping - Mapped "{[/CP100/csSearch],methods=[GET]}" onto public java.util.List<jp.co.iris.global.bean.CP100CsBindBean> jp.co.iris.global.controller.CP100Controller.csSearch(java.lang.String,java.lang.String)
2023-07-11 14:24:49.573 [main] INFO  o.s.w.s.m.m.a.RequestMappingHandlerMapping - Mapped "{[/CP100/authentication],methods=[GET]}" onto public org.springframework.web.servlet.ModelAndView jp.co.iris.global.controller.CP100Controller.authentication(java.lang.String,org.springframework.web.servlet.ModelAndView)
2023-07-11 14:24:49.589 [main] INFO  o.s.w.s.m.m.a.RequestMappingHandlerMapping - Mapped "{[/error]}" onto public org.springframework.http.ResponseEntity<java.util.Map<java.lang.String, java.lang.Object>> org.springframework.boot.autoconfigure.web.servlet.error.BasicErrorController.error(javax.servlet.http.HttpServletRequest)
2023-07-11 14:24:49.589 [main] INFO  o.s.w.s.m.m.a.RequestMappingHandlerMapping - Mapped "{[/error],produces=[text/html]}" onto public org.springframework.web.servlet.ModelAndView org.springframework.boot.autoconfigure.web.servlet.error.BasicErrorController.errorHtml(javax.servlet.http.HttpServletRequest,javax.servlet.http.HttpServletResponse)
2023-07-11 14:24:49.828 [main] INFO  o.s.web.servlet.handler.SimpleUrlHandlerMapping - Mapped URL path [/webjars/**] onto handler of type [class org.springframework.web.servlet.resource.ResourceHttpRequestHandler]
2023-07-11 14:24:49.829 [main] INFO  o.s.web.servlet.handler.SimpleUrlHandlerMapping - Mapped URL path [/**] onto handler of type [class org.springframework.web.servlet.resource.ResourceHttpRequestHandler]
2023-07-11 14:24:49.888 [main] INFO  o.s.w.s.m.m.a.ExceptionHandlerExceptionResolver - Detected @ExceptionHandler methods in globalExceptionHandler
2023-07-11 14:24:50.995 [main] INFO  o.s.jmx.export.annotation.AnnotationMBeanExporter - Registering beans for JMX exposure on startup
2023-07-11 14:24:51.000 [main] INFO  o.s.jmx.export.annotation.AnnotationMBeanExporter - Bean with name 'svr015' has been autodetected for JMX exposure
2023-07-11 14:24:51.001 [main] INFO  o.s.jmx.export.annotation.AnnotationMBeanExporter - Bean with name 'svr820' has been autodetected for JMX exposure
2023-07-11 14:24:51.011 [main] INFO  o.s.jmx.export.annotation.AnnotationMBeanExporter - Located MBean 'svr015': registering with JMX server as MBean [com.zaxxer.hikari:name=svr015,type=HikariDataSource]
2023-07-11 14:24:51.014 [main] INFO  o.s.jmx.export.annotation.AnnotationMBeanExporter - Located MBean 'svr820': registering with JMX server as MBean [com.zaxxer.hikari:name=svr820,type=HikariDataSource]
2023-07-11 14:24:51.045 [main] INFO  org.apache.coyote.http11.Http11NioProtocol - Starting ProtocolHandler ["http-nio-8080"]
2023-07-11 14:24:51.053 [main] INFO  org.apache.tomcat.util.net.NioSelectorPool - Using a shared selector for servlet write/read
2023-07-11 14:24:51.112 [main] INFO  o.s.boot.web.embedded.tomcat.TomcatWebServer - Tomcat started on port(s): 8080 (http) with context path '/CP'
2023-07-11 14:24:51.120 [main] INFO  jp.co.iris.global.CPApplication - Started CPApplication in 12.656 seconds (JVM running for 13.78)
2023-07-11 14:24:51.343 [http-nio-8080-exec-1] INFO  o.a.c.c.ContainerBase.[Tomcat].[localhost].[/CP] - Initializing Spring FrameworkServlet 'dispatcherServlet'
2023-07-11 14:24:51.343 [http-nio-8080-exec-1] INFO  org.springframework.web.servlet.DispatcherServlet - FrameworkServlet 'dispatcherServlet': initialization started
2023-07-11 14:24:51.428 [http-nio-8080-exec-1] INFO  org.springframework.web.servlet.DispatcherServlet - FrameworkServlet 'dispatcherServlet': initialization completed in 84 ms
2023-07-11 14:24:51.566 [http-nio-8080-exec-1] INFO  jp.co.iris.global.utils.LogUtils - IP Address 0:0:0:0:0:0:0:1 : jp.co.iris.global.utils.HttpUtils : post : 39 : HttpUtils post url: http://svr601/authentication.php
2023-07-11 14:25:03.478 [http-nio-8080-exec-3] INFO  com.zaxxer.hikari.HikariDataSource - HikariPool-2 - Starting...
2023-07-11 14:25:04.511 [http-nio-8080-exec-3] INFO  com.zaxxer.hikari.HikariDataSource - HikariPool-2 - Start completed.
2023-07-11 14:25:04.965 [http-nio-8080-exec-3] INFO  com.zaxxer.hikari.HikariDataSource - HikariPool-3 - Starting...
2023-07-11 14:25:06.015 [http-nio-8080-exec-3] INFO  com.zaxxer.hikari.HikariDataSource - HikariPool-3 - Start completed.
2023-07-11 14:25:06.202 [http-nio-8080-exec-6] INFO  com.zaxxer.hikari.HikariDataSource - HikariPool-4 - Starting...
2023-07-11 14:25:06.228 [http-nio-8080-exec-6] INFO  com.zaxxer.hikari.HikariDataSource - HikariPool-4 - Start completed.
2023-07-11 14:26:28.316 [RMI TCP Connection(11)-127.0.0.1] INFO  o.s.b.a.SpringApplicationAdminMXBeanRegistrar$SpringApplicationAdmin - Application shutdown requested.
2023-07-11 14:26:28.320 [RMI TCP Connection(11)-127.0.0.1] INFO  o.s.b.w.s.c.AnnotationConfigServletWebServerApplicationContext - Closing org.springframework.boot.web.servlet.context.AnnotationConfigServletWebServerApplicationContext@5dbe30be: startup date [Tue Jul 11 14:24:39 JST 2023]; root of context hierarchy
2023-07-11 14:26:28.333 [RMI TCP Connection(11)-127.0.0.1] INFO  o.s.jmx.export.annotation.AnnotationMBeanExporter - Unregistering JMX-exposed beans on shutdown
2023-07-11 14:26:28.335 [RMI TCP Connection(11)-127.0.0.1] INFO  o.s.jmx.export.annotation.AnnotationMBeanExporter - Unregistering JMX-exposed beans
2023-07-11 14:26:28.351 [RMI TCP Connection(11)-127.0.0.1] INFO  com.zaxxer.hikari.HikariDataSource - HikariPool-4 - Shutdown initiated...
2023-07-11 14:26:28.369 [RMI TCP Connection(11)-127.0.0.1] INFO  com.zaxxer.hikari.HikariDataSource - HikariPool-4 - Shutdown completed.
2023-07-11 14:26:28.370 [RMI TCP Connection(11)-127.0.0.1] INFO  com.zaxxer.hikari.HikariDataSource - HikariPool-1 - Shutdown initiated...
2023-07-11 14:26:28.383 [RMI TCP Connection(11)-127.0.0.1] INFO  com.zaxxer.hikari.HikariDataSource - HikariPool-1 - Shutdown completed.
