2023-07-12 16:44:00.577 [main] INFO  jp.co.iris.global.CPApplication - Starting CPApplication on D5564 with PID 14912 (\\SVRV14\ShareData\zhang\CP\target\classes started by c03822 in \\SVRV14\ShareData\zhang\CP)
2023-07-12 16:44:00.582 [main] INFO  jp.co.iris.global.CPApplication - No active profile set, falling back to default profiles: default
2023-07-12 16:44:00.705 [main] INFO  o.s.b.w.s.c.AnnotationConfigServletWebServerApplicationContext - Refreshing org.springframework.boot.web.servlet.context.AnnotationConfigServletWebServerApplicationContext@460f76a6: startup date [Wed Jul 12 16:44:00 JST 2023]; root of context hierarchy
2023-07-12 16:44:03.970 [main] INFO  o.s.b.f.a.AutowiredAnnotationBeanPostProcessor - JSR-330 'javax.inject.Inject' annotation found and supported for autowiring
2023-07-12 16:44:06.641 [main] INFO  o.s.boot.web.embedded.tomcat.TomcatWebServer - Tomcat initialized with port(s): 8080 (http)
2023-07-12 16:44:06.709 [main] INFO  org.apache.coyote.http11.Http11NioProtocol - Initializing ProtocolHandler ["http-nio-8080"]
2023-07-12 16:44:06.757 [main] INFO  org.apache.catalina.core.StandardService - Starting service [Tomcat]
2023-07-12 16:44:06.757 [main] INFO  org.apache.catalina.core.StandardEngine - Starting Servlet Engine: Apache Tomcat/8.5.34
2023-07-12 16:44:06.794 [localhost-startStop-1] INFO  org.apache.catalina.core.AprLifecycleListener - The APR based Apache Tomcat Native library which allows optimal performance in production environments was not found on the java.library.path: [C:\Java\jdk-11.0.6\bin;C:\Windows\Sun\Java\bin;C:\Windows\system32;C:\Windows;D:/sts-4.18.1.RELEASE//plugins/org.eclipse.justj.openjdk.hotspot.jre.full.win32.x86_64_17.0.7.v20230425-1502/jre/bin/server;D:/sts-4.18.1.RELEASE//plugins/org.eclipse.justj.openjdk.hotspot.jre.full.win32.x86_64_17.0.7.v20230425-1502/jre/bin;C:\Windows\system32;C:\Windows;C:\Windows\System32\Wbem;C:\Windows\System32\WindowsPowerShell\v1.0\;C:\Windows\System32\OpenSSH\;C:\Program Files (x86)\NVIDIA Corporation\PhysX\Common;C:\Program Files\NVIDIA Corporation\NVIDIA NvDLISR;C:\Program Files (x86)\Microsoft SQL Server\150\DTS\Binn\;C:\Java\jdk-11.0.6\bin;C:\Java\jdk-11.0.6\jre\bin;D:\zhang\apache-maven-3.5.3\bin;C:\Users\C03822\AppData\Local\Microsoft\WindowsApps;;D:\sts-4.18.1.RELEASE;;.]
2023-07-12 16:44:07.384 [localhost-startStop-1] INFO  org.apache.jasper.servlet.TldScanner - At least one JAR was scanned for TLDs yet contained no TLDs. Enable debug logging for this logger for a complete list of JARs that were scanned but no TLDs were found in them. Skipping unneeded JARs during scanning can improve startup time and JSP compilation time.
2023-07-12 16:44:07.403 [localhost-startStop-1] INFO  o.a.c.c.ContainerBase.[Tomcat].[localhost].[/CP] - Initializing Spring embedded WebApplicationContext
2023-07-12 16:44:07.409 [localhost-startStop-1] INFO  org.springframework.web.context.ContextLoader - Root WebApplicationContext: initialization completed in 6704 ms
2023-07-12 16:44:07.717 [localhost-startStop-1] INFO  o.s.boot.web.servlet.ServletRegistrationBean - Servlet dispatcherServlet mapped to [/]
2023-07-12 16:44:07.736 [localhost-startStop-1] INFO  o.s.boot.web.servlet.FilterRegistrationBean - Mapping filter: 'characterEncodingFilter' to: [/*]
2023-07-12 16:44:07.737 [localhost-startStop-1] INFO  o.s.boot.web.servlet.FilterRegistrationBean - Mapping filter: 'hiddenHttpMethodFilter' to: [/*]
2023-07-12 16:44:07.738 [localhost-startStop-1] INFO  o.s.boot.web.servlet.FilterRegistrationBean - Mapping filter: 'httpPutFormContentFilter' to: [/*]
2023-07-12 16:44:07.743 [localhost-startStop-1] INFO  o.s.boot.web.servlet.FilterRegistrationBean - Mapping filter: 'requestContextFilter' to: [/*]
2023-07-12 16:44:07.743 [localhost-startStop-1] INFO  o.s.boot.web.servlet.FilterRegistrationBean - Mapping filter: 'resourceUrlEncodingFilter' to: [/*]
2023-07-12 16:44:08.311 [main] INFO  com.zaxxer.hikari.HikariDataSource - HikariPool-1 - Starting...
2023-07-12 16:44:09.755 [main] INFO  com.zaxxer.hikari.HikariDataSource - HikariPool-1 - Start completed.
2023-07-12 16:44:11.165 [main] INFO  o.s.web.servlet.handler.SimpleUrlHandlerMapping - Mapped URL path [/**/favicon.ico] onto handler of type [class org.springframework.web.servlet.resource.ResourceHttpRequestHandler]
2023-07-12 16:44:11.843 [main] INFO  o.s.w.s.m.m.a.RequestMappingHandlerAdapter - Looking for @ControllerAdvice: org.springframework.boot.web.servlet.context.AnnotationConfigServletWebServerApplicationContext@460f76a6: startup date [Wed Jul 12 16:44:00 JST 2023]; root of context hierarchy
2023-07-12 16:44:12.160 [main] INFO  o.s.w.s.m.m.a.RequestMappingHandlerMapping - Mapped "{[/CP100],methods=[GET]}" onto public org.springframework.web.servlet.ModelAndView jp.co.iris.global.controller.CP100Controller.getViewsInfo(org.springframework.web.servlet.ModelAndView)
2023-07-12 16:44:12.164 [main] INFO  o.s.w.s.m.m.a.RequestMappingHandlerMapping - Mapped "{[/CP100/azPlazaSearch],methods=[GET]}" onto public java.util.Map<java.lang.String, java.util.List<jp.co.iris.global.bean.CP10007Bean>> jp.co.iris.global.controller.CP100Controller.azSearch(java.lang.String,java.lang.String)
2023-07-12 16:44:12.168 [main] INFO  o.s.w.s.m.m.a.RequestMappingHandlerMapping - Mapped "{[/CP100/authentication],methods=[GET]}" onto public org.springframework.web.servlet.ModelAndView jp.co.iris.global.controller.CP100Controller.authentication(java.lang.String,org.springframework.web.servlet.ModelAndView)
2023-07-12 16:44:12.169 [main] INFO  o.s.w.s.m.m.a.RequestMappingHandlerMapping - Mapped "{[/CP100/asSearch],methods=[GET]}" onto public java.util.List<jp.co.iris.global.bean.CP100AsBindBean> jp.co.iris.global.controller.CP100Controller.asSearch(java.lang.String,java.lang.String)
2023-07-12 16:44:12.173 [main] INFO  o.s.w.s.m.m.a.RequestMappingHandlerMapping - Mapped "{[/CP100/csSearch],methods=[GET]}" onto public java.util.List<jp.co.iris.global.bean.CP100CsBindBean> jp.co.iris.global.controller.CP100Controller.csSearch(java.lang.String,java.lang.String)
2023-07-12 16:44:12.174 [main] INFO  o.s.w.s.m.m.a.RequestMappingHandlerMapping - Mapped "{[/CP100/cpSearch],methods=[GET]}" onto public java.util.List<jp.co.iris.global.bean.CP10001Bean> jp.co.iris.global.controller.CP100Controller.cpSearch(java.lang.String)
2023-07-12 16:44:12.196 [main] INFO  o.s.w.s.m.m.a.RequestMappingHandlerMapping - Mapped "{[/error],produces=[text/html]}" onto public org.springframework.web.servlet.ModelAndView org.springframework.boot.autoconfigure.web.servlet.error.BasicErrorController.errorHtml(javax.servlet.http.HttpServletRequest,javax.servlet.http.HttpServletResponse)
2023-07-12 16:44:12.197 [main] INFO  o.s.w.s.m.m.a.RequestMappingHandlerMapping - Mapped "{[/error]}" onto public org.springframework.http.ResponseEntity<java.util.Map<java.lang.String, java.lang.Object>> org.springframework.boot.autoconfigure.web.servlet.error.BasicErrorController.error(javax.servlet.http.HttpServletRequest)
2023-07-12 16:44:12.439 [main] INFO  o.s.web.servlet.handler.SimpleUrlHandlerMapping - Mapped URL path [/webjars/**] onto handler of type [class org.springframework.web.servlet.resource.ResourceHttpRequestHandler]
2023-07-12 16:44:12.439 [main] INFO  o.s.web.servlet.handler.SimpleUrlHandlerMapping - Mapped URL path [/**] onto handler of type [class org.springframework.web.servlet.resource.ResourceHttpRequestHandler]
2023-07-12 16:44:12.494 [main] INFO  o.s.w.s.m.m.a.ExceptionHandlerExceptionResolver - Detected @ExceptionHandler methods in globalExceptionHandler
2023-07-12 16:44:13.649 [main] INFO  o.s.jmx.export.annotation.AnnotationMBeanExporter - Registering beans for JMX exposure on startup
2023-07-12 16:44:13.654 [main] INFO  o.s.jmx.export.annotation.AnnotationMBeanExporter - Bean with name 'svr015' has been autodetected for JMX exposure
2023-07-12 16:44:13.655 [main] INFO  o.s.jmx.export.annotation.AnnotationMBeanExporter - Bean with name 'svr820' has been autodetected for JMX exposure
2023-07-12 16:44:13.670 [main] INFO  o.s.jmx.export.annotation.AnnotationMBeanExporter - Located MBean 'svr015': registering with JMX server as MBean [com.zaxxer.hikari:name=svr015,type=HikariDataSource]
2023-07-12 16:44:13.673 [main] INFO  o.s.jmx.export.annotation.AnnotationMBeanExporter - Located MBean 'svr820': registering with JMX server as MBean [com.zaxxer.hikari:name=svr820,type=HikariDataSource]
2023-07-12 16:44:13.704 [main] INFO  org.apache.coyote.http11.Http11NioProtocol - Starting ProtocolHandler ["http-nio-8080"]
2023-07-12 16:44:13.722 [main] INFO  org.apache.tomcat.util.net.NioSelectorPool - Using a shared selector for servlet write/read
2023-07-12 16:44:13.801 [main] INFO  o.s.boot.web.embedded.tomcat.TomcatWebServer - Tomcat started on port(s): 8080 (http) with context path '/CP'
2023-07-12 16:44:13.810 [main] INFO  jp.co.iris.global.CPApplication - Started CPApplication in 14.274 seconds (JVM running for 15.464)
2023-07-12 16:44:33.291 [http-nio-8080-exec-1] INFO  o.a.c.c.ContainerBase.[Tomcat].[localhost].[/CP] - Initializing Spring FrameworkServlet 'dispatcherServlet'
2023-07-12 16:44:33.293 [http-nio-8080-exec-1] INFO  org.springframework.web.servlet.DispatcherServlet - FrameworkServlet 'dispatcherServlet': initialization started
2023-07-12 16:44:33.381 [http-nio-8080-exec-1] INFO  org.springframework.web.servlet.DispatcherServlet - FrameworkServlet 'dispatcherServlet': initialization completed in 85 ms
2023-07-12 16:44:33.564 [http-nio-8080-exec-1] INFO  jp.co.iris.global.utils.LogUtils - IP Address 0:0:0:0:0:0:0:1 : jp.co.iris.global.utils.HttpUtils : post : 39 : HttpUtils post url: http://svr601/authentication.php
2023-07-12 16:44:47.261 [http-nio-8080-exec-8] INFO  com.zaxxer.hikari.HikariDataSource - HikariPool-2 - Starting...
2023-07-12 16:44:48.310 [http-nio-8080-exec-8] INFO  com.zaxxer.hikari.HikariDataSource - HikariPool-2 - Start completed.
2023-07-12 16:44:48.753 [http-nio-8080-exec-8] INFO  com.zaxxer.hikari.HikariDataSource - HikariPool-3 - Starting...
2023-07-12 16:44:49.807 [http-nio-8080-exec-8] INFO  com.zaxxer.hikari.HikariDataSource - HikariPool-3 - Start completed.
2023-07-12 16:45:33.496 [http-nio-8080-exec-1] INFO  jp.co.iris.global.utils.LogUtils - IP Address 0:0:0:0:0:0:0:1 : jp.co.iris.global.utils.HttpUtils : post : 39 : HttpUtils post url: http://svr601/authentication.php
2023-07-12 16:46:02.781 [http-nio-8080-exec-8] INFO  jp.co.iris.global.utils.LogUtils - IP Address 0:0:0:0:0:0:0:1 : jp.co.iris.global.utils.HttpUtils : post : 39 : HttpUtils post url: http://svr601/authentication.php
2023-07-12 16:49:48.143 [http-nio-8080-exec-4] INFO  jp.co.iris.global.utils.LogUtils - IP Address 0:0:0:0:0:0:0:1 : jp.co.iris.global.utils.HttpUtils : post : 39 : HttpUtils post url: http://svr601/authentication.php
2023-07-12 16:50:02.306 [http-nio-8080-exec-9] INFO  jp.co.iris.global.utils.LogUtils - IP Address 0:0:0:0:0:0:0:1 : jp.co.iris.global.utils.HttpUtils : post : 39 : HttpUtils post url: http://svr601/authentication.php
2023-07-12 17:35:23.708 [RMI TCP Connection(61)-127.0.0.1] INFO  o.s.b.a.SpringApplicationAdminMXBeanRegistrar$SpringApplicationAdmin - Application shutdown requested.
2023-07-12 17:35:23.710 [RMI TCP Connection(61)-127.0.0.1] INFO  o.s.b.w.s.c.AnnotationConfigServletWebServerApplicationContext - Closing org.springframework.boot.web.servlet.context.AnnotationConfigServletWebServerApplicationContext@460f76a6: startup date [Wed Jul 12 16:44:00 JST 2023]; root of context hierarchy
2023-07-12 17:35:23.724 [RMI TCP Connection(61)-127.0.0.1] INFO  o.s.jmx.export.annotation.AnnotationMBeanExporter - Unregistering JMX-exposed beans on shutdown
2023-07-12 17:35:23.725 [RMI TCP Connection(61)-127.0.0.1] INFO  o.s.jmx.export.annotation.AnnotationMBeanExporter - Unregistering JMX-exposed beans
2023-07-12 17:35:23.743 [RMI TCP Connection(61)-127.0.0.1] INFO  com.zaxxer.hikari.HikariDataSource - HikariPool-1 - Shutdown initiated...
2023-07-12 17:35:23.753 [RMI TCP Connection(61)-127.0.0.1] INFO  com.zaxxer.hikari.HikariDataSource - HikariPool-1 - Shutdown completed.
