2023-07-10 16:07:02.487 [main] INFO  jp.co.iris.global.CPApplication - Starting CPApplication on D5573 with PID 10228 (\\SVRV14\ShareData\zhang\CP\target\classes started by C21691 in \\SVRV14\ShareData\zhang\CP)
2023-07-10 16:07:02.490 [main] INFO  jp.co.iris.global.CPApplication - No active profile set, falling back to default profiles: default
2023-07-10 16:07:02.563 [main] INFO  o.s.b.w.s.c.AnnotationConfigServletWebServerApplicationContext - Refreshing org.springframework.boot.web.servlet.context.AnnotationConfigServletWebServerApplicationContext@b672aa8: startup date [Mon Jul 10 16:07:02 CST 2023]; root of context hierarchy
2023-07-10 16:07:19.388 [main] INFO  o.s.b.f.a.AutowiredAnnotationBeanPostProcessor - JSR-330 'javax.inject.Inject' annotation found and supported for autowiring
2023-07-10 16:07:20.656 [main] INFO  o.s.boot.web.embedded.tomcat.TomcatWebServer - Tomcat initialized with port(s): 8080 (http)
2023-07-10 16:07:20.683 [main] INFO  org.apache.coyote.http11.Http11NioProtocol - Initializing ProtocolHandler ["http-nio-8080"]
2023-07-10 16:07:20.704 [main] INFO  org.apache.catalina.core.StandardService - Starting service [Tomcat]
2023-07-10 16:07:20.705 [main] INFO  org.apache.catalina.core.StandardEngine - Starting Servlet Engine: Apache Tomcat/8.5.34
2023-07-10 16:07:20.724 [localhost-startStop-1] INFO  org.apache.catalina.core.AprLifecycleListener - The APR based Apache Tomcat Native library which allows optimal performance in production environments was not found on the java.library.path: [C:\Program Files\Java\jdk-11.0.6\bin;C:\Windows\Sun\Java\bin;C:\Windows\system32;C:\Windows;C:/Users/C21691/Downloads/sts-4.18.1.RELEASE//plugins/org.eclipse.justj.openjdk.hotspot.jre.full.win32.x86_64_17.0.7.v20230425-1502/jre/bin/server;C:/Users/C21691/Downloads/sts-4.18.1.RELEASE//plugins/org.eclipse.justj.openjdk.hotspot.jre.full.win32.x86_64_17.0.7.v20230425-1502/jre/bin;C:\Windows\system32;C:\Windows;C:\Windows\System32\Wbem;C:\Windows\System32\WindowsPowerShell\v1.0\;C:\Windows\System32\OpenSSH\;C:\Program Files\TortoiseSVN\bin;C:\Program Files\Java\jdk-11.0.6\bin;D:\Tools\apache-maven-3.5.3\bin;C:\Program Files (x86)\Microsoft SQL Server\150\DTS\Binn\;C:\Program Files\Java\jdk-11.0.6\jre\bin;C:\Users\C21691\AppData\Local\Microsoft\WindowsApps;;C:\Users\C21691\Downloads\sts-4.18.1.RELEASE;;.]
2023-07-10 16:07:21.010 [localhost-startStop-1] INFO  org.apache.jasper.servlet.TldScanner - At least one JAR was scanned for TLDs yet contained no TLDs. Enable debug logging for this logger for a complete list of JARs that were scanned but no TLDs were found in them. Skipping unneeded JARs during scanning can improve startup time and JSP compilation time.
2023-07-10 16:07:21.019 [localhost-startStop-1] INFO  o.a.c.c.ContainerBase.[Tomcat].[localhost].[/CP] - Initializing Spring embedded WebApplicationContext
2023-07-10 16:07:21.020 [localhost-startStop-1] INFO  org.springframework.web.context.ContextLoader - Root WebApplicationContext: initialization completed in 18457 ms
2023-07-10 16:07:21.185 [localhost-startStop-1] INFO  o.s.boot.web.servlet.ServletRegistrationBean - Servlet dispatcherServlet mapped to [/]
2023-07-10 16:07:21.193 [localhost-startStop-1] INFO  o.s.boot.web.servlet.FilterRegistrationBean - Mapping filter: 'characterEncodingFilter' to: [/*]
2023-07-10 16:07:21.193 [localhost-startStop-1] INFO  o.s.boot.web.servlet.FilterRegistrationBean - Mapping filter: 'hiddenHttpMethodFilter' to: [/*]
2023-07-10 16:07:21.194 [localhost-startStop-1] INFO  o.s.boot.web.servlet.FilterRegistrationBean - Mapping filter: 'httpPutFormContentFilter' to: [/*]
2023-07-10 16:07:21.195 [localhost-startStop-1] INFO  o.s.boot.web.servlet.FilterRegistrationBean - Mapping filter: 'requestContextFilter' to: [/*]
2023-07-10 16:07:21.196 [localhost-startStop-1] INFO  o.s.boot.web.servlet.FilterRegistrationBean - Mapping filter: 'resourceUrlEncodingFilter' to: [/*]
2023-07-10 16:07:21.554 [main] INFO  com.zaxxer.hikari.HikariDataSource - HikariPool-1 - Starting...
2023-07-10 16:07:22.567 [main] INFO  com.zaxxer.hikari.HikariDataSource - HikariPool-1 - Start completed.
2023-07-10 16:07:22.700 [main] INFO  o.s.beans.factory.xml.XmlBeanDefinitionReader - Loading XML bean definitions from class path resource [org/springframework/jdbc/support/sql-error-codes.xml]
2023-07-10 16:07:22.802 [main] INFO  com.zaxxer.hikari.HikariDataSource - HikariPool-1 - Shutdown initiated...
2023-07-10 16:07:23.077 [main] INFO  com.zaxxer.hikari.HikariDataSource - HikariPool-1 - Shutdown completed.
2023-07-10 16:07:23.083 [main] INFO  org.apache.catalina.core.StandardService - Stopping service [Tomcat]
2023-07-10 17:09:04.224 [main] INFO  jp.co.iris.global.CPApplication - Starting CPApplication on D5564 with PID 14440 (\\SVRV14\ShareData\zhang\CP\target\classes started by c03822 in \\SVRV14\ShareData\zhang\CP)
2023-07-10 17:09:04.229 [main] INFO  jp.co.iris.global.CPApplication - No active profile set, falling back to default profiles: default
2023-07-10 17:09:04.325 [main] INFO  o.s.b.w.s.c.AnnotationConfigServletWebServerApplicationContext - Refreshing org.springframework.boot.web.servlet.context.AnnotationConfigServletWebServerApplicationContext@4089713: startup date [Mon Jul 10 17:09:04 JST 2023]; root of context hierarchy
2023-07-10 17:09:07.044 [main] INFO  o.s.b.f.a.AutowiredAnnotationBeanPostProcessor - JSR-330 'javax.inject.Inject' annotation found and supported for autowiring
2023-07-10 17:09:09.692 [main] INFO  o.s.boot.web.embedded.tomcat.TomcatWebServer - Tomcat initialized with port(s): 8080 (http)
2023-07-10 17:09:09.754 [main] INFO  org.apache.coyote.http11.Http11NioProtocol - Initializing ProtocolHandler ["http-nio-8080"]
2023-07-10 17:09:09.798 [main] INFO  org.apache.catalina.core.StandardService - Starting service [Tomcat]
2023-07-10 17:09:09.798 [main] INFO  org.apache.catalina.core.StandardEngine - Starting Servlet Engine: Apache Tomcat/8.5.34
2023-07-10 17:09:09.833 [localhost-startStop-1] INFO  org.apache.catalina.core.AprLifecycleListener - The APR based Apache Tomcat Native library which allows optimal performance in production environments was not found on the java.library.path: [C:\Java\jdk-11.0.6\bin;C:\Windows\Sun\Java\bin;C:\Windows\system32;C:\Windows;D:/sts-4.18.1.RELEASE//plugins/org.eclipse.justj.openjdk.hotspot.jre.full.win32.x86_64_17.0.7.v20230425-1502/jre/bin/server;D:/sts-4.18.1.RELEASE//plugins/org.eclipse.justj.openjdk.hotspot.jre.full.win32.x86_64_17.0.7.v20230425-1502/jre/bin;C:\Windows\system32;C:\Windows;C:\Windows\System32\Wbem;C:\Windows\System32\WindowsPowerShell\v1.0\;C:\Windows\System32\OpenSSH\;C:\Program Files (x86)\NVIDIA Corporation\PhysX\Common;C:\Program Files\NVIDIA Corporation\NVIDIA NvDLISR;C:\Program Files (x86)\Microsoft SQL Server\150\DTS\Binn\;C:\Java\jdk-11.0.6\bin;C:\Java\jdk-11.0.6\jre\bin;D:\zhang\apache-maven-3.5.3\bin;C:\Users\C03822\AppData\Local\Microsoft\WindowsApps;;D:\sts-4.18.1.RELEASE;;.]
2023-07-10 17:09:10.458 [localhost-startStop-1] INFO  org.apache.jasper.servlet.TldScanner - At least one JAR was scanned for TLDs yet contained no TLDs. Enable debug logging for this logger for a complete list of JARs that were scanned but no TLDs were found in them. Skipping unneeded JARs during scanning can improve startup time and JSP compilation time.
2023-07-10 17:09:10.474 [localhost-startStop-1] INFO  o.a.c.c.ContainerBase.[Tomcat].[localhost].[/CP] - Initializing Spring embedded WebApplicationContext
2023-07-10 17:09:10.477 [localhost-startStop-1] INFO  org.springframework.web.context.ContextLoader - Root WebApplicationContext: initialization completed in 6152 ms
2023-07-10 17:09:10.759 [localhost-startStop-1] INFO  o.s.boot.web.servlet.ServletRegistrationBean - Servlet dispatcherServlet mapped to [/]
2023-07-10 17:09:10.780 [localhost-startStop-1] INFO  o.s.boot.web.servlet.FilterRegistrationBean - Mapping filter: 'characterEncodingFilter' to: [/*]
2023-07-10 17:09:10.781 [localhost-startStop-1] INFO  o.s.boot.web.servlet.FilterRegistrationBean - Mapping filter: 'hiddenHttpMethodFilter' to: [/*]
2023-07-10 17:09:10.782 [localhost-startStop-1] INFO  o.s.boot.web.servlet.FilterRegistrationBean - Mapping filter: 'httpPutFormContentFilter' to: [/*]
2023-07-10 17:09:10.783 [localhost-startStop-1] INFO  o.s.boot.web.servlet.FilterRegistrationBean - Mapping filter: 'requestContextFilter' to: [/*]
2023-07-10 17:09:10.784 [localhost-startStop-1] INFO  o.s.boot.web.servlet.FilterRegistrationBean - Mapping filter: 'resourceUrlEncodingFilter' to: [/*]
2023-07-10 17:09:11.319 [main] INFO  com.zaxxer.hikari.HikariDataSource - HikariPool-1 - Starting...
2023-07-10 17:09:12.804 [main] INFO  com.zaxxer.hikari.HikariDataSource - HikariPool-1 - Start completed.
2023-07-10 17:09:27.024 [main] INFO  o.s.web.servlet.handler.SimpleUrlHandlerMapping - Mapped URL path [/**/favicon.ico] onto handler of type [class org.springframework.web.servlet.resource.ResourceHttpRequestHandler]
2023-07-10 17:09:27.657 [main] INFO  o.s.w.s.m.m.a.RequestMappingHandlerAdapter - Looking for @ControllerAdvice: org.springframework.boot.web.servlet.context.AnnotationConfigServletWebServerApplicationContext@4089713: startup date [Mon Jul 10 17:09:04 JST 2023]; root of context hierarchy
2023-07-10 17:09:27.948 [main] INFO  o.s.w.s.m.m.a.RequestMappingHandlerMapping - Mapped "{[/CP100/cpSearch],methods=[GET]}" onto public java.util.List<jp.co.iris.global.bean.CP100DataBean> jp.co.iris.global.controller.CP100Controller.cpSearch(java.lang.String)
2023-07-10 17:09:27.952 [main] INFO  o.s.w.s.m.m.a.RequestMappingHandlerMapping - Mapped "{[/CP100/azSearch],methods=[GET]}" onto public java.util.List<jp.co.iris.global.bean.CP100SLE0401Bean> jp.co.iris.global.controller.CP100Controller.azSearch(java.lang.String,java.lang.String)
2023-07-10 17:09:27.955 [main] INFO  o.s.w.s.m.m.a.RequestMappingHandlerMapping - Mapped "{[/CP100/plaza2Search],methods=[GET]}" onto public java.util.List<jp.co.iris.global.bean.CP100SEA0601Bean> jp.co.iris.global.controller.CP100Controller.plaza2Search(java.lang.String,java.lang.String)
2023-07-10 17:09:27.956 [main] INFO  o.s.w.s.m.m.a.RequestMappingHandlerMapping - Mapped "{[/CP100],methods=[GET]}" onto public org.springframework.web.servlet.ModelAndView jp.co.iris.global.controller.CP100Controller.getViewsInfo(org.springframework.web.servlet.ModelAndView)
2023-07-10 17:09:27.959 [main] INFO  o.s.w.s.m.m.a.RequestMappingHandlerMapping - Mapped "{[/CP100/csSearch],methods=[GET]}" onto public java.util.List<jp.co.iris.global.bean.CP100CsBindBean> jp.co.iris.global.controller.CP100Controller.csSearch(java.lang.String,java.lang.String)
2023-07-10 17:09:27.959 [main] INFO  o.s.w.s.m.m.a.RequestMappingHandlerMapping - Mapped "{[/CP100/asSearch],methods=[GET]}" onto public java.util.List<jp.co.iris.global.bean.CP100AsBindBean> jp.co.iris.global.controller.CP100Controller.asSearch(java.lang.String,java.lang.String)
2023-07-10 17:09:27.962 [main] INFO  o.s.w.s.m.m.a.RequestMappingHandlerMapping - Mapped "{[/CP100/plaza1Search],methods=[GET]}" onto public java.util.List<jp.co.iris.global.bean.CP100SEA0302Bean> jp.co.iris.global.controller.CP100Controller.plaza1Search(java.lang.String,java.lang.String)
2023-07-10 17:09:27.963 [main] INFO  o.s.w.s.m.m.a.RequestMappingHandlerMapping - Mapped "{[/CP100/authentication],methods=[GET]}" onto public org.springframework.web.servlet.ModelAndView jp.co.iris.global.controller.CP100Controller.authentication(java.lang.String,org.springframework.web.servlet.ModelAndView)
2023-07-10 17:09:27.977 [main] INFO  o.s.w.s.m.m.a.RequestMappingHandlerMapping - Mapped "{[/error]}" onto public org.springframework.http.ResponseEntity<java.util.Map<java.lang.String, java.lang.Object>> org.springframework.boot.autoconfigure.web.servlet.error.BasicErrorController.error(javax.servlet.http.HttpServletRequest)
2023-07-10 17:09:27.978 [main] INFO  o.s.w.s.m.m.a.RequestMappingHandlerMapping - Mapped "{[/error],produces=[text/html]}" onto public org.springframework.web.servlet.ModelAndView org.springframework.boot.autoconfigure.web.servlet.error.BasicErrorController.errorHtml(javax.servlet.http.HttpServletRequest,javax.servlet.http.HttpServletResponse)
2023-07-10 17:09:28.212 [main] INFO  o.s.web.servlet.handler.SimpleUrlHandlerMapping - Mapped URL path [/webjars/**] onto handler of type [class org.springframework.web.servlet.resource.ResourceHttpRequestHandler]
2023-07-10 17:09:28.213 [main] INFO  o.s.web.servlet.handler.SimpleUrlHandlerMapping - Mapped URL path [/**] onto handler of type [class org.springframework.web.servlet.resource.ResourceHttpRequestHandler]
2023-07-10 17:09:28.277 [main] INFO  o.s.w.s.m.m.a.ExceptionHandlerExceptionResolver - Detected @ExceptionHandler methods in globalExceptionHandler
2023-07-10 17:09:29.307 [main] INFO  o.s.jmx.export.annotation.AnnotationMBeanExporter - Registering beans for JMX exposure on startup
2023-07-10 17:09:29.312 [main] INFO  o.s.jmx.export.annotation.AnnotationMBeanExporter - Bean with name 'svr015' has been autodetected for JMX exposure
2023-07-10 17:09:29.313 [main] INFO  o.s.jmx.export.annotation.AnnotationMBeanExporter - Bean with name 'svr820' has been autodetected for JMX exposure
2023-07-10 17:09:29.315 [main] INFO  o.s.jmx.export.annotation.AnnotationMBeanExporter - Bean with name 'svr820fp' has been autodetected for JMX exposure
2023-07-10 17:09:29.324 [main] INFO  o.s.jmx.export.annotation.AnnotationMBeanExporter - Located MBean 'svr015': registering with JMX server as MBean [com.zaxxer.hikari:name=svr015,type=HikariDataSource]
2023-07-10 17:09:29.329 [main] INFO  o.s.jmx.export.annotation.AnnotationMBeanExporter - Located MBean 'svr820': registering with JMX server as MBean [com.zaxxer.hikari:name=svr820,type=HikariDataSource]
2023-07-10 17:09:29.332 [main] INFO  o.s.jmx.export.annotation.AnnotationMBeanExporter - Located MBean 'svr820fp': registering with JMX server as MBean [com.zaxxer.hikari:name=svr820fp,type=HikariDataSource]
2023-07-10 17:09:29.366 [main] INFO  org.apache.coyote.http11.Http11NioProtocol - Starting ProtocolHandler ["http-nio-8080"]
2023-07-10 17:09:29.378 [main] INFO  org.apache.tomcat.util.net.NioSelectorPool - Using a shared selector for servlet write/read
2023-07-10 17:09:29.437 [main] INFO  o.s.boot.web.embedded.tomcat.TomcatWebServer - Tomcat started on port(s): 8080 (http) with context path '/CP'
2023-07-10 17:09:29.451 [main] INFO  jp.co.iris.global.CPApplication - Started CPApplication in 26.185 seconds (JVM running for 27.343)
2023-07-10 17:09:37.494 [http-nio-8080-exec-1] INFO  o.a.c.c.ContainerBase.[Tomcat].[localhost].[/CP] - Initializing Spring FrameworkServlet 'dispatcherServlet'
2023-07-10 17:09:37.499 [http-nio-8080-exec-1] INFO  org.springframework.web.servlet.DispatcherServlet - FrameworkServlet 'dispatcherServlet': initialization started
2023-07-10 17:09:37.599 [http-nio-8080-exec-1] INFO  org.springframework.web.servlet.DispatcherServlet - FrameworkServlet 'dispatcherServlet': initialization completed in 97 ms
2023-07-10 17:09:37.767 [http-nio-8080-exec-1] INFO  jp.co.iris.global.utils.LogUtils - IP Address 0:0:0:0:0:0:0:1 : jp.co.iris.global.utils.HttpUtils : post : 39 : HttpUtils post url: http://svr601/authentication.php
2023-07-10 17:11:13.488 [RMI TCP Connection(11)-127.0.0.1] INFO  o.s.b.a.SpringApplicationAdminMXBeanRegistrar$SpringApplicationAdmin - Application shutdown requested.
2023-07-10 17:11:13.491 [RMI TCP Connection(11)-127.0.0.1] INFO  o.s.b.w.s.c.AnnotationConfigServletWebServerApplicationContext - Closing org.springframework.boot.web.servlet.context.AnnotationConfigServletWebServerApplicationContext@4089713: startup date [Mon Jul 10 17:09:04 JST 2023]; root of context hierarchy
2023-07-10 17:11:13.504 [RMI TCP Connection(11)-127.0.0.1] INFO  o.s.jmx.export.annotation.AnnotationMBeanExporter - Unregistering JMX-exposed beans on shutdown
2023-07-10 17:11:13.505 [RMI TCP Connection(11)-127.0.0.1] INFO  o.s.jmx.export.annotation.AnnotationMBeanExporter - Unregistering JMX-exposed beans
2023-07-10 17:11:13.523 [RMI TCP Connection(11)-127.0.0.1] INFO  com.zaxxer.hikari.HikariDataSource - HikariPool-1 - Shutdown initiated...
2023-07-10 17:11:13.537 [RMI TCP Connection(11)-127.0.0.1] INFO  com.zaxxer.hikari.HikariDataSource - HikariPool-1 - Shutdown completed.
2023-07-10 17:12:44.290 [main] INFO  jp.co.iris.global.CPApplication - Starting CPApplication on D5564 with PID 17860 (\\SVRV14\ShareData\zhang\CP\target\classes started by c03822 in \\SVRV14\ShareData\zhang\CP)
2023-07-10 17:12:44.294 [main] INFO  jp.co.iris.global.CPApplication - No active profile set, falling back to default profiles: default
2023-07-10 17:12:44.397 [main] INFO  o.s.b.w.s.c.AnnotationConfigServletWebServerApplicationContext - Refreshing org.springframework.boot.web.servlet.context.AnnotationConfigServletWebServerApplicationContext@4628b1d3: startup date [Mon Jul 10 17:12:44 JST 2023]; root of context hierarchy
2023-07-10 17:12:47.047 [main] INFO  o.s.b.f.a.AutowiredAnnotationBeanPostProcessor - JSR-330 'javax.inject.Inject' annotation found and supported for autowiring
2023-07-10 17:12:49.459 [main] INFO  o.s.boot.web.embedded.tomcat.TomcatWebServer - Tomcat initialized with port(s): 8080 (http)
2023-07-10 17:12:49.509 [main] INFO  org.apache.coyote.http11.Http11NioProtocol - Initializing ProtocolHandler ["http-nio-8080"]
2023-07-10 17:12:49.536 [main] INFO  org.apache.catalina.core.StandardService - Starting service [Tomcat]
2023-07-10 17:12:49.537 [main] INFO  org.apache.catalina.core.StandardEngine - Starting Servlet Engine: Apache Tomcat/8.5.34
2023-07-10 17:12:49.558 [localhost-startStop-1] INFO  org.apache.catalina.core.AprLifecycleListener - The APR based Apache Tomcat Native library which allows optimal performance in production environments was not found on the java.library.path: [C:\Java\jdk-11.0.6\bin;C:\Windows\Sun\Java\bin;C:\Windows\system32;C:\Windows;D:/sts-4.18.1.RELEASE//plugins/org.eclipse.justj.openjdk.hotspot.jre.full.win32.x86_64_17.0.7.v20230425-1502/jre/bin/server;D:/sts-4.18.1.RELEASE//plugins/org.eclipse.justj.openjdk.hotspot.jre.full.win32.x86_64_17.0.7.v20230425-1502/jre/bin;C:\Windows\system32;C:\Windows;C:\Windows\System32\Wbem;C:\Windows\System32\WindowsPowerShell\v1.0\;C:\Windows\System32\OpenSSH\;C:\Program Files (x86)\NVIDIA Corporation\PhysX\Common;C:\Program Files\NVIDIA Corporation\NVIDIA NvDLISR;C:\Program Files (x86)\Microsoft SQL Server\150\DTS\Binn\;C:\Java\jdk-11.0.6\bin;C:\Java\jdk-11.0.6\jre\bin;D:\zhang\apache-maven-3.5.3\bin;C:\Users\C03822\AppData\Local\Microsoft\WindowsApps;;D:\sts-4.18.1.RELEASE;;.]
2023-07-10 17:12:50.142 [localhost-startStop-1] INFO  org.apache.jasper.servlet.TldScanner - At least one JAR was scanned for TLDs yet contained no TLDs. Enable debug logging for this logger for a complete list of JARs that were scanned but no TLDs were found in them. Skipping unneeded JARs during scanning can improve startup time and JSP compilation time.
2023-07-10 17:12:50.153 [localhost-startStop-1] INFO  o.a.c.c.ContainerBase.[Tomcat].[localhost].[/CP] - Initializing Spring embedded WebApplicationContext
2023-07-10 17:12:50.156 [localhost-startStop-1] INFO  org.springframework.web.context.ContextLoader - Root WebApplicationContext: initialization completed in 5759 ms
2023-07-10 17:12:50.474 [localhost-startStop-1] INFO  o.s.boot.web.servlet.ServletRegistrationBean - Servlet dispatcherServlet mapped to [/]
2023-07-10 17:12:50.499 [localhost-startStop-1] INFO  o.s.boot.web.servlet.FilterRegistrationBean - Mapping filter: 'characterEncodingFilter' to: [/*]
2023-07-10 17:12:50.500 [localhost-startStop-1] INFO  o.s.boot.web.servlet.FilterRegistrationBean - Mapping filter: 'hiddenHttpMethodFilter' to: [/*]
2023-07-10 17:12:50.500 [localhost-startStop-1] INFO  o.s.boot.web.servlet.FilterRegistrationBean - Mapping filter: 'httpPutFormContentFilter' to: [/*]
2023-07-10 17:12:50.502 [localhost-startStop-1] INFO  o.s.boot.web.servlet.FilterRegistrationBean - Mapping filter: 'requestContextFilter' to: [/*]
2023-07-10 17:12:50.503 [localhost-startStop-1] INFO  o.s.boot.web.servlet.FilterRegistrationBean - Mapping filter: 'resourceUrlEncodingFilter' to: [/*]
2023-07-10 17:12:51.079 [main] INFO  com.zaxxer.hikari.HikariDataSource - HikariPool-1 - Starting...
2023-07-10 17:12:52.488 [main] INFO  com.zaxxer.hikari.HikariDataSource - HikariPool-1 - Start completed.
2023-07-10 17:12:53.608 [main] INFO  o.s.web.servlet.handler.SimpleUrlHandlerMapping - Mapped URL path [/**/favicon.ico] onto handler of type [class org.springframework.web.servlet.resource.ResourceHttpRequestHandler]
2023-07-10 17:12:54.245 [main] INFO  o.s.w.s.m.m.a.RequestMappingHandlerAdapter - Looking for @ControllerAdvice: org.springframework.boot.web.servlet.context.AnnotationConfigServletWebServerApplicationContext@4628b1d3: startup date [Mon Jul 10 17:12:44 JST 2023]; root of context hierarchy
2023-07-10 17:12:54.557 [main] INFO  o.s.w.s.m.m.a.RequestMappingHandlerMapping - Mapped "{[/CP100/asSearch],methods=[GET]}" onto public java.util.List<jp.co.iris.global.bean.CP100AsBindBean> jp.co.iris.global.controller.CP100Controller.asSearch(java.lang.String,java.lang.String)
2023-07-10 17:12:54.563 [main] INFO  o.s.w.s.m.m.a.RequestMappingHandlerMapping - Mapped "{[/CP100/plaza1Search],methods=[GET]}" onto public java.util.List<jp.co.iris.global.bean.CP100SEA0302Bean> jp.co.iris.global.controller.CP100Controller.plaza1Search(java.lang.String,java.lang.String)
2023-07-10 17:12:54.566 [main] INFO  o.s.w.s.m.m.a.RequestMappingHandlerMapping - Mapped "{[/CP100],methods=[GET]}" onto public org.springframework.web.servlet.ModelAndView jp.co.iris.global.controller.CP100Controller.getViewsInfo(org.springframework.web.servlet.ModelAndView)
2023-07-10 17:12:54.567 [main] INFO  o.s.w.s.m.m.a.RequestMappingHandlerMapping - Mapped "{[/CP100/azSearch],methods=[GET]}" onto public java.util.List<jp.co.iris.global.bean.CP100SLE0401Bean> jp.co.iris.global.controller.CP100Controller.azSearch(java.lang.String,java.lang.String)
2023-07-10 17:12:54.570 [main] INFO  o.s.w.s.m.m.a.RequestMappingHandlerMapping - Mapped "{[/CP100/csSearch],methods=[GET]}" onto public java.util.List<jp.co.iris.global.bean.CP100CsBindBean> jp.co.iris.global.controller.CP100Controller.csSearch(java.lang.String,java.lang.String)
2023-07-10 17:12:54.571 [main] INFO  o.s.w.s.m.m.a.RequestMappingHandlerMapping - Mapped "{[/CP100/plaza2Search],methods=[GET]}" onto public java.util.List<jp.co.iris.global.bean.CP100SEA0601Bean> jp.co.iris.global.controller.CP100Controller.plaza2Search(java.lang.String,java.lang.String)
2023-07-10 17:12:54.574 [main] INFO  o.s.w.s.m.m.a.RequestMappingHandlerMapping - Mapped "{[/CP100/cpSearch],methods=[GET]}" onto public java.util.List<jp.co.iris.global.bean.CP100DataBean> jp.co.iris.global.controller.CP100Controller.cpSearch(java.lang.String)
2023-07-10 17:12:54.574 [main] INFO  o.s.w.s.m.m.a.RequestMappingHandlerMapping - Mapped "{[/CP100/authentication],methods=[GET]}" onto public org.springframework.web.servlet.ModelAndView jp.co.iris.global.controller.CP100Controller.authentication(java.lang.String,org.springframework.web.servlet.ModelAndView)
2023-07-10 17:12:54.589 [main] INFO  o.s.w.s.m.m.a.RequestMappingHandlerMapping - Mapped "{[/error]}" onto public org.springframework.http.ResponseEntity<java.util.Map<java.lang.String, java.lang.Object>> org.springframework.boot.autoconfigure.web.servlet.error.BasicErrorController.error(javax.servlet.http.HttpServletRequest)
2023-07-10 17:12:54.590 [main] INFO  o.s.w.s.m.m.a.RequestMappingHandlerMapping - Mapped "{[/error],produces=[text/html]}" onto public org.springframework.web.servlet.ModelAndView org.springframework.boot.autoconfigure.web.servlet.error.BasicErrorController.errorHtml(javax.servlet.http.HttpServletRequest,javax.servlet.http.HttpServletResponse)
2023-07-10 17:12:54.855 [main] INFO  o.s.web.servlet.handler.SimpleUrlHandlerMapping - Mapped URL path [/webjars/**] onto handler of type [class org.springframework.web.servlet.resource.ResourceHttpRequestHandler]
2023-07-10 17:12:54.856 [main] INFO  o.s.web.servlet.handler.SimpleUrlHandlerMapping - Mapped URL path [/**] onto handler of type [class org.springframework.web.servlet.resource.ResourceHttpRequestHandler]
2023-07-10 17:12:54.918 [main] INFO  o.s.w.s.m.m.a.ExceptionHandlerExceptionResolver - Detected @ExceptionHandler methods in globalExceptionHandler
2023-07-10 17:12:55.969 [main] INFO  o.s.jmx.export.annotation.AnnotationMBeanExporter - Registering beans for JMX exposure on startup
2023-07-10 17:12:55.974 [main] INFO  o.s.jmx.export.annotation.AnnotationMBeanExporter - Bean with name 'svr015' has been autodetected for JMX exposure
2023-07-10 17:12:55.975 [main] INFO  o.s.jmx.export.annotation.AnnotationMBeanExporter - Bean with name 'svr820' has been autodetected for JMX exposure
2023-07-10 17:12:55.977 [main] INFO  o.s.jmx.export.annotation.AnnotationMBeanExporter - Bean with name 'svr820fp' has been autodetected for JMX exposure
2023-07-10 17:12:55.985 [main] INFO  o.s.jmx.export.annotation.AnnotationMBeanExporter - Located MBean 'svr015': registering with JMX server as MBean [com.zaxxer.hikari:name=svr015,type=HikariDataSource]
2023-07-10 17:12:55.990 [main] INFO  o.s.jmx.export.annotation.AnnotationMBeanExporter - Located MBean 'svr820': registering with JMX server as MBean [com.zaxxer.hikari:name=svr820,type=HikariDataSource]
2023-07-10 17:12:55.994 [main] INFO  o.s.jmx.export.annotation.AnnotationMBeanExporter - Located MBean 'svr820fp': registering with JMX server as MBean [com.zaxxer.hikari:name=svr820fp,type=HikariDataSource]
2023-07-10 17:12:56.023 [main] INFO  org.apache.coyote.http11.Http11NioProtocol - Starting ProtocolHandler ["http-nio-8080"]
2023-07-10 17:12:56.032 [main] INFO  org.apache.tomcat.util.net.NioSelectorPool - Using a shared selector for servlet write/read
2023-07-10 17:12:56.109 [main] INFO  o.s.boot.web.embedded.tomcat.TomcatWebServer - Tomcat started on port(s): 8080 (http) with context path '/CP'
2023-07-10 17:12:56.119 [main] INFO  jp.co.iris.global.CPApplication - Started CPApplication in 12.813 seconds (JVM running for 14.002)
2023-07-10 17:13:03.530 [http-nio-8080-exec-1] INFO  o.a.c.c.ContainerBase.[Tomcat].[localhost].[/CP] - Initializing Spring FrameworkServlet 'dispatcherServlet'
2023-07-10 17:13:03.532 [http-nio-8080-exec-1] INFO  org.springframework.web.servlet.DispatcherServlet - FrameworkServlet 'dispatcherServlet': initialization started
2023-07-10 17:13:03.636 [http-nio-8080-exec-1] INFO  org.springframework.web.servlet.DispatcherServlet - FrameworkServlet 'dispatcherServlet': initialization completed in 101 ms
2023-07-10 17:13:03.830 [http-nio-8080-exec-1] INFO  jp.co.iris.global.utils.LogUtils - IP Address 0:0:0:0:0:0:0:1 : jp.co.iris.global.utils.HttpUtils : post : 39 : HttpUtils post url: http://svr601/authentication.php
2023-07-10 17:42:05.576 [RMI TCP Connection(37)-127.0.0.1] INFO  o.s.b.a.SpringApplicationAdminMXBeanRegistrar$SpringApplicationAdmin - Application shutdown requested.
2023-07-10 17:42:05.578 [RMI TCP Connection(37)-127.0.0.1] INFO  o.s.b.w.s.c.AnnotationConfigServletWebServerApplicationContext - Closing org.springframework.boot.web.servlet.context.AnnotationConfigServletWebServerApplicationContext@4628b1d3: startup date [Mon Jul 10 17:12:44 JST 2023]; root of context hierarchy
2023-07-10 17:42:05.593 [RMI TCP Connection(37)-127.0.0.1] INFO  o.s.jmx.export.annotation.AnnotationMBeanExporter - Unregistering JMX-exposed beans on shutdown
2023-07-10 17:42:05.594 [RMI TCP Connection(37)-127.0.0.1] INFO  o.s.jmx.export.annotation.AnnotationMBeanExporter - Unregistering JMX-exposed beans
2023-07-10 17:42:05.612 [RMI TCP Connection(37)-127.0.0.1] INFO  com.zaxxer.hikari.HikariDataSource - HikariPool-1 - Shutdown initiated...
2023-07-10 17:42:05.625 [RMI TCP Connection(37)-127.0.0.1] INFO  com.zaxxer.hikari.HikariDataSource - HikariPool-1 - Shutdown completed.
6:33:19.210 [main] INFO  org.apache.catalina.core.StandardService - Starting service [Tomcat]
2023-07-10 16:33:19.211 [main] INFO  org.apache.catalina.core.StandardEngine - Starting Servlet Engine: Apache Tomcat/8.5.34
2023-07-10 16:33:19.228 [localhost-startStop-1] INFO  org.apache.catalina.core.AprLifecycleListener - The APR based Apache Tomcat Native library which allows optimal performance in production environments was not found on the java.library.path: [C:\Program Files\Java\jdk-11.0.6\bin;C:\Windows\Sun\Java\bin;C:\Windows\system32;C:\Windows;C:/Users/C21691/Downloads/sts-4.18.1.RELEASE//plugins/org.eclipse.justj.openjdk.hotspot.jre.full.win32.x86_64_17.0.7.v20230425-1502/jre/bin/server;C:/Users/C21691/Downloads/sts-4.18.1.RELEASE//plugins/org.eclipse.justj.openjdk.hotspot.jre.full.win32.x86_64_17.0.7.v20230425-1502/jre/bin;C:\Windows\system32;C:\Windows;C:\Windows\System32\Wbem;C:\Windows\System32\WindowsPowerShell\v1.0\;C:\Windows\System32\OpenSSH\;C:\Program Files\TortoiseSVN\bin;C:\Program Files\Java\jdk-11.0.6\bin;D:\Tools\apache-maven-3.5.3\bin;C:\Program Files (x86)\Microsoft SQL Server\150\DTS\Binn\;C:\Program Files\Java\jdk-11.0.6\jre\bin;C:\Users\C21691\AppData\Local\Microsoft\WindowsApps;;C:\Users\C21691\Downloads\sts-4.18.1.RELEASE;;.]
2023-07-10 16:33:19.520 [localhost-startStop-1] INFO  org.apache.jasper.servlet.TldScanner - At least one JAR was scanned for TLDs yet contained no TLDs. Enable debug logging for this logger for a complete list of JARs that were scanned but no TLDs were found in them. Skipping unneeded JARs during scanning can improve startup time and JSP compilation time.
2023-07-10 16:33:19.529 [localhost-startStop-1] INFO  o.a.c.c.ContainerBase.[Tomcat].[localhost].[/CP] - Initializing Spring embedded WebApplicationContext
2023-07-10 16:33:19.530 [localhost-startStop-1] INFO  org.springframework.web.context.ContextLoader - Root WebApplicationContext: initialization completed in 3260 ms
2023-07-10 16:33:19.688 [localhost-startStop-1] INFO  o.s.boot.web.servlet.ServletRegistrationBean - Servlet dispatcherServlet mapped to [/]
2023-07-10 16:33:19.697 [localhost-startStop-1] INFO  o.s.boot.web.servlet.FilterRegistrationBean - Mapping filter: 'characterEncodingFilter' to: [/*]
2023-07-10 16:33:19.698 [localhost-startStop-1] INFO  o.s.boot.web.servlet.FilterRegistrationBean - Mapping filter: 'hiddenHttpMethodFilter' to: [/*]
2023-07-10 16:33:19.698 [localhost-startStop-1] INFO  o.s.boot.web.servlet.FilterRegistrationBean - Mapping filter: 'httpPutFormContentFilter' to: [/*]
2023-07-10 16:33:19.698 [localhost-startStop-1] INFO  o.s.boot.web.servlet.FilterRegistrationBean - Mapping filter: 'requestContextFilter' to: [/*]
2023-07-10 16:33:19.699 [localhost-startStop-1] INFO  o.s.boot.web.servlet.FilterRegistrationBean - Mapping filter: 'resourceUrlEncodingFilter' to: [/*]
2023-07-10 16:33:20.525 [main] INFO  o.s.web.servlet.handler.SimpleUrlHandlerMapping - Mapped URL path [/**/favicon.ico] onto handler of type [class org.springframework.web.servlet.resource.ResourceHttpRequestHandler]
2023-07-10 16:33:20.913 [main] INFO  o.s.w.s.m.m.a.RequestMappingHandlerAdapter - Looking for @ControllerAdvice: org.springframework.boot.web.servlet.context.AnnotationConfigServletWebServerApplicationContext@4c36250e: startup date [Mon Jul 10 16:33:16 CST 2023]; root of context hierarchy
2023-07-10 16:33:21.055 [main] INFO  o.s.w.s.m.m.a.RequestMappingHandlerMapping - Mapped "{[/CP100/csSearch],methods=[GET]}" onto public java.util.List<jp.co.iris.global.bean.CP100CsBindBean> jp.co.iris.global.controller.CP100Controller.csSearch(java.lang.String,java.lang.String)
2023-07-10 16:33:21.056 [main] INFO  o.s.w.s.m.m.a.RequestMappingHandlerMapping - Mapped "{[/CP100],methods=[GET]}" onto public org.springframework.web.servlet.ModelAndView jp.co.iris.global.controller.CP100Controller.getViewsInfo(org.springframework.web.servlet.ModelAndView)
2023-07-10 16:33:21.057 [main] INFO  o.s.w.s.m.m.a.RequestMappingHandlerMapping - Mapped "{[/CP100/cpSearch],methods=[GET]}" onto public java.util.List<jp.co.iris.global.bean.CP100DataBean> jp.co.iris.global.controller.CP100Controller.cpSearch(java.lang.String)
2023-07-10 16:33:21.058 [main] INFO  o.s.w.s.m.m.a.RequestMappingHandlerMapping - Mapped "{[/CP100/plaza2Search],methods=[GET]}" onto public java.util.List<jp.co.iris.global.bean.CP100SEA0601Bean> jp.co.iris.global.controller.CP100Controller.plaza2Search(java.lang.String,java.lang.String)
2023-07-10 16:33:21.059 [main] INFO  o.s.w.s.m.m.a.RequestMappingHandlerMapping - Mapped "{[/CP100/plaza1Search],methods=[GET]}" onto public java.util.List<jp.co.iris.global.bean.CP100SEA0302Bean> jp.co.iris.global.controller.CP100Controller.plaza1Search(java.lang.String,java.lang.String)
2023-07-10 16:33:21.059 [main] INFO  o.s.w.s.m.m.a.RequestMappingHandlerMapping - Mapped "{[/CP100/azSearch],methods=[GET]}" onto public java.util.List<jp.co.iris.global.bean.CP100SLE0401Bean> jp.co.iris.global.controller.CP100Controller.azSearch(java.lang.String,java.lang.String)
2023-07-10 16:33:21.060 [main] INFO  o.s.w.s.m.m.a.RequestMappingHandlerMapping - Mapped "{[/CP100/asSearch],methods=[GET]}" onto public java.util.List<jp.co.iris.global.bean.CP100AsBindBean> jp.co.iris.global.controller.CP100Controller.asSearch(java.lang.String,java.lang.String)
2023-07-10 16:33:21.060 [main] INFO  o.s.w.s.m.m.a.RequestMappingHandlerMapping - Mapped "{[/CP100/authentication],methods=[GET]}" onto public org.springframework.web.servlet.ModelAndView jp.co.iris.global.controller.CP100Controller.authentication(java.lang.String,org.springframework.web.servlet.ModelAndView)
2023-07-10 16:33:21.068 [main] INFO  o.s.w.s.m.m.a.RequestMappingHandlerMapping - Mapped "{[/error],produces=[text/html]}" onto public org.springframework.web.servlet.ModelAndView org.springframework.boot.autoconfigure.web.servlet.error.BasicErrorController.errorHtml(javax.servlet.http.HttpServletRequest,javax.servlet.http.HttpServletResponse)
2023-07-10 16:33:21.069 [main] INFO  o.s.w.s.m.m.a.RequestMappingHandlerMapping - Mapped "{[/error]}" onto public org.springframework.http.ResponseEntity<java.util.Map<java.lang.String, java.lang.Object>> org.springframework.boot.autoconfigure.web.servlet.error.BasicErrorController.error(javax.servlet.http.HttpServletRequest)
2023-07-10 16:33:21.205 [main] INFO  o.s.web.servlet.handler.SimpleUrlHandlerMapping - Mapped URL path [/webjars/**] onto handler of type [class org.springframework.web.servlet.resource.ResourceHttpRequestHandler]
2023-07-10 16:33:21.205 [main] INFO  o.s.web.servlet.handler.SimpleUrlHandlerMapping - Mapped URL path [/**] onto handler of type [class org.springframework.web.servlet.resource.ResourceHttpRequestHandler]
2023-07-10 16:33:21.242 [main] INFO  o.s.w.s.m.m.a.ExceptionHandlerExceptionResolver - Detected @ExceptionHandler methods in globalExceptionHandler
2023-07-10 16:33:21.891 [main] INFO  o.s.jmx.export.annotation.AnnotationMBeanExporter - Registering beans for JMX exposure on startup
2023-07-10 16:33:21.894 [main] INFO  o.s.jmx.export.annotation.AnnotationMBeanExporter - Bean with name 'svr015' has been autodetected for JMX exposure
2023-07-10 16:33:21.895 [main] INFO  o.s.jmx.export.annotation.AnnotationMBeanExporter - Bean with name 'svr820' has been autodetected for JMX exposure
2023-07-10 16:33:21.895 [main] INFO  o.s.jmx.export.annotation.AnnotationMBeanExporter - Bean with name 'svr820fp' has been autodetected for JMX exposure
2023-07-10 16:33:21.902 [main] INFO  o.s.jmx.export.annotation.AnnotationMBeanExporter - Located MBean 'svr015': registering with JMX server as MBean [com.zaxxer.hikari:name=svr015,type=HikariDataSource]
2023-07-10 16:33:21.905 [main] INFO  o.s.jmx.export.annotation.AnnotationMBeanExporter - Located MBean 'svr820': registering with JMX server as MBean [com.zaxxer.hikari:name=svr820,type=HikariDataSource]
2023-07-10 16:33:21.907 [main] INFO  o.s.jmx.export.annotation.AnnotationMBeanExporter - Located MBean 'svr820fp': registering with JMX server as MBean [com.zaxxer.hikari:name=svr820fp,type=HikariDataSource]
2023-07-10 16:33:21.930 [main] INFO  org.apache.coyote.http11.Http11NioProtocol - Starting ProtocolHandler ["http-nio-8080"]
2023-07-10 16:33:21.938 [main] INFO  org.apache.tomcat.util.net.NioSelectorPool - Using a shared selector for servlet write/read
2023-07-10 16:33:21.981 [main] INFO  o.s.boot.web.embedded.tomcat.TomcatWebServer - Tomcat started on port(s): 8080 (http) with context path '/CP'
2023-07-10 16:33:21.987 [main] INFO  jp.co.iris.global.CPApplication - Started CPApplication in 6.465 seconds (JVM running for 7.275)
2023-07-10 16:33:36.835 [http-nio-8080-exec-2] INFO  o.a.c.c.ContainerBase.[Tomcat].[localhost].[/CP] - Initializing Spring FrameworkServlet 'dispatcherServlet'
2023-07-10 16:33:36.836 [http-nio-8080-exec-2] INFO  org.springframework.web.servlet.DispatcherServlet - FrameworkServlet 'dispatcherServlet': initialization started
2023-07-10 16:33:36.897 [http-nio-8080-exec-2] INFO  org.springframework.web.servlet.DispatcherServlet - FrameworkServlet 'dispatcherServlet': initialization completed in 60 ms
2023-07-10 16:35:08.422 [RMI TCP Connection(12)-127.0.0.1] INFO  o.s.b.a.SpringApplicationAdminMXBeanRegistrar$SpringApplicationAdmin - Application shutdown requested.
2023-07-10 16:35:08.424 [RMI TCP Connection(12)-127.0.0.1] INFO  o.s.b.w.s.c.AnnotationConfigServletWebServerApplicationContext - Closing org.springframework.boot.web.servlet.context.AnnotationConfigServletWebServerApplicationContext@4c36250e: startup date [Mon Jul 10 16:33:16 CST 2023]; root of context hierarchy
2023-07-10 16:35:08.430 [RMI TCP Connection(12)-127.0.0.1] INFO  o.s.jmx.export.annotation.AnnotationMBeanExporter - Unregistering JMX-exposed beans on shutdown
2023-07-10 16:35:08.431 [RMI TCP Connection(12)-127.0.0.1] INFO  o.s.jmx.export.annotation.AnnotationMBeanExporter - Unregistering JMX-exposed beans
2023-07-10 16:35:25.427 [main] INFO  jp.co.iris.global.CPApplication - Starting CPApplication on D5573 with PID 12268 (\\SVRV14\ShareData\zhang\CP\target\classes started by C21691 in \\SVRV14\ShareData\zhang\CP)
2023-07-10 16:35:25.430 [main] INFO  jp.co.iris.global.CPApplication - No active profile set, falling back to default profiles: default
2023-07-10 16:35:25.499 [main] INFO  o.s.b.w.s.c.AnnotationConfigServletWebServerApplicationContext - Refreshing org.springframework.boot.web.servlet.context.AnnotationConfigServletWebServerApplicationContext@77192705: startup date [Mon Jul 10 16:35:25 CST 2023]; root of context hierarchy
2023-07-10 16:35:27.040 [main] INFO  o.s.b.f.a.AutowiredAnnotationBeanPostProcessor - JSR-330 'javax.inject.Inject' annotation found and supported for autowiring
2023-07-10 16:35:28.346 [main] INFO  o.s.boot.web.embedded.tomcat.TomcatWebServer - Tomcat initialized with port(s): 8080 (http)
2023-07-10 16:35:28.374 [main] INFO  org.apache.coyote.http11.Http11NioProtocol - Initializing ProtocolHandler ["http-nio-8080"]
2023-07-10 16:35:28.393 [main] INFO  org.apache.catalina.core.StandardService - Starting service [Tomcat]
2023-07-10 16:35:28.394 [main] INFO  org.apache.catalina.core.StandardEngine - Starting Servlet Engine: Apache Tomcat/8.5.34
2023-07-10 16:35:28.412 [localhost-startStop-1] INFO  org.apache.catalina.core.AprLifecycleListener - The APR based Apache Tomcat Native library which allows optimal performance in production environments was not found on the java.library.path: [C:\Program Files\Java\jdk-11.0.6\bin;C:\Windows\Sun\Java\bin;C:\Windows\system32;C:\Windows;C:/Users/C21691/Downloads/sts-4.18.1.RELEASE//plugins/org.eclipse.justj.openjdk.hotspot.jre.full.win32.x86_64_17.0.7.v20230425-1502/jre/bin/server;C:/Users/C21691/Downloads/sts-4.18.1.RELEASE//plugins/org.eclipse.justj.openjdk.hotspot.jre.full.win32.x86_64_17.0.7.v20230425-1502/jre/bin;C:\Windows\system32;C:\Windows;C:\Windows\System32\Wbem;C:\Windows\System32\WindowsPowerShell\v1.0\;C:\Windows\System32\OpenSSH\;C:\Program Files\TortoiseSVN\bin;C:\Program Files\Java\jdk-11.0.6\bin;D:\Tools\apache-maven-3.5.3\bin;C:\Program Files (x86)\Microsoft SQL Server\150\DTS\Binn\;C:\Program Files\Java\jdk-11.0.6\jre\bin;C:\Users\C21691\AppData\Local\Microsoft\WindowsApps;;C:\Users\C21691\Downloads\sts-4.18.1.RELEASE;;.]
2023-07-10 16:35:28.697 [localhost-startStop-1] INFO  org.apache.jasper.servlet.TldScanner - At least one JAR was scanned for TLDs yet contained no TLDs. Enable debug logging for this logger for a complete list of JARs that were scanned but no TLDs were found in them. Skipping unneeded JARs during scanning can improve startup time and JSP compilation time.
2023-07-10 16:35:28.710 [localhost-startStop-1] INFO  o.a.c.c.ContainerBase.[Tomcat].[localhost].[/CP] - Initializing Spring embedded WebApplicationContext
2023-07-10 16:35:28.714 [localhost-startStop-1] INFO  org.springframework.web.context.ContextLoader - Root WebApplicationContext: initialization completed in 3215 ms
2023-07-10 16:35:28.896 [localhost-startStop-1] INFO  o.s.boot.web.servlet.ServletRegistrationBean - Servlet dispatcherServlet mapped to [/]
2023-07-10 16:35:28.905 [localhost-startStop-1] INFO  o.s.boot.web.servlet.FilterRegistrationBean - Mapping filter: 'characterEncodingFilter' to: [/*]
2023-07-10 16:35:28.906 [localhost-startStop-1] INFO  o.s.boot.web.servlet.FilterRegistrationBean - Mapping filter: 'hiddenHttpMethodFilter' to: [/*]
2023-07-10 16:35:28.906 [localhost-startStop-1] INFO  o.s.boot.web.servlet.FilterRegistrationBean - Mapping filter: 'httpPutFormContentFilter' to: [/*]
2023-07-10 16:35:28.907 [localhost-startStop-1] INFO  o.s.boot.web.servlet.FilterRegistrationBean - Mapping filter: 'requestContextFilter' to: [/*]
2023-07-10 16:35:28.907 [localhost-startStop-1] INFO  o.s.boot.web.servlet.FilterRegistrationBean - Mapping filter: 'resourceUrlEncodingFilter' to: [/*]
2023-07-10 16:35:29.737 [main] INFO  o.s.web.servlet.handler.SimpleUrlHandlerMapping - Mapped URL path [/**/favicon.ico] onto handler of type [class org.springframework.web.servlet.resource.ResourceHttpRequestHandler]
2023-07-10 16:35:30.121 [main] INFO  o.s.w.s.m.m.a.RequestMappingHandlerAdapter - Looking for @ControllerAdvice: org.springframework.boot.web.servlet.context.AnnotationConfigServletWebServerApplicationContext@77192705: startup date [Mon Jul 10 16:35:25 CST 2023]; root of context hierarchy
2023-07-10 16:35:30.260 [main] INFO  o.s.w.s.m.m.a.RequestMappingHandlerMapping - Mapped "{[/CP100/authentication],methods=[GET]}" onto public org.springframework.web.servlet.ModelAndView jp.co.iris.global.controller.CP100Controller.authentication(java.lang.String,org.springframework.web.servlet.ModelAndView)
2023-07-10 16:35:30.262 [main] INFO  o.s.w.s.m.m.a.RequestMappingHandlerMapping - Mapped "{[/CP100],methods=[GET]}" onto public org.springframework.web.servlet.ModelAndView jp.co.iris.global.controller.CP100Controller.getViewsInfo(org.springframework.web.servlet.ModelAndView)
2023-07-10 16:35:30.263 [main] INFO  o.s.w.s.m.m.a.RequestMappingHandlerMapping - Mapped "{[/CP100/cpSearch],methods=[GET]}" onto public java.util.List<jp.co.iris.global.bean.CP100DataBean> jp.co.iris.global.controller.CP100Controller.cpSearch(java.lang.String)
2023-07-10 16:35:30.263 [main] INFO  o.s.w.s.m.m.a.RequestMappingHandlerMapping - Mapped "{[/CP100/azSearch],methods=[GET]}" onto public java.util.List<jp.co.iris.global.bean.CP100SLE0401Bean> jp.co.iris.global.controller.CP100Controller.azSearch(java.lang.String,java.lang.String)
2023-07-10 16:35:30.264 [main] INFO  o.s.w.s.m.m.a.RequestMappingHandlerMapping - Mapped "{[/CP100/asSearch],methods=[GET]}" onto public java.util.List<jp.co.iris.global.bean.CP100AsBindBean> jp.co.iris.global.controller.CP100Controller.asSearch(java.lang.String,java.lang.String)
2023-07-10 16:35:30.265 [main] INFO  o.s.w.s.m.m.a.RequestMappingHandlerMapping - Mapped "{[/CP100/plaza1Search],methods=[GET]}" onto public java.util.List<jp.co.iris.global.bean.CP100SEA0302Bean> jp.co.iris.global.controller.CP100Controller.plaza1Search(java.lang.String,java.lang.String)
2023-07-10 16:35:30.265 [main] INFO  o.s.w.s.m.m.a.RequestMappingHandlerMapping - Mapped "{[/CP100/csSearch],methods=[GET]}" onto public java.util.List<jp.co.iris.global.bean.CP100CsBindBean> jp.co.iris.global.controller.CP100Controller.csSearch(java.lang.String,java.lang.String)
2023-07-10 16:35:30.266 [main] INFO  o.s.w.s.m.m.a.RequestMappingHandlerMapping - Mapped "{[/CP100/plaza2Search],methods=[GET]}" onto public java.util.List<jp.co.iris.global.bean.CP100SEA0601Bean> jp.co.iris.global.controller.CP100Controller.plaza2Search(java.lang.String,java.lang.String)
2023-07-10 16:35:30.275 [main] INFO  o.s.w.s.m.m.a.RequestMappingHandlerMapping - Mapped "{[/error]}" onto public org.springframework.http.ResponseEntity<java.util.Map<java.lang.String, java.lang.Object>> org.springframework.boot.autoconfigure.web.servlet.error.BasicErrorController.error(javax.servlet.http.HttpServletRequest)
2023-07-10 16:35:30.275 [main] INFO  o.s.w.s.m.m.a.RequestMappingHandlerMapping - Mapped "{[/error],produces=[text/html]}" onto public org.springframework.web.servlet.ModelAndView org.springframework.boot.autoconfigure.web.servlet.error.BasicErrorController.errorHtml(javax.servlet.http.HttpServletRequest,javax.servlet.http.HttpServletResponse)
2023-07-10 16:35:30.403 [main] INFO  o.s.web.servlet.handler.SimpleUrlHandlerMapping - Mapped URL path [/webjars/**] onto handler of type [class org.springframework.web.servlet.resource.ResourceHttpRequestHandler]
2023-07-10 16:35:30.404 [main] INFO  o.s.web.servlet.handler.SimpleUrlHandlerMapping - Mapped URL path [/**] onto handler of type [class org.springframework.web.servlet.resource.ResourceHttpRequestHandler]
2023-07-10 16:35:30.440 [main] INFO  o.s.w.s.m.m.a.ExceptionHandlerExceptionResolver - Detected @ExceptionHandler methods in globalExceptionHandler
2023-07-10 16:35:31.079 [main] INFO  o.s.jmx.export.annotation.AnnotationMBeanExporter - Registering beans for JMX exposure on startup
2023-07-10 16:35:31.081 [main] INFO  o.s.jmx.export.annotation.AnnotationMBeanExporter - Bean with name 'svr015' has been autodetected for JMX exposure
2023-07-10 16:35:31.082 [main] INFO  o.s.jmx.export.annotation.AnnotationMBeanExporter - Bean with name 'svr820' has been autodetected for JMX exposure
2023-07-10 16:35:31.084 [main] INFO  o.s.jmx.export.annotation.AnnotationMBeanExporter - Bean with name 'svr820fp' has been autodetected for JMX exposure
2023-07-10 16:35:31.103 [main] INFO  o.s.jmx.export.annotation.AnnotationMBeanExporter - Located MBean 'svr015': registering with JMX server as MBean [com.zaxxer.hikari:name=svr015,type=HikariDataSource]
2023-07-10 16:35:31.106 [main] INFO  o.s.jmx.export.annotation.AnnotationMBeanExporter - Located MBean 'svr820': registering with JMX server as MBean [com.zaxxer.hikari:name=svr820,type=HikariDataSource]
2023-07-10 16:35:31.108 [main] INFO  o.s.jmx.export.annotation.AnnotationMBeanExporter - Located MBean 'svr820fp': registering with JMX server as MBean [com.zaxxer.hikari:name=svr820fp,type=HikariDataSource]
2023-07-10 16:35:31.133 [main] INFO  org.apache.coyote.http11.Http11NioProtocol - Starting ProtocolHandler ["http-nio-8080"]
2023-07-10 16:35:31.142 [main] INFO  org.apache.tomcat.util.net.NioSelectorPool - Using a shared selector for servlet write/read
2023-07-10 16:35:31.181 [main] INFO  o.s.boot.web.embedded.tomcat.TomcatWebServer - Tomcat started on port(s): 8080 (http) with context path '/CP'
2023-07-10 16:35:31.187 [main] INFO  jp.co.iris.global.CPApplication - Started CPApplication in 6.42 seconds (JVM running for 7.216)
2023-07-10 16:35:49.534 [http-nio-8080-exec-2] INFO  o.a.c.c.ContainerBase.[Tomcat].[localhost].[/CP] - Initializing Spring FrameworkServlet 'dispatcherServlet'
2023-07-10 16:35:49.535 [http-nio-8080-exec-2] INFO  org.springframework.web.servlet.DispatcherServlet - FrameworkServlet 'dispatcherServlet': initialization started
2023-07-10 16:35:49.615 [http-nio-8080-exec-2] INFO  org.springframework.web.servlet.DispatcherServlet - FrameworkServlet 'dispatcherServlet': initialization completed in 79 ms
2023-07-10 16:36:11.899 [RMI TCP Connection(10)-127.0.0.1] INFO  o.s.b.a.SpringApplicationAdminMXBeanRegistrar$SpringApplicationAdmin - Application shutdown requested.
2023-07-10 16:36:11.902 [RMI TCP Connection(10)-127.0.0.1] INFO  o.s.b.w.s.c.AnnotationConfigServletWebServerApplicationContext - Closing org.springframework.boot.web.servlet.context.AnnotationConfigServletWebServerApplicationContext@77192705: startup date [Mon Jul 10 16:35:25 CST 2023]; root of context hierarchy
2023-07-10 16:36:11.908 [RMI TCP Connection(10)-127.0.0.1] INFO  o.s.jmx.export.annotation.AnnotationMBeanExporter - Unregistering JMX-exposed beans on shutdown
2023-07-10 16:36:11.908 [RMI TCP Connection(10)-127.0.0.1] INFO  o.s.jmx.export.annotation.AnnotationMBeanExporter - Unregistering JMX-exposed beans
2023-07-10 16:38:15.302 [main] INFO  jp.co.iris.global.CPApplication - Starting CPApplication on D5573 with PID 11804 (\\SVRV14\ShareData\zhang\CP\target\classes started by C21691 in \\SVRV14\ShareData\zhang\CP)
2023-07-10 16:38:15.305 [main] INFO  jp.co.iris.global.CPApplication - No active profile set, falling back to default profiles: default
2023-07-10 16:38:15.374 [main] INFO  o.s.b.w.s.c.AnnotationConfigServletWebServerApplicationContext - Refreshing org.springframework.boot.web.servlet.context.AnnotationConfigServletWebServerApplicationContext@4a067c25: startup date [Mon Jul 10 16:38:15 CST 2023]; root of context hierarchy
2023-07-10 16:38:17.503 [main] INFO  o.s.b.f.a.AutowiredAnnotationBeanPostProcessor - JSR-330 'javax.inject.Inject' annotation found and supported for autowiring
2023-07-10 16:38:18.772 [main] INFO  o.s.boot.web.embedded.tomcat.TomcatWebServer - Tomcat initialized with port(s): 8080 (http)
2023-07-10 16:38:18.802 [main] INFO  org.apache.coyote.http11.Http11NioProtocol - Initializing ProtocolHandler ["http-nio-8080"]
2023-07-10 16:38:18.823 [main] INFO  org.apache.catalina.core.StandardService - Starting service [Tomcat]
2023-07-10 16:38:18.824 [main] INFO  org.apache.catalina.core.StandardEngine - Starting Servlet Engine: Apache Tomcat/8.5.34
2023-07-10 16:38:18.843 [localhost-startStop-1] INFO  org.apache.catalina.core.AprLifecycleListener - The APR based Apache Tomcat Native library which allows optimal performance in production environments was not found on the java.library.path: [C:\Program Files\Java\jdk-11.0.6\bin;C:\Windows\Sun\Java\bin;C:\Windows\system32;C:\Windows;C:/Users/C21691/Downloads/sts-4.18.1.RELEASE//plugins/org.eclipse.justj.openjdk.hotspot.jre.full.win32.x86_64_17.0.7.v20230425-1502/jre/bin/server;C:/Users/C21691/Downloads/sts-4.18.1.RELEASE//plugins/org.eclipse.justj.openjdk.hotspot.jre.full.win32.x86_64_17.0.7.v20230425-1502/jre/bin;C:\Windows\system32;C:\Windows;C:\Windows\System32\Wbem;C:\Windows\System32\WindowsPowerShell\v1.0\;C:\Windows\System32\OpenSSH\;C:\Program Files\TortoiseSVN\bin;C:\Program Files\Java\jdk-11.0.6\bin;D:\Tools\apache-maven-3.5.3\bin;C:\Program Files (x86)\Microsoft SQL Server\150\DTS\Binn\;C:\Program Files\Java\jdk-11.0.6\jre\bin;C:\Users\C21691\AppData\Local\Microsoft\WindowsApps;;C:\Users\C21691\Downloads\sts-4.18.1.RELEASE;;.]
2023-07-10 16:38:19.166 [localhost-startStop-1] INFO  org.apache.jasper.servlet.TldScanner - At least one JAR was scanned for TLDs yet contained no TLDs. Enable debug logging for this logger for a complete list of JARs that were scanned but no TLDs were found in them. Skipping unneeded JARs during scanning can improve startup time and JSP compilation time.
2023-07-10 16:38:19.176 [localhost-startStop-1] INFO  o.a.c.c.ContainerBase.[Tomcat].[localhost].[/CP] - Initializing Spring embedded WebApplicationContext
2023-07-10 16:38:19.178 [localhost-startStop-1] INFO  org.springframework.web.context.ContextLoader - Root WebApplicationContext: initialization completed in 3804 ms
2023-07-10 16:38:19.345 [localhost-startStop-1] INFO  o.s.boot.web.servlet.ServletRegistrationBean - Servlet dispatcherServlet mapped to [/]
2023-07-10 16:38:19.353 [localhost-startStop-1] INFO  o.s.boot.web.servlet.FilterRegistrationBean - Mapping filter: 'characterEncodingFilter' to: [/*]
2023-07-10 16:38:19.353 [localhost-startStop-1] INFO  o.s.boot.web.servlet.FilterRegistrationBean - Mapping filter: 'hiddenHttpMethodFilter' to: [/*]
2023-07-10 16:38:19.354 [localhost-startStop-1] INFO  o.s.boot.web.servlet.FilterRegistrationBean - Mapping filter: 'httpPutFormContentFilter' to: [/*]
2023-07-10 16:38:19.356 [localhost-startStop-1] INFO  o.s.boot.web.servlet.FilterRegistrationBean - Mapping filter: 'requestContextFilter' to: [/*]
2023-07-10 16:38:19.356 [localhost-startStop-1] INFO  o.s.boot.web.servlet.FilterRegistrationBean - Mapping filter: 'resourceUrlEncodingFilter' to: [/*]
2023-07-10 16:38:20.161 [main] INFO  o.s.web.servlet.handler.SimpleUrlHandlerMapping - Mapped URL path [/**/favicon.ico] onto handler of type [class org.springframework.web.servlet.resource.ResourceHttpRequestHandler]
2023-07-10 16:38:20.539 [main] INFO  o.s.w.s.m.m.a.RequestMappingHandlerAdapter - Looking for @ControllerAdvice: org.springframework.boot.web.servlet.context.AnnotationConfigServletWebServerApplicationContext@4a067c25: startup date [Mon Jul 10 16:38:15 CST 2023]; root of context hierarchy
2023-07-10 16:38:20.683 [main] INFO  o.s.w.s.m.m.a.RequestMappingHandlerMapping - Mapped "{[/CP100],methods=[GET]}" onto public org.springframework.web.servlet.ModelAndView jp.co.iris.global.controller.CP100Controller.getViewsInfo(org.springframework.web.servlet.ModelAndView)
2023-07-10 16:38:20.686 [main] INFO  o.s.w.s.m.m.a.RequestMappingHandlerMapping - Mapped "{[/CP100/csSearch],methods=[GET]}" onto public java.util.List<jp.co.iris.global.bean.CP100CsBindBean> jp.co.iris.global.controller.CP100Controller.csSearch(java.lang.String,java.lang.String)
2023-07-10 16:38:20.688 [main] INFO  o.s.w.s.m.m.a.RequestMappingHandlerMapping - Mapped "{[/CP100/cpSearch],methods=[GET]}" onto public java.util.List<jp.co.iris.global.bean.CP100DataBean> jp.co.iris.global.controller.CP100Controller.cpSearch(java.lang.String)
2023-07-10 16:38:20.689 [main] INFO  o.s.w.s.m.m.a.RequestMappingHandlerMapping - Mapped "{[/CP100/asSearch],methods=[GET]}" onto public java.util.List<jp.co.iris.global.bean.CP100AsBindBean> jp.co.iris.global.controller.CP100Controller.asSearch(java.lang.String,java.lang.String)
2023-07-10 16:38:20.691 [main] INFO  o.s.w.s.m.m.a.RequestMappingHandlerMapping - Mapped "{[/CP100/plaza1Search],methods=[GET]}" onto public java.util.List<jp.co.iris.global.bean.CP100SEA0302Bean> jp.co.iris.global.controller.CP100Controller.plaza1Search(java.lang.String,java.lang.String)
2023-07-10 16:38:20.691 [main] INFO  o.s.w.s.m.m.a.RequestMappingHandlerMapping - Mapped "{[/CP100/azSearch],methods=[GET]}" onto public java.util.List<jp.co.iris.global.bean.CP100SLE0401Bean> jp.co.iris.global.controller.CP100Controller.azSearch(java.lang.String,java.lang.String)
2023-07-10 16:38:20.692 [main] INFO  o.s.w.s.m.m.a.RequestMappingHandlerMapping - Mapped "{[/CP100/plaza2Search],methods=[GET]}" onto public java.util.List<jp.co.iris.global.bean.CP100SEA0601Bean> jp.co.iris.global.controller.CP100Controller.plaza2Search(java.lang.String,java.lang.String)
2023-07-10 16:38:20.692 [main] INFO  o.s.w.s.m.m.a.RequestMappingHandlerMapping - Mapped "{[/CP100/authentication],methods=[GET]}" onto public org.springframework.web.servlet.ModelAndView jp.co.iris.global.controller.CP100Controller.authentication(java.lang.String,org.springframework.web.servlet.ModelAndView)
2023-07-10 16:38:20.702 [main] INFO  o.s.w.s.m.m.a.RequestMappingHandlerMapping - Mapped "{[/error]}" onto public org.springframework.http.ResponseEntity<java.util.Map<java.lang.String, java.lang.Object>> org.springframework.boot.autoconfigure.web.servlet.error.BasicErrorController.error(javax.servlet.http.HttpServletRequest)
2023-07-10 16:38:20.702 [main] INFO  o.s.w.s.m.m.a.RequestMappingHandlerMapping - Mapped "{[/error],produces=[text/html]}" onto public org.springframework.web.servlet.ModelAndView org.springframework.boot.autoconfigure.web.servlet.error.BasicErrorController.errorHtml(javax.servlet.http.HttpServletRequest,javax.servlet.http.HttpServletResponse)
2023-07-10 16:38:20.838 [main] INFO  o.s.web.servlet.handler.SimpleUrlHandlerMapping - Mapped URL path [/webjars/**] onto handler of type [class org.springframework.web.servlet.resource.ResourceHttpRequestHandler]
2023-07-10 16:38:20.838 [main] INFO  o.s.web.servlet.handler.SimpleUrlHandlerMapping - Mapped URL path [/**] onto handler of type [class org.springframework.web.servlet.resource.ResourceHttpRequestHandler]
2023-07-10 16:38:20.876 [main] INFO  o.s.w.s.m.m.a.ExceptionHandlerExceptionResolver - Detected @ExceptionHandler methods in globalExceptionHandler
2023-07-10 16:38:21.500 [main] INFO  o.s.jmx.export.annotation.AnnotationMBeanExporter - Registering beans for JMX exposure on startup
2023-07-10 16:38:21.502 [main] INFO  o.s.jmx.export.annotation.AnnotationMBeanExporter - Bean with name 'svr015' has been autodetected for JMX exposure
2023-07-10 16:38:21.503 [main] INFO  o.s.jmx.export.annotation.AnnotationMBeanExporter - Bean with name 'svr820' has been autodetected for JMX exposure
2023-07-10 16:38:21.504 [main] INFO  o.s.jmx.export.annotation.AnnotationMBeanExporter - Bean with name 'svr820fp' has been autodetected for JMX exposure
2023-07-10 16:38:21.510 [main] INFO  o.s.jmx.export.annotation.AnnotationMBeanExporter - Located MBean 'svr015': registering with JMX server as MBean [com.zaxxer.hikari:name=svr015,type=HikariDataSource]
2023-07-10 16:38:21.512 [main] INFO  o.s.jmx.export.annotation.AnnotationMBeanExporter - Located MBean 'svr820': registering with JMX server as MBean [com.zaxxer.hikari:name=svr820,type=HikariDataSource]
2023-07-10 16:38:21.514 [main] INFO  o.s.jmx.export.annotation.AnnotationMBeanExporter - Located MBean 'svr820fp': registering with JMX server as MBean [com.zaxxer.hikari:name=svr820fp,type=HikariDataSource]
2023-07-10 16:38:21.538 [main] INFO  org.apache.coyote.http11.Http11NioProtocol - Starting ProtocolHandler ["http-nio-8080"]
2023-07-10 16:38:21.545 [main] INFO  org.apache.tomcat.util.net.NioSelectorPool - Using a shared selector for servlet write/read
2023-07-10 16:38:21.586 [main] INFO  o.s.boot.web.embedded.tomcat.TomcatWebServer - Tomcat started on port(s): 8080 (http) with context path '/CP'
2023-07-10 16:38:21.591 [main] INFO  jp.co.iris.global.CPApplication - Started CPApplication in 6.98 seconds (JVM running for 7.715)
2023-07-10 16:38:45.528 [http-nio-8080-exec-1] INFO  o.a.c.c.ContainerBase.[Tomcat].[localhost].[/CP] - Initializing Spring FrameworkServlet 'dispatcherServlet'
2023-07-10 16:38:45.531 [http-nio-8080-exec-1] INFO  org.springframework.web.servlet.DispatcherServlet - FrameworkServlet 'dispatcherServlet': initialization started
2023-07-10 16:38:45.610 [http-nio-8080-exec-1] INFO  org.springframework.web.servlet.DispatcherServlet - FrameworkServlet 'dispatcherServlet': initialization completed in 78 ms
2023-07-10 16:39:14.243 [RMI TCP Connection(10)-127.0.0.1] INFO  o.s.b.a.SpringApplicationAdminMXBeanRegistrar$SpringApplicationAdmin - Application shutdown requested.
2023-07-10 16:39:14.246 [RMI TCP Connection(10)-127.0.0.1] INFO  o.s.b.w.s.c.AnnotationConfigServletWebServerApplicationContext - Closing org.springframework.boot.web.servlet.context.AnnotationConfigServletWebServerApplicationContext@4a067c25: startup date [Mon Jul 10 16:38:15 CST 2023]; root of context hierarchy
2023-07-10 16:39:14.251 [RMI TCP Connection(10)-127.0.0.1] INFO  o.s.jmx.export.annotation.AnnotationMBeanExporter - Unregistering JMX-exposed beans on shutdown
2023-07-10 16:39:14.251 [RMI TCP Connection(10)-127.0.0.1] INFO  o.s.jmx.export.annotation.AnnotationMBeanExporter - Unregistering JMX-exposed beans
2023-07-10 16:39:51.700 [main] INFO  jp.co.iris.global.CPApplication - Starting CPApplication on D5573 with PID 13348 (\\SVRV14\ShareData\zhang\CP\target\classes started by C21691 in \\SVRV14\ShareData\zhang\CP)
2023-07-10 16:39:51.703 [main] INFO  jp.co.iris.global.CPApplication - No active profile set, falling back to default profiles: default
2023-07-10 16:39:51.772 [main] INFO  o.s.b.w.s.c.AnnotationConfigServletWebServerApplicationContext - Refreshing org.springframework.boot.web.servlet.context.AnnotationConfigServletWebServerApplicationContext@4b6166aa: startup date [Mon Jul 10 16:39:51 CST 2023]; root of context hierarchy
2023-07-10 16:39:53.285 [main] INFO  o.s.b.f.a.AutowiredAnnotationBeanPostProcessor - JSR-330 'javax.inject.Inject' annotation found and supported for autowiring
2023-07-10 16:39:54.675 [main] INFO  o.s.boot.web.embedded.tomcat.TomcatWebServer - Tomcat initialized with port(s): 8080 (http)
2023-07-10 16:39:54.702 [main] INFO  org.apache.coyote.http11.Http11NioProtocol - Initializing ProtocolHandler ["http-nio-8080"]
2023-07-10 16:39:54.724 [main] INFO  org.apache.catalina.core.StandardService - Starting service [Tomcat]
2023-07-10 16:39:54.725 [main] INFO  org.apache.catalina.core.StandardEngine - Starting Servlet Engine: Apache Tomcat/8.5.34
2023-07-10 16:39:54.743 [localhost-startStop-1] INFO  org.apache.catalina.core.AprLifecycleListener - The APR based Apache Tomcat Native library which allows optimal performance in production environments was not found on the java.library.path: [C:\Program Files\Java\jdk-11.0.6\bin;C:\Windows\Sun\Java\bin;C:\Windows\system32;C:\Windows;C:/Users/C21691/Downloads/sts-4.18.1.RELEASE//plugins/org.eclipse.justj.openjdk.hotspot.jre.full.win32.x86_64_17.0.7.v20230425-1502/jre/bin/server;C:/Users/C21691/Downloads/sts-4.18.1.RELEASE//plugins/org.eclipse.justj.openjdk.hotspot.jre.full.win32.x86_64_17.0.7.v20230425-1502/jre/bin;C:\Windows\system32;C:\Windows;C:\Windows\System32\Wbem;C:\Windows\System32\WindowsPowerShell\v1.0\;C:\Windows\System32\OpenSSH\;C:\Program Files\TortoiseSVN\bin;C:\Program Files\Java\jdk-11.0.6\bin;D:\Tools\apache-maven-3.5.3\bin;C:\Program Files (x86)\Microsoft SQL Server\150\DTS\Binn\;C:\Program Files\Java\jdk-11.0.6\jre\bin;C:\Users\C21691\AppData\Local\Microsoft\WindowsApps;;C:\Users\C21691\Downloads\sts-4.18.1.RELEASE;;.]
2023-07-10 16:39:55.051 [localhost-startStop-1] INFO  org.apache.jasper.servlet.TldScanner - At least one JAR was scanned for TLDs yet contained no TLDs. Enable debug logging for this logger for a complete list of JARs that were scanned but no TLDs were found in them. Skipping unneeded JARs during scanning can improve startup time and JSP compilation time.
2023-07-10 16:39:55.063 [localhost-startStop-1] INFO  o.a.c.c.ContainerBase.[Tomcat].[localhost].[/CP] - Initializing Spring embedded WebApplicationContext
2023-07-10 16:39:55.064 [localhost-startStop-1] INFO  org.springframework.web.context.ContextLoader - Root WebApplicationContext: initialization completed in 3292 ms
2023-07-10 16:39:55.242 [localhost-startStop-1] INFO  o.s.boot.web.servlet.ServletRegistrationBean - Servlet dispatcherServlet mapped to [/]
2023-07-10 16:39:55.251 [localhost-startStop-1] INFO  o.s.boot.web.servlet.FilterRegistrationBean - Mapping filter: 'characterEncodingFilter' to: [/*]
2023-07-10 16:39:55.252 [localhost-startStop-1] INFO  o.s.boot.web.servlet.FilterRegistrationBean - Mapping filter: 'hiddenHttpMethodFilter' to: [/*]
2023-07-10 16:39:55.252 [localhost-startStop-1] INFO  o.s.boot.web.servlet.FilterRegistrationBean - Mapping filter: 'httpPutFormContentFilter' to: [/*]
2023-07-10 16:39:55.253 [localhost-startStop-1] INFO  o.s.boot.web.servlet.FilterRegistrationBean - Mapping filter: 'requestContextFilter' to: [/*]
2023-07-10 16:39:55.254 [localhost-startStop-1] INFO  o.s.boot.web.servlet.FilterRegistrationBean - Mapping filter: 'resourceUrlEncodingFilter' to: [/*]
2023-07-10 16:39:56.225 [main] INFO  o.s.web.servlet.handler.SimpleUrlHandlerMapping - Mapped URL path [/**/favicon.ico] onto handler of type [class org.springframework.web.servlet.resource.ResourceHttpRequestHandler]
2023-07-10 16:39:56.620 [main] INFO  o.s.w.s.m.m.a.RequestMappingHandlerAdapter - Looking for @ControllerAdvice: org.springframework.boot.web.servlet.context.AnnotationConfigServletWebServerApplicationContext@4b6166aa: startup date [Mon Jul 10 16:39:51 CST 2023]; root of context hierarchy
2023-07-10 16:39:56.764 [main] INFO  o.s.w.s.m.m.a.RequestMappingHandlerMapping - Mapped "{[/CP100],methods=[GET]}" onto public org.springframework.web.servlet.ModelAndView jp.co.iris.global.controller.CP100Controller.getViewsInfo(org.springframework.web.servlet.ModelAndView)
2023-07-10 16:39:56.766 [main] INFO  o.s.w.s.m.m.a.RequestMappingHandlerMapping - Mapped "{[/CP100/cpSearch],methods=[GET]}" onto public java.util.List<jp.co.iris.global.bean.CP100DataBean> jp.co.iris.global.controller.CP100Controller.cpSearch(java.lang.String)
2023-07-10 16:39:56.766 [main] INFO  o.s.w.s.m.m.a.RequestMappingHandlerMapping - Mapped "{[/CP100/csSearch],methods=[GET]}" onto public java.util.List<jp.co.iris.global.bean.CP100CsBindBean> jp.co.iris.global.controller.CP100Controller.csSearch(java.lang.String,java.lang.String)
2023-07-10 16:39:56.767 [main] INFO  o.s.w.s.m.m.a.RequestMappingHandlerMapping - Mapped "{[/CP100/plaza1Search],methods=[GET]}" onto public java.util.List<jp.co.iris.global.bean.CP100SEA0302Bean> jp.co.iris.global.controller.CP100Controller.plaza1Search(java.lang.String,java.lang.String)
2023-07-10 16:39:56.768 [main] INFO  o.s.w.s.m.m.a.RequestMappingHandlerMapping - Mapped "{[/CP100/asSearch],methods=[GET]}" onto public java.util.List<jp.co.iris.global.bean.CP100AsBindBean> jp.co.iris.global.controller.CP100Controller.asSearch(java.lang.String,java.lang.String)
2023-07-10 16:39:56.769 [main] INFO  o.s.w.s.m.m.a.RequestMappingHandlerMapping - Mapped "{[/CP100/azSearch],methods=[GET]}" onto public java.util.List<jp.co.iris.global.bean.CP100SLE0401Bean> jp.co.iris.global.controller.CP100Controller.azSearch(java.lang.String,java.lang.String)
2023-07-10 16:39:56.770 [main] INFO  o.s.w.s.m.m.a.RequestMappingHandlerMapping - Mapped "{[/CP100/plaza2Search],methods=[GET]}" onto public java.util.List<jp.co.iris.global.bean.CP100SEA0601Bean> jp.co.iris.global.controller.CP100Controller.plaza2Search(java.lang.String,java.lang.String)
2023-07-10 16:39:56.771 [main] INFO  o.s.w.s.m.m.a.RequestMappingHandlerMapping - Mapped "{[/CP100/authentication],methods=[GET]}" onto public org.springframework.web.servlet.ModelAndView jp.co.iris.global.controller.CP100Controller.authentication(java.lang.String,org.springframework.web.servlet.ModelAndView)
2023-07-10 16:39:56.780 [main] INFO  o.s.w.s.m.m.a.RequestMappingHandlerMapping - Mapped "{[/error]}" onto public org.springframework.http.ResponseEntity<java.util.Map<java.lang.String, java.lang.Object>> org.springframework.boot.autoconfigure.web.servlet.error.BasicErrorController.error(javax.servlet.http.HttpServletRequest)
2023-07-10 16:39:56.780 [main] INFO  o.s.w.s.m.m.a.RequestMappingHandlerMapping - Mapped "{[/error],produces=[text/html]}" onto public org.springframework.web.servlet.ModelAndView org.springframework.boot.autoconfigure.web.servlet.error.BasicErrorController.errorHtml(javax.servlet.http.HttpServletRequest,javax.servlet.http.HttpServletResponse)
2023-07-10 16:39:56.917 [main] INFO  o.s.web.servlet.handler.SimpleUrlHandlerMapping - Mapped URL path [/webjars/**] onto handler of type [class org.springframework.web.servlet.resource.ResourceHttpRequestHandler]
2023-07-10 16:39:56.917 [main] INFO  o.s.web.servlet.handler.SimpleUrlHandlerMapping - Mapped URL path [/**] onto handler of type [class org.springframework.web.servlet.resource.ResourceHttpRequestHandler]
2023-07-10 16:39:56.954 [main] INFO  o.s.w.s.m.m.a.ExceptionHandlerExceptionResolver - Detected @ExceptionHandler methods in globalExceptionHandler
2023-07-10 16:39:57.591 [main] INFO  o.s.jmx.export.annotation.AnnotationMBeanExporter - Registering beans for JMX exposure on startup
2023-07-10 16:39:57.594 [main] INFO  o.s.jmx.export.annotation.AnnotationMBeanExporter - Bean with name 'svr015' has been autodetected for JMX exposure
2023-07-10 16:39:57.594 [main] INFO  o.s.jmx.export.annotation.AnnotationMBeanExporter - Bean with name 'svr820' has been autodetected for JMX exposure
2023-07-10 16:39:57.595 [main] INFO  o.s.jmx.export.annotation.AnnotationMBeanExporter - Bean with name 'svr820fp' has been autodetected for JMX exposure
2023-07-10 16:39:57.602 [main] INFO  o.s.jmx.export.annotation.AnnotationMBeanExporter - Located MBean 'svr015': registering with JMX server as MBean [com.zaxxer.hikari:name=svr015,type=HikariDataSource]
2023-07-10 16:39:57.604 [main] INFO  o.s.jmx.export.annotation.AnnotationMBeanExporter - Located MBean 'svr820': registering with JMX server as MBean [com.zaxxer.hikari:name=svr820,type=HikariDataSource]
2023-07-10 16:39:57.607 [main] INFO  o.s.jmx.export.annotation.AnnotationMBeanExporter - Located MBean 'svr820fp': registering with JMX server as MBean [com.zaxxer.hikari:name=svr820fp,type=HikariDataSource]
2023-07-10 16:39:57.630 [main] INFO  org.apache.coyote.http11.Http11NioProtocol - Starting ProtocolHandler ["http-nio-8080"]
2023-07-10 16:39:57.637 [main] INFO  org.apache.tomcat.util.net.NioSelectorPool - Using a shared selector for servlet write/read
2023-07-10 16:39:57.678 [main] INFO  o.s.boot.web.embedded.tomcat.TomcatWebServer - Tomcat started on port(s): 8080 (http) with context path '/CP'
2023-07-10 16:39:57.683 [main] INFO  jp.co.iris.global.CPApplication - Started CPApplication in 6.643 seconds (JVM running for 7.392)
2023-07-10 16:40:06.780 [http-nio-8080-exec-1] INFO  o.a.c.c.ContainerBase.[Tomcat].[localhost].[/CP] - Initializing Spring FrameworkServlet 'dispatcherServlet'
2023-07-10 16:40:06.781 [http-nio-8080-exec-1] INFO  org.springframework.web.servlet.DispatcherServlet - FrameworkServlet 'dispatcherServlet': initialization started
2023-07-10 16:40:06.858 [http-nio-8080-exec-1] INFO  org.springframework.web.servlet.DispatcherServlet - FrameworkServlet 'dispatcherServlet': initialization completed in 75 ms
2023-07-10 16:40:14.945 [RMI TCP Connection(7)-127.0.0.1] INFO  o.s.b.a.SpringApplicationAdminMXBeanRegistrar$SpringApplicationAdmin - Application shutdown requested.
2023-07-10 16:40:14.947 [RMI TCP Connection(7)-127.0.0.1] INFO  o.s.b.w.s.c.AnnotationConfigServletWebServerApplicationContext - Closing org.springframework.boot.web.servlet.context.AnnotationConfigServletWebServerApplicationContext@4b6166aa: startup date [Mon Jul 10 16:39:51 CST 2023]; root of context hierarchy
2023-07-10 16:40:14.953 [RMI TCP Connection(7)-127.0.0.1] INFO  o.s.jmx.export.annotation.AnnotationMBeanExporter - Unregistering JMX-exposed beans on shutdown
2023-07-10 16:40:14.954 [RMI TCP Connection(7)-127.0.0.1] INFO  o.s.jmx.export.annotation.AnnotationMBeanExporter - Unregistering JMX-exposed beans
2023-07-10 17:42:19.381 [main] INFO  jp.co.iris.global.CPApplication - Starting CPApplication on D5564 with PID 4580 (\\SVRV14\ShareData\zhang\CP\target\classes started by c03822 in \\SVRV14\ShareData\zhang\CP)
2023-07-10 17:42:19.386 [main] INFO  jp.co.iris.global.CPApplication - No active profile set, falling back to default profiles: default
2023-07-10 17:42:19.476 [main] INFO  o.s.b.w.s.c.AnnotationConfigServletWebServerApplicationContext - Refreshing org.springframework.boot.web.servlet.context.AnnotationConfigServletWebServerApplicationContext@5922ae77: startup date [Mon Jul 10 17:42:19 JST 2023]; root of context hierarchy
2023-07-10 17:42:22.152 [main] INFO  o.s.b.f.a.AutowiredAnnotationBeanPostProcessor - JSR-330 'javax.inject.Inject' annotation found and supported for autowiring
2023-07-10 17:42:24.841 [main] INFO  o.s.boot.web.embedded.tomcat.TomcatWebServer - Tomcat initialized with port(s): 8080 (http)
2023-07-10 17:42:24.907 [main] INFO  org.apache.coyote.http11.Http11NioProtocol - Initializing ProtocolHandler ["http-nio-8080"]
2023-07-10 17:42:24.954 [main] INFO  org.apache.catalina.core.StandardService - Starting service [Tomcat]
2023-07-10 17:42:24.954 [main] INFO  org.apache.catalina.core.StandardEngine - Starting Servlet Engine: Apache Tomcat/8.5.34
2023-07-10 17:42:24.993 [localhost-startStop-1] INFO  org.apache.catalina.core.AprLifecycleListener - The APR based Apache Tomcat Native library which allows optimal performance in production environments was not found on the java.library.path: [C:\Java\jdk-11.0.6\bin;C:\Windows\Sun\Java\bin;C:\Windows\system32;C:\Windows;D:/sts-4.18.1.RELEASE//plugins/org.eclipse.justj.openjdk.hotspot.jre.full.win32.x86_64_17.0.7.v20230425-1502/jre/bin/server;D:/sts-4.18.1.RELEASE//plugins/org.eclipse.justj.openjdk.hotspot.jre.full.win32.x86_64_17.0.7.v20230425-1502/jre/bin;C:\Windows\system32;C:\Windows;C:\Windows\System32\Wbem;C:\Windows\System32\WindowsPowerShell\v1.0\;C:\Windows\System32\OpenSSH\;C:\Program Files (x86)\NVIDIA Corporation\PhysX\Common;C:\Program Files\NVIDIA Corporation\NVIDIA NvDLISR;C:\Program Files (x86)\Microsoft SQL Server\150\DTS\Binn\;C:\Java\jdk-11.0.6\bin;C:\Java\jdk-11.0.6\jre\bin;D:\zhang\apache-maven-3.5.3\bin;C:\Users\C03822\AppData\Local\Microsoft\WindowsApps;;D:\sts-4.18.1.RELEASE;;.]
2023-07-10 17:42:25.557 [localhost-startStop-1] INFO  org.apache.jasper.servlet.TldScanner - At least one JAR was scanned for TLDs yet contained no TLDs. Enable debug logging for this logger for a complete list of JARs that were scanned but no TLDs were found in them. Skipping unneeded JARs during scanning can improve startup time and JSP compilation time.
2023-07-10 17:42:25.574 [localhost-startStop-1] INFO  o.a.c.c.ContainerBase.[Tomcat].[localhost].[/CP] - Initializing Spring embedded WebApplicationContext
2023-07-10 17:42:25.580 [localhost-startStop-1] INFO  org.springframework.web.context.ContextLoader - Root WebApplicationContext: initialization completed in 6104 ms
2023-07-10 17:42:25.920 [localhost-startStop-1] INFO  o.s.boot.web.servlet.ServletRegistrationBean - Servlet dispatcherServlet mapped to [/]
2023-07-10 17:42:25.938 [localhost-startStop-1] INFO  o.s.boot.web.servlet.FilterRegistrationBean - Mapping filter: 'characterEncodingFilter' to: [/*]
2023-07-10 17:42:25.939 [localhost-startStop-1] INFO  o.s.boot.web.servlet.FilterRegistrationBean - Mapping filter: 'hiddenHttpMethodFilter' to: [/*]
2023-07-10 17:42:25.939 [localhost-startStop-1] INFO  o.s.boot.web.servlet.FilterRegistrationBean - Mapping filter: 'httpPutFormContentFilter' to: [/*]
2023-07-10 17:42:25.945 [localhost-startStop-1] INFO  o.s.boot.web.servlet.FilterRegistrationBean - Mapping filter: 'requestContextFilter' to: [/*]
2023-07-10 17:42:25.945 [localhost-startStop-1] INFO  o.s.boot.web.servlet.FilterRegistrationBean - Mapping filter: 'resourceUrlEncodingFilter' to: [/*]
2023-07-10 17:42:26.483 [main] INFO  com.zaxxer.hikari.HikariDataSource - HikariPool-1 - Starting...
2023-07-10 17:42:27.946 [main] INFO  com.zaxxer.hikari.HikariDataSource - HikariPool-1 - Start completed.
2023-07-10 17:42:29.341 [main] INFO  o.s.web.servlet.handler.SimpleUrlHandlerMapping - Mapped URL path [/**/favicon.ico] onto handler of type [class org.springframework.web.servlet.resource.ResourceHttpRequestHandler]
2023-07-10 17:42:29.916 [main] INFO  o.s.w.s.m.m.a.RequestMappingHandlerAdapter - Looking for @ControllerAdvice: org.springframework.boot.web.servlet.context.AnnotationConfigServletWebServerApplicationContext@5922ae77: startup date [Mon Jul 10 17:42:19 JST 2023]; root of context hierarchy
2023-07-10 17:42:30.187 [main] INFO  o.s.w.s.m.m.a.RequestMappingHandlerMapping - Mapped "{[/CP100/cpSearch],methods=[GET]}" onto public java.util.List<jp.co.iris.global.bean.CP100DataBean> jp.co.iris.global.controller.CP100Controller.cpSearch(java.lang.String)
2023-07-10 17:42:30.192 [main] INFO  o.s.w.s.m.m.a.RequestMappingHandlerMapping - Mapped "{[/CP100/plaza1Search],methods=[GET]}" onto public java.util.List<jp.co.iris.global.bean.CP100SEA0302Bean> jp.co.iris.global.controller.CP100Controller.plaza1Search(java.lang.String,java.lang.String)
2023-07-10 17:42:30.194 [main] INFO  o.s.w.s.m.m.a.RequestMappingHandlerMapping - Mapped "{[/CP100/plaza2Search],methods=[GET]}" onto public java.util.List<jp.co.iris.global.bean.CP100SEA0601Bean> jp.co.iris.global.controller.CP100Controller.plaza2Search(java.lang.String,java.lang.String)
2023-07-10 17:42:30.195 [main] INFO  o.s.w.s.m.m.a.RequestMappingHandlerMapping - Mapped "{[/CP100],methods=[GET]}" onto public org.springframework.web.servlet.ModelAndView jp.co.iris.global.controller.CP100Controller.getViewsInfo(org.springframework.web.servlet.ModelAndView)
2023-07-10 17:42:30.197 [main] INFO  o.s.w.s.m.m.a.RequestMappingHandlerMapping - Mapped "{[/CP100/asSearch],methods=[GET]}" onto public java.util.List<jp.co.iris.global.bean.CP100AsBindBean> jp.co.iris.global.controller.CP100Controller.asSearch(java.lang.String,java.lang.String)
2023-07-10 17:42:30.198 [main] INFO  o.s.w.s.m.m.a.RequestMappingHandlerMapping - Mapped "{[/CP100/azSearch],methods=[GET]}" onto public java.util.List<jp.co.iris.global.bean.CP100SLE0401Bean> jp.co.iris.global.controller.CP100Controller.azSearch(java.lang.String,java.lang.String)
2023-07-10 17:42:30.202 [main] INFO  o.s.w.s.m.m.a.RequestMappingHandlerMapping - Mapped "{[/CP100/csSearch],methods=[GET]}" onto public java.util.List<jp.co.iris.global.bean.CP100CsBindBean> jp.co.iris.global.controller.CP100Controller.csSearch(java.lang.String,java.lang.String)
2023-07-10 17:42:30.202 [main] INFO  o.s.w.s.m.m.a.RequestMappingHandlerMapping - Mapped "{[/CP100/authentication],methods=[GET]}" onto public org.springframework.web.servlet.ModelAndView jp.co.iris.global.controller.CP100Controller.authentication(java.lang.String,org.springframework.web.servlet.ModelAndView)
2023-07-10 17:42:30.217 [main] INFO  o.s.w.s.m.m.a.RequestMappingHandlerMapping - Mapped "{[/error]}" onto public org.springframework.http.ResponseEntity<java.util.Map<java.lang.String, java.lang.Object>> org.springframework.boot.autoconfigure.web.servlet.error.BasicErrorController.error(javax.servlet.http.HttpServletRequest)
2023-07-10 17:42:30.218 [main] INFO  o.s.w.s.m.m.a.RequestMappingHandlerMapping - Mapped "{[/error],produces=[text/html]}" onto public org.springframework.web.servlet.ModelAndView org.springframework.boot.autoconfigure.web.servlet.error.BasicErrorController.errorHtml(javax.servlet.http.HttpServletRequest,javax.servlet.http.HttpServletResponse)
2023-07-10 17:42:30.459 [main] INFO  o.s.web.servlet.handler.SimpleUrlHandlerMapping - Mapped URL path [/webjars/**] onto handler of type [class org.springframework.web.servlet.resource.ResourceHttpRequestHandler]
2023-07-10 17:42:30.460 [main] INFO  o.s.web.servlet.handler.SimpleUrlHandlerMapping - Mapped URL path [/**] onto handler of type [class org.springframework.web.servlet.resource.ResourceHttpRequestHandler]
2023-07-10 17:42:30.554 [main] INFO  o.s.w.s.m.m.a.ExceptionHandlerExceptionResolver - Detected @ExceptionHandler methods in globalExceptionHandler
2023-07-10 17:42:31.631 [main] INFO  o.s.jmx.export.annotation.AnnotationMBeanExporter - Registering beans for JMX exposure on startup
2023-07-10 17:42:31.638 [main] INFO  o.s.jmx.export.annotation.AnnotationMBeanExporter - Bean with name 'svr015' has been autodetected for JMX exposure
2023-07-10 17:42:31.640 [main] INFO  o.s.jmx.export.annotation.AnnotationMBeanExporter - Bean with name 'svr820' has been autodetected for JMX exposure
2023-07-10 17:42:31.641 [main] INFO  o.s.jmx.export.annotation.AnnotationMBeanExporter - Bean with name 'svr820fp' has been autodetected for JMX exposure
2023-07-10 17:42:31.656 [main] INFO  o.s.jmx.export.annotation.AnnotationMBeanExporter - Located MBean 'svr015': registering with JMX server as MBean [com.zaxxer.hikari:name=svr015,type=HikariDataSource]
2023-07-10 17:42:31.669 [main] INFO  o.s.jmx.export.annotation.AnnotationMBeanExporter - Located MBean 'svr820': registering with JMX server as MBean [com.zaxxer.hikari:name=svr820,type=HikariDataSource]
2023-07-10 17:42:31.676 [main] INFO  o.s.jmx.export.annotation.AnnotationMBeanExporter - Located MBean 'svr820fp': registering with JMX server as MBean [com.zaxxer.hikari:name=svr820fp,type=HikariDataSource]
2023-07-10 17:42:31.726 [main] INFO  org.apache.coyote.http11.Http11NioProtocol - Starting ProtocolHandler ["http-nio-8080"]
2023-07-10 17:42:31.738 [main] INFO  org.apache.tomcat.util.net.NioSelectorPool - Using a shared selector for servlet write/read
2023-07-10 17:42:31.814 [main] INFO  o.s.boot.web.embedded.tomcat.TomcatWebServer - Tomcat started on port(s): 8080 (http) with context path '/CP'
2023-07-10 17:42:31.824 [main] INFO  jp.co.iris.global.CPApplication - Started CPApplication in 13.404 seconds (JVM running for 14.454)
2023-07-10 17:42:39.337 [http-nio-8080-exec-1] INFO  o.a.c.c.ContainerBase.[Tomcat].[localhost].[/CP] - Initializing Spring FrameworkServlet 'dispatcherServlet'
2023-07-10 17:42:39.339 [http-nio-8080-exec-1] INFO  org.springframework.web.servlet.DispatcherServlet - FrameworkServlet 'dispatcherServlet': initialization started
2023-07-10 17:42:39.431 [http-nio-8080-exec-1] INFO  org.springframework.web.servlet.DispatcherServlet - FrameworkServlet 'dispatcherServlet': initialization completed in 89 ms
2023-07-10 17:42:39.656 [http-nio-8080-exec-1] INFO  jp.co.iris.global.utils.LogUtils - IP Address 0:0:0:0:0:0:0:1 : jp.co.iris.global.utils.HttpUtils : post : 39 : HttpUtils post url: http://svr601/authentication.php
2023-07-10 17:42:52.069 [http-nio-8080-exec-8] INFO  o.s.beans.factory.xml.XmlBeanDefinitionReader - Loading XML bean definitions from class path resource [org/springframework/jdbc/support/sql-error-codes.xml]
2023-07-10 17:44:26.561 [RMI TCP Connection(10)-127.0.0.1] INFO  o.s.b.a.SpringApplicationAdminMXBeanRegistrar$SpringApplicationAdmin - Application shutdown requested.
2023-07-10 17:44:26.564 [RMI TCP Connection(10)-127.0.0.1] INFO  o.s.b.w.s.c.AnnotationConfigServletWebServerApplicationContext - Closing org.springframework.boot.web.servlet.context.AnnotationConfigServletWebServerApplicationContext@5922ae77: startup date [Mon Jul 10 17:42:19 JST 2023]; root of context hierarchy
2023-07-10 17:44:26.577 [RMI TCP Connection(10)-127.0.0.1] INFO  o.s.jmx.export.annotation.AnnotationMBeanExporter - Unregistering JMX-exposed beans on shutdown
2023-07-10 17:44:26.581 [RMI TCP Connection(10)-127.0.0.1] INFO  o.s.jmx.export.annotation.AnnotationMBeanExporter - Unregistering JMX-exposed beans
2023-07-10 17:44:26.596 [RMI TCP Connection(10)-127.0.0.1] INFO  com.zaxxer.hikari.HikariDataSource - HikariPool-1 - Shutdown initiated...
2023-07-10 17:44:26.612 [RMI TCP Connection(10)-127.0.0.1] INFO  com.zaxxer.hikari.HikariDataSource - HikariPool-1 - Shutdown completed.
2023-07-10 17:45:03.971 [main] INFO  jp.co.iris.global.CPApplication - Starting CPApplication on D5564 with PID 17400 (\\SVRV14\ShareData\zhang\CP\target\classes started by c03822 in \\SVRV14\ShareData\zhang\CP)
2023-07-10 17:45:03.976 [main] INFO  jp.co.iris.global.CPApplication - No active profile set, falling back to default profiles: default
2023-07-10 17:45:04.078 [main] INFO  o.s.b.w.s.c.AnnotationConfigServletWebServerApplicationContext - Refreshing org.springframework.boot.web.servlet.context.AnnotationConfigServletWebServerApplicationContext@56102e1c: startup date [Mon Jul 10 17:45:04 JST 2023]; root of context hierarchy
2023-07-10 17:45:07.014 [main] INFO  o.s.b.f.a.AutowiredAnnotationBeanPostProcessor - JSR-330 'javax.inject.Inject' annotation found and supported for autowiring
2023-07-10 17:45:09.572 [main] INFO  o.s.boot.web.embedded.tomcat.TomcatWebServer - Tomcat initialized with port(s): 8080 (http)
2023-07-10 17:45:09.636 [main] INFO  org.apache.coyote.http11.Http11NioProtocol - Initializing ProtocolHandler ["http-nio-8080"]
2023-07-10 17:45:09.679 [main] INFO  org.apache.catalina.core.StandardService - Starting service [Tomcat]
2023-07-10 17:45:09.680 [main] INFO  org.apache.catalina.core.StandardEngine - Starting Servlet Engine: Apache Tomcat/8.5.34
2023-07-10 17:45:09.702 [localhost-startStop-1] INFO  org.apache.catalina.core.AprLifecycleListener - The APR based Apache Tomcat Native library which allows optimal performance in production environments was not found on the java.library.path: [C:\Java\jdk-11.0.6\bin;C:\Windows\Sun\Java\bin;C:\Windows\system32;C:\Windows;D:/sts-4.18.1.RELEASE//plugins/org.eclipse.justj.openjdk.hotspot.jre.full.win32.x86_64_17.0.7.v20230425-1502/jre/bin/server;D:/sts-4.18.1.RELEASE//plugins/org.eclipse.justj.openjdk.hotspot.jre.full.win32.x86_64_17.0.7.v20230425-1502/jre/bin;C:\Windows\system32;C:\Windows;C:\Windows\System32\Wbem;C:\Windows\System32\WindowsPowerShell\v1.0\;C:\Windows\System32\OpenSSH\;C:\Program Files (x86)\NVIDIA Corporation\PhysX\Common;C:\Program Files\NVIDIA Corporation\NVIDIA NvDLISR;C:\Program Files (x86)\Microsoft SQL Server\150\DTS\Binn\;C:\Java\jdk-11.0.6\bin;C:\Java\jdk-11.0.6\jre\bin;D:\zhang\apache-maven-3.5.3\bin;C:\Users\C03822\AppData\Local\Microsoft\WindowsApps;;D:\sts-4.18.1.RELEASE;;.]
2023-07-10 17:45:10.256 [localhost-startStop-1] INFO  org.apache.jasper.servlet.TldScanner - At least one JAR was scanned for TLDs yet contained no TLDs. Enable debug logging for this logger for a complete list of JARs that were scanned but no TLDs were found in them. Skipping unneeded JARs during scanning can improve startup time and JSP compilation time.
2023-07-10 17:45:10.266 [localhost-startStop-1] INFO  o.a.c.c.ContainerBase.[Tomcat].[localhost].[/CP] - Initializing Spring embedded WebApplicationContext
2023-07-10 17:45:10.269 [localhost-startStop-1] INFO  org.springframework.web.context.ContextLoader - Root WebApplicationContext: initialization completed in 6191 ms
2023-07-10 17:45:10.550 [localhost-startStop-1] INFO  o.s.boot.web.servlet.ServletRegistrationBean - Servlet dispatcherServlet mapped to [/]
2023-07-10 17:45:10.571 [localhost-startStop-1] INFO  o.s.boot.web.servlet.FilterRegistrationBean - Mapping filter: 'characterEncodingFilter' to: [/*]
2023-07-10 17:45:10.572 [localhost-startStop-1] INFO  o.s.boot.web.servlet.FilterRegistrationBean - Mapping filter: 'hiddenHttpMethodFilter' to: [/*]
2023-07-10 17:45:10.573 [localhost-startStop-1] INFO  o.s.boot.web.servlet.FilterRegistrationBean - Mapping filter: 'httpPutFormContentFilter' to: [/*]
2023-07-10 17:45:10.576 [localhost-startStop-1] INFO  o.s.boot.web.servlet.FilterRegistrationBean - Mapping filter: 'requestContextFilter' to: [/*]
2023-07-10 17:45:10.577 [localhost-startStop-1] INFO  o.s.boot.web.servlet.FilterRegistrationBean - Mapping filter: 'resourceUrlEncodingFilter' to: [/*]
2023-07-10 17:45:11.149 [main] INFO  com.zaxxer.hikari.HikariDataSource - HikariPool-1 - Starting...
2023-07-10 17:45:12.631 [main] INFO  com.zaxxer.hikari.HikariDataSource - HikariPool-1 - Start completed.
2023-07-10 17:45:14.060 [main] INFO  o.s.web.servlet.handler.SimpleUrlHandlerMapping - Mapped URL path [/**/favicon.ico] onto handler of type [class org.springframework.web.servlet.resource.ResourceHttpRequestHandler]
2023-07-10 17:45:14.653 [main] INFO  o.s.w.s.m.m.a.RequestMappingHandlerAdapter - Looking for @ControllerAdvice: org.springframework.boot.web.servlet.context.AnnotationConfigServletWebServerApplicationContext@56102e1c: startup date [Mon Jul 10 17:45:04 JST 2023]; root of context hierarchy
2023-07-10 17:45:14.946 [main] INFO  o.s.w.s.m.m.a.RequestMappingHandlerMapping - Mapped "{[/CP100/cpSearch],methods=[GET]}" onto public java.util.List<jp.co.iris.global.bean.CP100DataBean> jp.co.iris.global.controller.CP100Controller.cpSearch(java.lang.String)
2023-07-10 17:45:14.950 [main] INFO  o.s.w.s.m.m.a.RequestMappingHandlerMapping - Mapped "{[/CP100/csSearch],methods=[GET]}" onto public java.util.List<jp.co.iris.global.bean.CP100CsBindBean> jp.co.iris.global.controller.CP100Controller.csSearch(java.lang.String,java.lang.String)
2023-07-10 17:45:14.953 [main] INFO  o.s.w.s.m.m.a.RequestMappingHandlerMapping - Mapped "{[/CP100/asSearch],methods=[GET]}" onto public java.util.List<jp.co.iris.global.bean.CP100AsBindBean> jp.co.iris.global.controller.CP100Controller.asSearch(java.lang.String,java.lang.String)
2023-07-10 17:45:14.953 [main] INFO  o.s.w.s.m.m.a.RequestMappingHandlerMapping - Mapped "{[/CP100/azSearch],methods=[GET]}" onto public java.util.List<jp.co.iris.global.bean.CP100SLE0401Bean> jp.co.iris.global.controller.CP100Controller.azSearch(java.lang.String,java.lang.String)
2023-07-10 17:45:14.956 [main] INFO  o.s.w.s.m.m.a.RequestMappingHandlerMapping - Mapped "{[/CP100/plaza1Search],methods=[GET]}" onto public java.util.List<jp.co.iris.global.bean.CP100SEA0302Bean> jp.co.iris.global.controller.CP100Controller.plaza1Search(java.lang.String,java.lang.String)
2023-07-10 17:45:14.956 [main] INFO  o.s.w.s.m.m.a.RequestMappingHandlerMapping - Mapped "{[/CP100],methods=[GET]}" onto public org.springframework.web.servlet.ModelAndView jp.co.iris.global.controller.CP100Controller.getViewsInfo(org.springframework.web.servlet.ModelAndView)
2023-07-10 17:45:14.959 [main] INFO  o.s.w.s.m.m.a.RequestMappingHandlerMapping - Mapped "{[/CP100/plaza2Search],methods=[GET]}" onto public java.util.List<jp.co.iris.global.bean.CP100SEA0601Bean> jp.co.iris.global.controller.CP100Controller.plaza2Search(java.lang.String,java.lang.String)
2023-07-10 17:45:14.959 [main] INFO  o.s.w.s.m.m.a.RequestMappingHandlerMapping - Mapped "{[/CP100/authentication],methods=[GET]}" onto public org.springframework.web.servlet.ModelAndView jp.co.iris.global.controller.CP100Controller.authentication(java.lang.String,org.springframework.web.servlet.ModelAndView)
2023-07-10 17:45:14.974 [main] INFO  o.s.w.s.m.m.a.RequestMappingHandlerMapping - Mapped "{[/error]}" onto public org.springframework.http.ResponseEntity<java.util.Map<java.lang.String, java.lang.Object>> org.springframework.boot.autoconfigure.web.servlet.error.BasicErrorController.error(javax.servlet.http.HttpServletRequest)
2023-07-10 17:45:14.975 [main] INFO  o.s.w.s.m.m.a.RequestMappingHandlerMapping - Mapped "{[/error],produces=[text/html]}" onto public org.springframework.web.servlet.ModelAndView org.springframework.boot.autoconfigure.web.servlet.error.BasicErrorController.errorHtml(javax.servlet.http.HttpServletRequest,javax.servlet.http.HttpServletResponse)
2023-07-10 17:45:15.229 [main] INFO  o.s.web.servlet.handler.SimpleUrlHandlerMapping - Mapped URL path [/webjars/**] onto handler of type [class org.springframework.web.servlet.resource.ResourceHttpRequestHandler]
2023-07-10 17:45:15.230 [main] INFO  o.s.web.servlet.handler.SimpleUrlHandlerMapping - Mapped URL path [/**] onto handler of type [class org.springframework.web.servlet.resource.ResourceHttpRequestHandler]
2023-07-10 17:45:15.288 [main] INFO  o.s.w.s.m.m.a.ExceptionHandlerExceptionResolver - Detected @ExceptionHandler methods in globalExceptionHandler
2023-07-10 17:45:16.359 [main] INFO  o.s.jmx.export.annotation.AnnotationMBeanExporter - Registering beans for JMX exposure on startup
2023-07-10 17:45:16.365 [main] INFO  o.s.jmx.export.annotation.AnnotationMBeanExporter - Bean with name 'svr015' has been autodetected for JMX exposure
2023-07-10 17:45:16.367 [main] INFO  o.s.jmx.export.annotation.AnnotationMBeanExporter - Bean with name 'svr820' has been autodetected for JMX exposure
2023-07-10 17:45:16.368 [main] INFO  o.s.jmx.export.annotation.AnnotationMBeanExporter - Bean with name 'svr820fp' has been autodetected for JMX exposure
2023-07-10 17:45:16.378 [main] INFO  o.s.jmx.export.annotation.AnnotationMBeanExporter - Located MBean 'svr015': registering with JMX server as MBean [com.zaxxer.hikari:name=svr015,type=HikariDataSource]
2023-07-10 17:45:16.382 [main] INFO  o.s.jmx.export.annotation.AnnotationMBeanExporter - Located MBean 'svr820': registering with JMX server as MBean [com.zaxxer.hikari:name=svr820,type=HikariDataSource]
2023-07-10 17:45:16.385 [main] INFO  o.s.jmx.export.annotation.AnnotationMBeanExporter - Located MBean 'svr820fp': registering with JMX server as MBean [com.zaxxer.hikari:name=svr820fp,type=HikariDataSource]
2023-07-10 17:45:16.416 [main] INFO  org.apache.coyote.http11.Http11NioProtocol - Starting ProtocolHandler ["http-nio-8080"]
2023-07-10 17:45:16.425 [main] INFO  org.apache.tomcat.util.net.NioSelectorPool - Using a shared selector for servlet write/read
2023-07-10 17:45:16.500 [main] INFO  o.s.boot.web.embedded.tomcat.TomcatWebServer - Tomcat started on port(s): 8080 (http) with context path '/CP'
2023-07-10 17:45:16.508 [main] INFO  jp.co.iris.global.CPApplication - Started CPApplication in 13.535 seconds (JVM running for 14.589)
2023-07-10 17:45:28.899 [http-nio-8080-exec-1] INFO  o.a.c.c.ContainerBase.[Tomcat].[localhost].[/CP] - Initializing Spring FrameworkServlet 'dispatcherServlet'
2023-07-10 17:45:28.901 [http-nio-8080-exec-1] INFO  org.springframework.web.servlet.DispatcherServlet - FrameworkServlet 'dispatcherServlet': initialization started
2023-07-10 17:45:29.007 [http-nio-8080-exec-1] INFO  org.springframework.web.servlet.DispatcherServlet - FrameworkServlet 'dispatcherServlet': initialization completed in 104 ms
2023-07-10 17:45:29.195 [http-nio-8080-exec-1] INFO  jp.co.iris.global.utils.LogUtils - IP Address 0:0:0:0:0:0:0:1 : jp.co.iris.global.utils.HttpUtils : post : 39 : HttpUtils post url: http://svr601/authentication.php
2023-07-10 17:45:41.545 [http-nio-8080-exec-8] INFO  com.zaxxer.hikari.HikariDataSource - HikariPool-2 - Starting...
2023-07-10 17:45:42.604 [http-nio-8080-exec-8] INFO  com.zaxxer.hikari.HikariDataSource - HikariPool-2 - Start completed.
2023-07-10 17:45:43.076 [http-nio-8080-exec-8] INFO  com.zaxxer.hikari.HikariDataSource - HikariPool-3 - Starting...
2023-07-10 17:45:44.133 [http-nio-8080-exec-8] INFO  com.zaxxer.hikari.HikariDataSource - HikariPool-3 - Start completed.
2023-07-10 17:45:44.311 [http-nio-8080-exec-7] INFO  com.zaxxer.hikari.HikariDataSource - HikariPool-4 - Starting...
2023-07-10 17:45:44.338 [http-nio-8080-exec-7] INFO  com.zaxxer.hikari.HikariDataSource - HikariPool-4 - Start completed.
2023-07-10 17:45:44.433 [http-nio-8080-exec-5] INFO  com.zaxxer.hikari.HikariDataSource - HikariPool-5 - Starting...
2023-07-10 17:45:44.457 [http-nio-8080-exec-5] INFO  com.zaxxer.hikari.HikariDataSource - HikariPool-5 - Start completed.
2023-07-11 11:39:27.282 [RMI TCP Connection(1084)-127.0.0.1] INFO  o.s.b.a.SpringApplicationAdminMXBeanRegistrar$SpringApplicationAdmin - Application shutdown requested.
2023-07-11 11:39:27.285 [RMI TCP Connection(1084)-127.0.0.1] INFO  o.s.b.w.s.c.AnnotationConfigServletWebServerApplicationContext - Closing org.springframework.boot.web.servlet.context.AnnotationConfigServletWebServerApplicationContext@56102e1c: startup date [Mon Jul 10 17:45:04 JST 2023]; root of context hierarchy
2023-07-11 11:39:27.291 [RMI TCP Connection(1084)-127.0.0.1] INFO  o.s.jmx.export.annotation.AnnotationMBeanExporter - Unregistering JMX-exposed beans on shutdown
2023-07-11 11:39:27.292 [RMI TCP Connection(1084)-127.0.0.1] INFO  o.s.jmx.export.annotation.AnnotationMBeanExporter - Unregistering JMX-exposed beans
2023-07-11 11:39:27.297 [RMI TCP Connection(1084)-127.0.0.1] INFO  com.zaxxer.hikari.HikariDataSource - HikariPool-5 - Shutdown initiated...
2023-07-11 11:39:27.303 [RMI TCP Connection(1084)-127.0.0.1] INFO  com.zaxxer.hikari.HikariDataSource - HikariPool-5 - Shutdown completed.
2023-07-11 11:39:27.305 [RMI TCP Connection(1084)-127.0.0.1] INFO  com.zaxxer.hikari.HikariDataSource - HikariPool-4 - Shutdown initiated...
2023-07-11 11:39:27.309 [RMI TCP Connection(1084)-127.0.0.1] INFO  com.zaxxer.hikari.HikariDataSource - HikariPool-4 - Shutdown completed.
2023-07-11 11:39:27.310 [RMI TCP Connection(1084)-127.0.0.1] INFO  com.zaxxer.hikari.HikariDataSource - HikariPool-1 - Shutdown initiated...
2023-07-11 11:39:27.314 [RMI TCP Connection(1084)-127.0.0.1] INFO  com.zaxxer.hikari.HikariDataSource - HikariPool-1 - Shutdown completed.
