2023-07-10 16:07:22.797 [main] WARN  o.s.b.w.s.c.AnnotationConfigServletWebServerApplicationContext - Exception encountered during context initialization - cancelling refresh attempt: org.springframework.beans.factory.UnsatisfiedDependencyException: Error creating bean with name 'CP100Controller': Unsatisfied dependency expressed through field 'cp100Service'; nested exception is org.springframework.beans.factory.UnsatisfiedDependencyException: Error creating bean with name 'CP100Service': Unsatisfied dependency expressed through field 'cp100Manager'; nested exception is org.springframework.beans.factory.UnsatisfiedDependencyException: Error creating bean with name 'CP100Manager': Unsatisfied dependency expressed through field 'cp100Mapper'; nested exception is org.springframework.beans.factory.UnsatisfiedDependencyException: Error creating bean with name 'CP100Mapper' defined in file [\\SVRV14\ShareData\zhang\CP\target\classes\jp\co\iris\global\mapper\CP100Mapper.class]: Unsatisfied dependency expressed through bean property 'sqlSessionFactory'; nested exception is org.springframework.beans.factory.UnsatisfiedDependencyException: Error creating bean with name 'sqlSessionFactory' defined in class path resource [org/mybatis/spring/boot/autoconfigure/MybatisAutoConfiguration.class]: Unsatisfied dependency expressed through method 'sqlSessionFactory' parameter 0; nested exception is org.springframework.beans.factory.BeanCreationException: Error creating bean with name 'dynamicDataSource' defined in class path resource [jp/co/iris/global/config/DataSourceConfig.class]: Bean instantiation via factory method failed; nested exception is org.springframework.beans.BeanInstantiationException: Failed to instantiate [javax.sql.DataSource]: Factory method 'dynamicDataSource' threw exception; nested exception is org.springframework.jdbc.UncategorizedSQLException: StatementCallback; uncategorized SQLException for SQL [{call MADB.dbo.SCPR10001()}]; SQL state [S00062]; error code [2812]; ストアド プロシージャ 'MADB.dbo.SCPR10001' が見つかりませんでした。; nested exception is com.microsoft.sqlserver.jdbc.SQLServerException: ストアド プロシージャ 'MADB.dbo.SCPR10001' が見つかりませんでした。
2023-07-10 17:10:05.834 [http-nio-8080-exec-5] WARN  o.s.w.s.m.m.a.ExceptionHandlerExceptionResolver - Resolved [org.apache.ibatis.binding.BindingException: Invalid bound statement (not found): jp.co.iris.global.mapper.CP100Mapper.get020CPList]
2023-07-10 17:13:12.288 [http-nio-8080-exec-5] WARN  o.s.w.s.m.m.a.ExceptionHandlerExceptionResolver - Resolved [org.apache.ibatis.binding.BindingException: Invalid bound statement (not found): jp.co.iris.global.mapper.CP100Mapper.get020CPList]
2023-07-10 16:34:02.265 [http-nio-8080-exec-5] WARN  o.s.w.s.m.m.a.ExceptionHandlerExceptionResolver - Resolved [java.lang.NullPointerException]
2023-07-10 16:35:52.969 [http-nio-8080-exec-9] WARN  o.s.w.s.m.m.a.ExceptionHandlerExceptionResolver - Resolved [org.apache.ibatis.binding.BindingException: Invalid bound statement (not found): jp.co.iris.global.mapper.CP100Mapper.get020CPList]
2023-07-10 16:38:49.841 [http-nio-8080-exec-10] WARN  o.s.w.s.m.m.a.ExceptionHandlerExceptionResolver - Resolved [org.apache.ibatis.binding.BindingException: Invalid bound statement (not found): jp.co.iris.global.mapper.CP100Mapper.get020CPList]
2023-07-10 16:40:09.621 [http-nio-8080-exec-3] WARN  o.s.w.s.m.m.a.ExceptionHandlerExceptionResolver - Resolved [org.mybatis.spring.MyBatisSystemException: nested exception is org.apache.ibatis.exceptions.PersistenceException: 
### Error querying database.  Cause: org.springframework.jdbc.CannotGetJdbcConnectionException: Failed to obtain JDBC Connection: Cannot determine target DataSource for lookup key [null]
### The error may exist in jp/co/iris/global/mapper/CP100Mapper.xml
### The error may involve jp.co.iris.global.mapper.CP100Mapper.get020CPList
### The error occurred while executing a query
### Cause: org.springframework.jdbc.CannotGetJdbcConnectionException: Failed to obtain JDBC Connection: Cannot determine target DataSource for lookup key [null]]
2023-07-10 17:42:52.246 [http-nio-8080-exec-8] WARN  o.s.w.s.m.m.a.ExceptionHandlerExceptionResolver - Resolved [org.springframework.jdbc.UncategorizedSQLException: 
### Error querying database.  Cause: com.microsoft.sqlserver.jdbc.SQLServerException: 数据库 'CPDB' 不存在。请确保正确地输入了该名称。
### The error may exist in jp/co/iris/global/mapper/CP100Mapper.xml
### The error may involve defaultParameterMap
### The error occurred while setting parameters
### SQL: EXEC CPDB.dbo.SCPR001   ?
### Cause: com.microsoft.sqlserver.jdbc.SQLServerException: 数据库 'CPDB' 不存在。请确保正确地输入了该名称。
; uncategorized SQLException; SQL state [S0004]; error code [911]; 数据库 'CPDB' 不存在。请确保正确地输入了该名称。; nested exception is com.microsoft.sqlserver.jdbc.SQLServerException: 数据库 'CPDB' 不存在。请确保正确地输入了该名称。]
